#
# A fatal error has been detected by the Java Runtime Environment:
#
#  SIGSEGV (0xb) at pc=0x000000012c3c8cdd, pid=2943, tid=0x000000000000c803
#
# JRE version: Java(TM) SE Runtime Environment (8.0_101-b13) (build 1.8.0_101-b13)
# Java VM: Java HotSpot(TM) 64-Bit Server VM (25.101-b13 mixed mode bsd-amd64 compressed oops)
# Problematic frame:
# C  [libawt_lwawt.dylib+0x1acdd]  OGLSD_SetScratchSurface+0x49
#
# Failed to write core dump. Core dumps have been disabled. To enable core dumping, try "ulimit -c unlimited" before starting Java again
#
# If you would like to submit a bug report, please visit:
#   http://bugreport.java.com/bugreport/crash.jsp
# The crash happened outside the Java Virtual Machine in native code.
# See problematic frame for where to report the bug.
#

---------------  T H R E A D  ---------------

Current thread (0x00007f89b48b9800):  JavaThread "Java2D Queue Flusher" daemon [_thread_in_native, id=51203, stack(0x0000700002100000,0x0000700002200000)]

siginfo: si_signo: 11 (SIGSEGV), si_code: 1 (SEGV_MAPERR), si_addr: 0x0000000000000002

Registers:
RAX=0x000000012c3e92fa, RBX=0x0000000000000002, RCX=0x0000000000000047, RDX=0x000000012c3e9844
RSP=0x00007000021ff730, RBP=0x00007000021ff750, RSI=0x00007f89b3d29040, RDI=0x00007f89b48b99f8
R8 =0x0000000000000080, R9 =0xffffffff00000000, R10=0x0000000111e66278, R11=0x0000000111e62500
R12=0x0000000000000000, R13=0x00007000021ff8e8, R14=0x00007f89b48b99f8, R15=0x00007f89b48b9800
RIP=0x000000012c3c8cdd, EFLAGS=0x0000000000010202, ERR=0x0000000000000004
  TRAPNO=0x000000000000000e

Top of Stack: (sp=0x00007000021ff730)
0x00007000021ff730:   00007f89b3d29040 0000000000000000
0x00007000021ff740:   00007f89b48e5410 00007f89b48b9800
0x00007000021ff750:   00007000021ff7d0 000000012c3e9322
0x00007000021ff760:   00007f89b3e61d00 0000000200000001
0x00007000021ff770:   0000000000000000 00007000021ff800
0x00007000021ff780:   0000000000000000 0000000000000000
0x00007000021ff790:   00007000021ff7d0 00007f89b48e5420
0x00007000021ff7a0:   0000000000f06190 00007f89b48b99f8
0x00007000021ff7b0:   0000000161047758 0000000000000000
0x00007000021ff7c0:   00007000021ff968 00007f89b48b9800
0x00007000021ff7d0:   00007000021ff820 0000000111e662ea
0x00007000021ff7e0:   000000076f5c2f60 000000010ed35f98
0x00007000021ff7f0:   0000000000000064 0000000000000000
0x00007000021ff800:   0000000000000064 00007f89b3e614d8
0x00007000021ff810:   00007000021ff870 000000010eb4ea1c
0x00007000021ff820:   00007000021ff940 0000000111e62afc
0x00007000021ff830:   0000000000000001 00007f89b3e62400
0x00007000021ff840:   000000076f580700 00007f89b48b9800
0x00007000021ff850:   00007f89b48b9800 00000001110b4a00
0x00007000021ff860:   00007000021ff968 00007f89b48b9800
0x00007000021ff870:   00007000021ff8c0 0000000111e27328
0x00007000021ff880:   000000076f5c2f60 0000000111d9e7e6
0x00007000021ff890:   00007000021ff940 0000000111e6255c
0x00007000021ff8a0:   000000013008c3cc 00007000021ff8e8
0x00007000021ff8b0:   000000013008c448 0000000000000000
0x00007000021ff8c0:   00007000021ff940 0000000111a7a2bd
0x00007000021ff8d0:   00007000021ff940 0000000111a7a2bd
0x00007000021ff8e0:   0000000111a7a2bd 000000076f5c2f60
0x00007000021ff8f0:   0000000000000001 000000076f5807b0
0x00007000021ff900:   00007000021ff8f0 00000001115453f9
0x00007000021ff910:   00007000021ff968 0000000111547310
0x00007000021ff920:   0000000000000000 0000000111545500 

Instructions: (pc=0x000000012c3c8cdd)
0x000000012c3c8cbd:   c0 e9 82 00 00 00 48 8b 5e 10 48 85 db 75 0e bf
0x000000012c3c8ccd:   01 00 00 00 48 8d 15 ef 76 03 00 eb d6 49 89 fe
0x000000012c3c8cdd:   4c 8b 3b 30 c0 e8 83 a3 02 00 49 8b 3f 49 89 c4
0x000000012c3c8ced:   48 8b 35 34 f9 05 00 30 c0 e8 cb a4 02 00 48 85 

Register to memory mapping:

RAX=0x000000012c3e92fa: Java_sun_java2d_opengl_OGLRenderQueue_flushBuffer+0x612 in /Library/Java/JavaVirtualMachines/jdk1.8.0_101.jdk/Contents/Home/jre/lib/libawt_lwawt.dylib at 0x000000012c3ae000
RBX=0x0000000000000002 is an unknown value
RCX=0x0000000000000047 is an unknown value
RDX=0x000000012c3e9844: Java_sun_java2d_opengl_OGLRenderQueue_flushBuffer+0xb5c in /Library/Java/JavaVirtualMachines/jdk1.8.0_101.jdk/Contents/Home/jre/lib/libawt_lwawt.dylib at 0x000000012c3ae000
RSP=0x00007000021ff730 is pointing into the stack for thread: 0x00007f89b48b9800
RBP=0x00007000021ff750 is pointing into the stack for thread: 0x00007f89b48b9800
RSI=0x00007f89b3d29040 is an unknown value
RDI=0x00007f89b48b99f8 is an unknown value
R8 =0x0000000000000080 is an unknown value
R9 =0xffffffff00000000 is an unknown value
R10=0x0000000111e66278 is at entry_point+56 in (nmethod*)0x0000000111e660d0
R11=0x0000000111e62500 is at entry_point+0 in (nmethod*)0x0000000111e62390
R12=0x0000000000000000 is an unknown value
R13=0x00007000021ff8e8 is pointing into the stack for thread: 0x00007f89b48b9800
R14=0x00007f89b48b99f8 is an unknown value
R15=0x00007f89b48b9800 is a thread


Stack: [0x0000700002100000,0x0000700002200000],  sp=0x00007000021ff730,  free space=1021k
Native frames: (J=compiled Java code, j=interpreted, Vv=VM code, C=native code)
C  [libawt_lwawt.dylib+0x1acdd]  OGLSD_SetScratchSurface+0x49
C  [libawt_lwawt.dylib+0x3b322]  Java_sun_java2d_opengl_OGLRenderQueue_flushBuffer+0x63a
J 1231  sun.java2d.opengl.OGLRenderQueue.flushBuffer(JI)V (0 bytes) @ 0x0000000111e662ea [0x0000000111e66240+0xaa]
J 1225 C1 sun.java2d.opengl.OGLRenderQueue.flushBuffer()V (41 bytes) @ 0x0000000111e62afc [0x0000000111e628a0+0x25c]
J 1224 C1 sun.java2d.opengl.OGLRenderQueue.access$100(Lsun/java2d/opengl/OGLRenderQueue;)V (5 bytes) @ 0x0000000111e6255c [0x0000000111e62500+0x5c]
j  sun.java2d.opengl.OGLRenderQueue$QueueFlusher.run()V+81
v  ~StubRoutines::call_stub
V  [libjvm.dylib+0x2ecf06]  JavaCalls::call_helper(JavaValue*, methodHandle*, JavaCallArguments*, Thread*)+0x6ae
V  [libjvm.dylib+0x2ed694]  JavaCalls::call_virtual(JavaValue*, KlassHandle, Symbol*, Symbol*, JavaCallArguments*, Thread*)+0x164
V  [libjvm.dylib+0x2ed840]  JavaCalls::call_virtual(JavaValue*, Handle, KlassHandle, Symbol*, Symbol*, Thread*)+0x4a
V  [libjvm.dylib+0x348029]  thread_entry(JavaThread*, Thread*)+0x7c
V  [libjvm.dylib+0x5695ab]  JavaThread::thread_main_inner()+0x9b
V  [libjvm.dylib+0x56ac98]  JavaThread::run()+0x1c2
V  [libjvm.dylib+0x48933a]  java_start(Thread*)+0xf6
C  [libsystem_pthread.dylib+0x36c1]  _pthread_body+0x154
C  [libsystem_pthread.dylib+0x356d]  _pthread_body+0x0
C  [libsystem_pthread.dylib+0x2c5d]  thread_start+0xd
C  0x0000000000000000

Java frames: (J=compiled Java code, j=interpreted, Vv=VM code)
J 1231  sun.java2d.opengl.OGLRenderQueue.flushBuffer(JI)V (0 bytes) @ 0x0000000111e66278 [0x0000000111e66240+0x38]
J 1225 C1 sun.java2d.opengl.OGLRenderQueue.flushBuffer()V (41 bytes) @ 0x0000000111e62afc [0x0000000111e628a0+0x25c]
J 1224 C1 sun.java2d.opengl.OGLRenderQueue.access$100(Lsun/java2d/opengl/OGLRenderQueue;)V (5 bytes) @ 0x0000000111e6255c [0x0000000111e62500+0x5c]
j  sun.java2d.opengl.OGLRenderQueue$QueueFlusher.run()V+81
v  ~StubRoutines::call_stub

---------------  P R O C E S S  ---------------

Java Threads: ( => current thread )
  0x00007f89b60e2000 JavaThread "TimerQueue" daemon [_thread_blocked, id=69219, stack(0x000070000240c000,0x000070000250c000)]
  0x00007f89b490d800 JavaThread "Java2D Disposer" daemon [_thread_blocked, id=42367, stack(0x0000700002309000,0x0000700002409000)]
=>0x00007f89b48b9800 JavaThread "Java2D Queue Flusher" daemon [_thread_in_native, id=51203, stack(0x0000700002100000,0x0000700002200000)]
  0x00007f89b4196000 JavaThread "DestroyJavaVM" [_thread_blocked, id=6915, stack(0x0000700000a38000,0x0000700000b38000)]
  0x00007f89b60c1000 JavaThread "AWT-EventQueue-0" [_thread_blocked, id=47139, stack(0x0000700001ffd000,0x00007000020fd000)]
  0x00007f89b4194000 JavaThread "AWT-Shutdown" [_thread_blocked, id=32551, stack(0x0000700001d71000,0x0000700001e71000)]
  0x00007f89b601f000 JavaThread "AppKit Thread" daemon [_thread_in_native, id=775, stack(0x00007ffee1d5f000,0x00007ffee255f000)]
  0x00007f89b402a800 JavaThread "Service Thread" daemon [_thread_blocked, id=20995, stack(0x0000700001b6b000,0x0000700001c6b000)]
  0x00007f89b4846800 JavaThread "C1 CompilerThread3" daemon [_thread_blocked, id=20483, stack(0x0000700001a68000,0x0000700001b68000)]
  0x00007f89b4009800 JavaThread "C2 CompilerThread2" daemon [_thread_blocked, id=19971, stack(0x0000700001965000,0x0000700001a65000)]
  0x00007f89b484e000 JavaThread "C2 CompilerThread1" daemon [_thread_blocked, id=19459, stack(0x0000700001862000,0x0000700001962000)]
  0x00007f89b4008000 JavaThread "C2 CompilerThread0" daemon [_thread_blocked, id=18947, stack(0x000070000175f000,0x000070000185f000)]
  0x00007f89b4005000 JavaThread "Signal Dispatcher" daemon [_thread_blocked, id=18443, stack(0x000070000165c000,0x000070000175c000)]
  0x00007f89b483f800 JavaThread "Finalizer" daemon [_thread_blocked, id=15107, stack(0x0000700001559000,0x0000700001659000)]
  0x00007f89b483d000 JavaThread "Reference Handler" daemon [_thread_blocked, id=14595, stack(0x0000700001456000,0x0000700001556000)]

Other Threads:
  0x00007f89b4838800 VMThread [stack: 0x0000700001353000,0x0000700001453000] [id=14083]
  0x00007f89b6800000 WatcherThread [stack: 0x0000700001c6e000,0x0000700001d6e000] [id=21507]

VM state:not at safepoint (normal execution)

VM Mutex/Monitor currently owned by a thread: None

Heap:
 PSYoungGen      total 76288K, used 16253K [0x000000076ab00000, 0x0000000770000000, 0x00000007c0000000)
  eden space 65536K, 11% used [0x000000076ab00000,0x000000076b28ea00,0x000000076eb00000)
  from space 10752K, 79% used [0x000000076f580000,0x000000076fdd0ca0,0x0000000770000000)
  to   space 10752K, 0% used [0x000000076eb00000,0x000000076eb00000,0x000000076f580000)
 ParOldGen       total 175104K, used 24K [0x00000006c0000000, 0x00000006cab00000, 0x000000076ab00000)
  object space 175104K, 0% used [0x00000006c0000000,0x00000006c0006000,0x00000006cab00000)
 Metaspace       used 12644K, capacity 12910K, committed 13056K, reserved 1060864K
  class space    used 1624K, capacity 1717K, committed 1792K, reserved 1048576K

Card table byte_map: [0x000000010fb5d000,0x000000011035e000] byte_map_base: 0x000000010c55d000

Marking Bits: (ParMarkBitMap*) 0x000000010f0edd20
 Begin Bits: [0x0000000120a72000, 0x0000000124a72000)
 End Bits:   [0x0000000124a72000, 0x0000000128a72000)

Polling page: 0x000000010d725000

CodeCache: size=245760Kb used=4410Kb max_used=4410Kb free=241349Kb
 bounds [0x0000000111a72000, 0x0000000111ed2000, 0x0000000120a72000]
 total_blobs=1845 nmethods=1334 adapters=424
 compilation: enabled

Compilation events (10 events):
Event: 2370.761 Thread 0x00007f89b4846800 1330       3       com.apple.laf.AquaUtils$RecyclableSingleton::get (11 bytes)
Event: 2370.762 Thread 0x00007f89b4846800 nmethod 1330 0x0000000111ebed90 code [0x0000000111ebef40, 0x0000000111ebf4c8]
Event: 2370.769 Thread 0x00007f89b4846800 1331   !   3       java.lang.ref.Reference::tryHandlePending (115 bytes)
Event: 2370.770 Thread 0x00007f89b4846800 nmethod 1331 0x0000000111ebf790 code [0x0000000111ebf9c0, 0x0000000111ec0688]
Event: 2370.770 Thread 0x00007f89b4846800 1332   !   3       java.lang.ref.ReferenceQueue::enqueue (119 bytes)
Event: 2370.770 Thread 0x00007f89b4846800 nmethod 1332 0x0000000111ec0b90 code [0x0000000111ec0d40, 0x0000000111ec14c8]
Event: 2370.772 Thread 0x00007f89b4846800 1333       3       java.lang.ref.ReferenceQueue::reallyPoll (66 bytes)
Event: 2370.772 Thread 0x00007f89b4846800 nmethod 1333 0x0000000111ec16d0 code [0x0000000111ec1860, 0x0000000111ec1cf0]
Event: 2370.772 Thread 0x00007f89b4846800 1334       3       java.lang.ref.Reference::clear (6 bytes)
Event: 2370.772 Thread 0x00007f89b4846800 nmethod 1334 0x0000000111ec1dd0 code [0x0000000111ec1f20, 0x0000000111ec2090]

GC Heap History (4 events):
Event: 11.480 GC heap before
{Heap before GC invocations=1 (full 0):
 PSYoungGen      total 76288K, used 60336K [0x000000076ab00000, 0x0000000770000000, 0x00000007c0000000)
  eden space 65536K, 92% used [0x000000076ab00000,0x000000076e5ec108,0x000000076eb00000)
  from space 10752K, 0% used [0x000000076f580000,0x000000076f580000,0x0000000770000000)
  to   space 10752K, 0% used [0x000000076eb00000,0x000000076eb00000,0x000000076f580000)
 ParOldGen       total 175104K, used 0K [0x00000006c0000000, 0x00000006cab00000, 0x000000076ab00000)
  object space 175104K, 0% used [0x00000006c0000000,0x00000006c0000000,0x00000006cab00000)
 Metaspace       used 12492K, capacity 12718K, committed 13056K, reserved 1060864K
  class space    used 1622K, capacity 1717K, committed 1792K, reserved 1048576K
Event: 11.484 GC heap after
Heap after GC invocations=1 (full 0):
 PSYoungGen      total 76288K, used 5445K [0x000000076ab00000, 0x0000000770000000, 0x00000007c0000000)
  eden space 65536K, 0% used [0x000000076ab00000,0x000000076ab00000,0x000000076eb00000)
  from space 10752K, 50% used [0x000000076eb00000,0x000000076f051408,0x000000076f580000)
  to   space 10752K, 0% used [0x000000076f580000,0x000000076f580000,0x0000000770000000)
 ParOldGen       total 175104K, used 16K [0x00000006c0000000, 0x00000006cab00000, 0x000000076ab00000)
  object space 175104K, 0% used [0x00000006c0000000,0x00000006c0004000,0x00000006cab00000)
 Metaspace       used 12492K, capacity 12718K, committed 13056K, reserved 1060864K
  class space    used 1622K, capacity 1717K, committed 1792K, reserved 1048576K
}
Event: 2370.762 GC heap before
{Heap before GC invocations=2 (full 0):
 PSYoungGen      total 76288K, used 67605K [0x000000076ab00000, 0x0000000770000000, 0x00000007c0000000)
  eden space 65536K, 94% used [0x000000076ab00000,0x000000076e7b4060,0x000000076eb00000)
  from space 10752K, 50% used [0x000000076eb00000,0x000000076f051408,0x000000076f580000)
  to   space 10752K, 0% used [0x000000076f580000,0x000000076f580000,0x0000000770000000)
 ParOldGen       total 175104K, used 16K [0x00000006c0000000, 0x00000006cab00000, 0x000000076ab00000)
  object space 175104K, 0% used [0x00000006c0000000,0x00000006c0004000,0x00000006cab00000)
 Metaspace       used 12641K, capacity 12910K, committed 13056K, reserved 1060864K
  class space    used 1624K, capacity 1717K, committed 1792K, reserved 1048576K
Event: 2370.769 GC heap after
Heap after GC invocations=2 (full 0):
 PSYoungGen      total 76288K, used 8515K [0x000000076ab00000, 0x0000000770000000, 0x00000007c0000000)
  eden space 65536K, 0% used [0x000000076ab00000,0x000000076ab00000,0x000000076eb00000)
  from space 10752K, 79% used [0x000000076f580000,0x000000076fdd0ca0,0x0000000770000000)
  to   space 10752K, 0% used [0x000000076eb00000,0x000000076eb00000,0x000000076f580000)
 ParOldGen       total 175104K, used 24K [0x00000006c0000000, 0x00000006cab00000, 0x000000076ab00000)
  object space 175104K, 0% used [0x00000006c0000000,0x00000006c0006000,0x00000006cab00000)
 Metaspace       used 12641K, capacity 12910K, committed 13056K, reserved 1060864K
  class space    used 1624K, capacity 1717K, committed 1792K, reserved 1048576K
}

Deoptimization events (5 events):
Event: 1.584 Thread 0x00007f89b60c1000 Uncommon trap: reason=class_check action=maybe_recompile pc=0x0000000111bdfbdc method=java.lang.String.equals(Ljava/lang/Object;)Z @ 8
Event: 2.132 Thread 0x00007f89b60c1000 Uncommon trap: reason=class_check action=maybe_recompile pc=0x0000000111bdfbdc method=java.lang.String.equals(Ljava/lang/Object;)Z @ 8
Event: 2.708 Thread 0x00007f89b60c1000 Uncommon trap: reason=unstable_if action=reinterpret pc=0x0000000111d2786c method=java.awt.Component.inside(II)Z @ 13
Event: 11.494 Thread 0x00007f89b60c1000 Uncommon trap: reason=class_check action=maybe_recompile pc=0x0000000111bdfbdc method=java.lang.String.equals(Ljava/lang/Object;)Z @ 8
Event: 11.494 Thread 0x00007f89b60c1000 Uncommon trap: reason=class_check action=maybe_recompile pc=0x0000000111bdfbdc method=java.lang.String.equals(Ljava/lang/Object;)Z @ 8

Internal exceptions (10 events):
Event: 0.027 Thread 0x00007f89b6001800 Exception <a 'java/lang/NoSuchMethodError': Method sun.misc.Unsafe.prefetchRead(Ljava/lang/Object;J)V name or signature does not match> (0x000000076ab07fa8) thrown at [/HUDSON3/workspace/8-2-build-macosx-x86_64/jdk8u101/7261/hotspot/src/share/vm/prims/jni
Event: 0.084 Thread 0x00007f89b6001800 Exception <a 'java/security/PrivilegedActionException'> (0x000000076ab8fa78) thrown at [/HUDSON3/workspace/8-2-build-macosx-x86_64/jdk8u101/7261/hotspot/src/share/vm/prims/jvm.cpp, line 1386]
Event: 0.084 Thread 0x00007f89b6001800 Exception <a 'java/security/PrivilegedActionException'> (0x000000076ab8fc88) thrown at [/HUDSON3/workspace/8-2-build-macosx-x86_64/jdk8u101/7261/hotspot/src/share/vm/prims/jvm.cpp, line 1386]
Event: 0.084 Thread 0x00007f89b6001800 Exception <a 'java/security/PrivilegedActionException'> (0x000000076ab93080) thrown at [/HUDSON3/workspace/8-2-build-macosx-x86_64/jdk8u101/7261/hotspot/src/share/vm/prims/jvm.cpp, line 1386]
Event: 0.084 Thread 0x00007f89b6001800 Exception <a 'java/security/PrivilegedActionException'> (0x000000076ab93290) thrown at [/HUDSON3/workspace/8-2-build-macosx-x86_64/jdk8u101/7261/hotspot/src/share/vm/prims/jvm.cpp, line 1386]
Event: 0.117 Thread 0x00007f89b6001800 Exception <a 'java/lang/NoSuchFieldError': method resolution failed> (0x000000076adab638) thrown at [/HUDSON3/workspace/8-2-build-macosx-x86_64/jdk8u101/7261/hotspot/src/share/vm/prims/methodHandles.cpp, line 1146]
Event: 0.118 Thread 0x00007f89b6001800 Exception <a 'java/lang/NoSuchFieldError': method resolution failed> (0x000000076adb8e08) thrown at [/HUDSON3/workspace/8-2-build-macosx-x86_64/jdk8u101/7261/hotspot/src/share/vm/prims/methodHandles.cpp, line 1146]
Event: 0.211 Thread 0x00007f89b6001800 Exception <a 'java/io/FileNotFoundException'> (0x000000076ae337c0) thrown at [/HUDSON3/workspace/8-2-build-macosx-x86_64/jdk8u101/7261/hotspot/src/share/vm/prims/jni.cpp, line 709]
Event: 0.211 Thread 0x00007f89b6001800 Exception <a 'java/io/FileNotFoundException'> (0x000000076ae34320) thrown at [/HUDSON3/workspace/8-2-build-macosx-x86_64/jdk8u101/7261/hotspot/src/share/vm/prims/jni.cpp, line 709]
Event: 0.232 Thread 0x00007f89b60c1000 Exception <a 'java/io/FileNotFoundException'> (0x000000076b02e3e8) thrown at [/HUDSON3/workspace/8-2-build-macosx-x86_64/jdk8u101/7261/hotspot/src/share/vm/prims/jni.cpp, line 709]

Events (10 events):
Event: 1470.187 loading class java/util/IdentityHashMap$ValueIterator
Event: 1470.187 loading class java/util/IdentityHashMap$ValueIterator done
Event: 1470.187 loading class javax/swing/RepaintManager$DisplayChangedRunnable
Event: 1470.188 loading class javax/swing/RepaintManager$DisplayChangedRunnable done
Event: 1470.188 loading class java/awt/image/BufferedImage$1
Event: 1470.188 loading class java/awt/image/BufferedImage$1 done
Event: 1470.188 loading class sun/lwawt/LWWindowPeer$1
Event: 1470.188 loading class sun/lwawt/LWWindowPeer$1 done
Event: 2370.762 Executing VM operation: ParallelGCFailedAllocation
Event: 2370.769 Executing VM operation: ParallelGCFailedAllocation done


Dynamic libraries:
0x00000000015ea000 	/System/Library/Frameworks/Cocoa.framework/Versions/A/Cocoa
0x00000000015ea000 	/System/Library/Frameworks/Security.framework/Versions/A/Security
0x00000000015ea000 	/System/Library/Frameworks/ApplicationServices.framework/Versions/A/ApplicationServices
0x00000000015ea000 	/usr/lib/libz.1.dylib
0x00000000015ea000 	/usr/lib/libSystem.B.dylib
0x00000000015ea000 	/usr/lib/libobjc.A.dylib
0x00000000015ea000 	/System/Library/Frameworks/CoreFoundation.framework/Versions/A/CoreFoundation
0x00000000015ea000 	/System/Library/Frameworks/Foundation.framework/Versions/C/Foundation
0x00000000015ea000 	/System/Library/Frameworks/AppKit.framework/Versions/C/AppKit
0x00000000015ea000 	/System/Library/Frameworks/CoreData.framework/Versions/A/CoreData
0x00000000015ea000 	/System/Library/PrivateFrameworks/RemoteViewServices.framework/Versions/A/RemoteViewServices
0x00000000015ea000 	/System/Library/PrivateFrameworks/UIFoundation.framework/Versions/A/UIFoundation
0x00000000015ea000 	/System/Library/PrivateFrameworks/DFRFoundation.framework/Versions/A/DFRFoundation
0x00000000015ea000 	/System/Library/Frameworks/Metal.framework/Versions/A/Metal
0x00000000015ea000 	/System/Library/PrivateFrameworks/DesktopServicesPriv.framework/Versions/A/DesktopServicesPriv
0x00000000015ea000 	/usr/lib/libenergytrace.dylib
0x00000000015ea000 	/System/Library/PrivateFrameworks/SkyLight.framework/Versions/A/SkyLight
0x00000000015ea000 	/System/Library/Frameworks/CoreGraphics.framework/Versions/A/CoreGraphics
0x00000000015ea000 	/usr/lib/libScreenReader.dylib
0x00000000015ea000 	/System/Library/Frameworks/Accelerate.framework/Versions/A/Accelerate
0x00000000015ea000 	/System/Library/Frameworks/IOSurface.framework/Versions/A/IOSurface
0x00000000015ea000 	/System/Library/Frameworks/AudioToolbox.framework/Versions/A/AudioToolbox
0x00000000015ea000 	/System/Library/Frameworks/AudioUnit.framework/Versions/A/AudioUnit
0x00000000015ea000 	/System/Library/PrivateFrameworks/DataDetectorsCore.framework/Versions/A/DataDetectorsCore
0x00000000015ea000 	/System/Library/Frameworks/Carbon.framework/Versions/A/Frameworks/HIToolbox.framework/Versions/A/HIToolbox
0x00000000015ea000 	/usr/lib/libicucore.A.dylib
0x00000000015ea000 	/System/Library/Frameworks/QuartzCore.framework/Versions/A/QuartzCore
0x00000000015ea000 	/System/Library/Frameworks/Carbon.framework/Versions/A/Frameworks/SpeechRecognition.framework/Versions/A/SpeechRecognition
0x00000000015ea000 	/usr/lib/libauto.dylib
0x00000000015ea000 	/usr/lib/libxml2.2.dylib
0x00000000015ea000 	/System/Library/PrivateFrameworks/CoreUI.framework/Versions/A/CoreUI
0x00000000015ea000 	/System/Library/Frameworks/CoreAudio.framework/Versions/A/CoreAudio
0x00000000015ea000 	/System/Library/Frameworks/DiskArbitration.framework/Versions/A/DiskArbitration
0x00000000015ea000 	/usr/lib/liblangid.dylib
0x00000000015ea000 	/System/Library/PrivateFrameworks/MultitouchSupport.framework/Versions/A/MultitouchSupport
0x00000000015ea000 	/System/Library/Frameworks/IOKit.framework/Versions/A/IOKit
0x00000000015ea000 	/usr/lib/libDiagnosticMessagesClient.dylib
0x00000000015ea000 	/System/Library/Frameworks/CoreServices.framework/Versions/A/CoreServices
0x00000000015ea000 	/System/Library/PrivateFrameworks/PerformanceAnalysis.framework/Versions/A/PerformanceAnalysis
0x00000000015ea000 	/System/Library/Frameworks/OpenGL.framework/Versions/A/OpenGL
0x00000000015ea000 	/System/Library/Frameworks/ColorSync.framework/Versions/A/ColorSync
0x00000000015ea000 	/System/Library/Frameworks/CoreImage.framework/Versions/A/CoreImage
0x00000000015ea000 	/System/Library/Frameworks/CoreText.framework/Versions/A/CoreText
0x00000000015ea000 	/System/Library/Frameworks/ImageIO.framework/Versions/A/ImageIO
0x00000000015ea000 	/System/Library/PrivateFrameworks/Backup.framework/Versions/A/Backup
0x00000000015ea000 	/usr/lib/libarchive.2.dylib
0x00000000015ea000 	/System/Library/Frameworks/CFNetwork.framework/Versions/A/CFNetwork
0x00000000015ea000 	/System/Library/Frameworks/SystemConfiguration.framework/Versions/A/SystemConfiguration
0x00000000015ea000 	/usr/lib/libCRFSuite.dylib
0x00000000015ea000 	/usr/lib/libc++.1.dylib
0x00000000015ea000 	/usr/lib/libc++abi.dylib
0x00000000015ea000 	/usr/lib/system/libcache.dylib
0x00000000015ea000 	/usr/lib/system/libcommonCrypto.dylib
0x00000000015ea000 	/usr/lib/system/libcompiler_rt.dylib
0x00000000015ea000 	/usr/lib/system/libcopyfile.dylib
0x00000000015ea000 	/usr/lib/system/libcorecrypto.dylib
0x00000000015ea000 	/usr/lib/system/libdispatch.dylib
0x00000000015ea000 	/usr/lib/system/libdyld.dylib
0x00000000015ea000 	/usr/lib/system/libkeymgr.dylib
0x00000000015ea000 	/usr/lib/system/liblaunch.dylib
0x00000000015ea000 	/usr/lib/system/libmacho.dylib
0x00000000015ea000 	/usr/lib/system/libquarantine.dylib
0x00000000015ea000 	/usr/lib/system/libremovefile.dylib
0x00000000015ea000 	/usr/lib/system/libsystem_asl.dylib
0x00000000015ea000 	/usr/lib/system/libsystem_blocks.dylib
0x00000000015ea000 	/usr/lib/system/libsystem_c.dylib
0x00000000015ea000 	/usr/lib/system/libsystem_configuration.dylib
0x00000000015ea000 	/usr/lib/system/libsystem_coreservices.dylib
0x00000000015ea000 	/usr/lib/system/libsystem_darwin.dylib
0x00000000015ea000 	/usr/lib/system/libsystem_dnssd.dylib
0x00000000015ea000 	/usr/lib/system/libsystem_info.dylib
0x00000000015ea000 	/usr/lib/system/libsystem_m.dylib
0x00000000015ea000 	/usr/lib/system/libsystem_malloc.dylib
0x00000000015ea000 	/usr/lib/system/libsystem_network.dylib
0x00000000015ea000 	/usr/lib/system/libsystem_networkextension.dylib
0x00000000015ea000 	/usr/lib/system/libsystem_notify.dylib
0x00000000015ea000 	/usr/lib/system/libsystem_sandbox.dylib
0x00000000015ea000 	/usr/lib/system/libsystem_secinit.dylib
0x00000000015ea000 	/usr/lib/system/libsystem_kernel.dylib
0x00000000015ea000 	/usr/lib/system/libsystem_platform.dylib
0x00000000015ea000 	/usr/lib/system/libsystem_pthread.dylib
0x00000000015ea000 	/usr/lib/system/libsystem_symptoms.dylib
0x00000000015ea000 	/usr/lib/system/libsystem_trace.dylib
0x00000000015ea000 	/usr/lib/system/libunwind.dylib
0x00000000015ea000 	/usr/lib/system/libxpc.dylib
0x00000000015ea000 	/usr/lib/closure/libclosured.dylib
0x00000000015ea000 	/usr/lib/libbsm.0.dylib
0x00000000015ea000 	/usr/lib/system/libkxld.dylib
0x00000000015ea000 	/usr/lib/libOpenScriptingUtil.dylib
0x00000000015ea000 	/usr/lib/libcoretls.dylib
0x00000000015ea000 	/usr/lib/libcoretls_cfhelpers.dylib
0x00000000015ea000 	/usr/lib/libpam.2.dylib
0x00000000015ea000 	/usr/lib/libsqlite3.dylib
0x00000000015ea000 	/usr/lib/libxar.1.dylib
0x00000000015ea000 	/usr/lib/libbz2.1.0.dylib
0x00000000015ea000 	/usr/lib/liblzma.5.dylib
0x00000000015ea000 	/usr/lib/libnetwork.dylib
0x00000000015ea000 	/usr/lib/libapple_nghttp2.dylib
0x00000000015ea000 	/usr/lib/libpcap.A.dylib
0x00000000015ea000 	/usr/lib/libboringssl.dylib
0x00000000015ea000 	/usr/lib/libusrtcp.dylib
0x00000000015ea000 	/usr/lib/libapple_crypto.dylib
0x00000000015ea000 	/System/Library/Frameworks/CoreServices.framework/Versions/A/Frameworks/FSEvents.framework/Versions/A/FSEvents
0x00000000015ea000 	/System/Library/Frameworks/CoreServices.framework/Versions/A/Frameworks/CarbonCore.framework/Versions/A/CarbonCore
0x00000000015ea000 	/System/Library/Frameworks/CoreServices.framework/Versions/A/Frameworks/Metadata.framework/Versions/A/Metadata
0x00000000015ea000 	/System/Library/Frameworks/CoreServices.framework/Versions/A/Frameworks/OSServices.framework/Versions/A/OSServices
0x00000000015ea000 	/System/Library/Frameworks/CoreServices.framework/Versions/A/Frameworks/SearchKit.framework/Versions/A/SearchKit
0x00000000015ea000 	/System/Library/Frameworks/CoreServices.framework/Versions/A/Frameworks/AE.framework/Versions/A/AE
0x00000000015ea000 	/System/Library/Frameworks/CoreServices.framework/Versions/A/Frameworks/LaunchServices.framework/Versions/A/LaunchServices
0x00000000015ea000 	/System/Library/Frameworks/CoreServices.framework/Versions/A/Frameworks/DictionaryServices.framework/Versions/A/DictionaryServices
0x00000000015ea000 	/System/Library/Frameworks/CoreServices.framework/Versions/A/Frameworks/SharedFileList.framework/Versions/A/SharedFileList
0x00000000015ea000 	/System/Library/Frameworks/NetFS.framework/Versions/A/NetFS
0x00000000015ea000 	/System/Library/PrivateFrameworks/NetAuth.framework/Versions/A/NetAuth
0x00000000015ea000 	/System/Library/PrivateFrameworks/login.framework/Versions/A/Frameworks/loginsupport.framework/Versions/A/loginsupport
0x00000000015ea000 	/System/Library/PrivateFrameworks/TCC.framework/Versions/A/TCC
0x00000000015ea000 	/usr/lib/libmecabra.dylib
0x00000000015ea000 	/System/Library/Frameworks/ApplicationServices.framework/Versions/A/Frameworks/ATS.framework/Versions/A/ATS
0x00000000015ea000 	/System/Library/Frameworks/ApplicationServices.framework/Versions/A/Frameworks/ColorSyncLegacy.framework/Versions/A/ColorSyncLegacy
0x00000000015ea000 	/System/Library/Frameworks/ApplicationServices.framework/Versions/A/Frameworks/HIServices.framework/Versions/A/HIServices
0x00000000015ea000 	/System/Library/Frameworks/ApplicationServices.framework/Versions/A/Frameworks/LangAnalysis.framework/Versions/A/LangAnalysis
0x00000000015ea000 	/System/Library/Frameworks/ApplicationServices.framework/Versions/A/Frameworks/PrintCore.framework/Versions/A/PrintCore
0x00000000015ea000 	/System/Library/Frameworks/ApplicationServices.framework/Versions/A/Frameworks/QD.framework/Versions/A/QD
0x00000000015ea000 	/System/Library/Frameworks/ApplicationServices.framework/Versions/A/Frameworks/SpeechSynthesis.framework/Versions/A/SpeechSynthesis
0x00000000015ea000 	/System/Library/Frameworks/CoreDisplay.framework/Versions/A/CoreDisplay
0x00000000015ea000 	/System/Library/Frameworks/Accelerate.framework/Versions/A/Frameworks/vImage.framework/Versions/A/vImage
0x00000000015ea000 	/System/Library/Frameworks/Accelerate.framework/Versions/A/Frameworks/vecLib.framework/Versions/A/vecLib
0x00000000015ea000 	/System/Library/Frameworks/Accelerate.framework/Versions/A/Frameworks/vecLib.framework/Versions/A/libvDSP.dylib
0x00000000015ea000 	/System/Library/Frameworks/Accelerate.framework/Versions/A/Frameworks/vecLib.framework/Versions/A/libBNNS.dylib
0x00000000015ea000 	/System/Library/Frameworks/Accelerate.framework/Versions/A/Frameworks/vecLib.framework/Versions/A/libQuadrature.dylib
0x00000000015ea000 	/System/Library/Frameworks/Accelerate.framework/Versions/A/Frameworks/vecLib.framework/Versions/A/libvMisc.dylib
0x00000000015ea000 	/System/Library/Frameworks/Accelerate.framework/Versions/A/Frameworks/vecLib.framework/Versions/A/libLAPACK.dylib
0x00000000015ea000 	/System/Library/Frameworks/Accelerate.framework/Versions/A/Frameworks/vecLib.framework/Versions/A/libBLAS.dylib
0x00000000015ea000 	/System/Library/Frameworks/Accelerate.framework/Versions/A/Frameworks/vecLib.framework/Versions/A/libLinearAlgebra.dylib
0x00000000015ea000 	/System/Library/Frameworks/Accelerate.framework/Versions/A/Frameworks/vecLib.framework/Versions/A/libSparse.dylib
0x00000000015ea000 	/System/Library/Frameworks/Accelerate.framework/Versions/A/Frameworks/vecLib.framework/Versions/A/libSparseBLAS.dylib
0x00000000015ea000 	/System/Library/PrivateFrameworks/IOAccelerator.framework/Versions/A/IOAccelerator
0x00000000015ea000 	/System/Library/PrivateFrameworks/IOPresentment.framework/Versions/A/IOPresentment
0x00000000015ea000 	/System/Library/PrivateFrameworks/DSExternalDisplay.framework/Versions/A/DSExternalDisplay
0x00000000015ea000 	/System/Library/Frameworks/OpenGL.framework/Versions/A/Libraries/libCoreFSCache.dylib
0x00000000015ea000 	/System/Library/Frameworks/CoreVideo.framework/Versions/A/CoreVideo
0x00000000015ea000 	/System/Library/PrivateFrameworks/GraphVisualizer.framework/Versions/A/GraphVisualizer
0x00000000015ea000 	/System/Library/Frameworks/MetalPerformanceShaders.framework/Versions/A/MetalPerformanceShaders
0x00000000015ea000 	/usr/lib/libFosl_dynamic.dylib
0x00000000015ea000 	/System/Library/PrivateFrameworks/FaceCore.framework/Versions/A/FaceCore
0x00000000015ea000 	/System/Library/Frameworks/OpenCL.framework/Versions/A/OpenCL
0x00000000015ea000 	/usr/lib/libcompression.dylib
0x00000000015ea000 	/System/Library/Frameworks/ApplicationServices.framework/Versions/A/Frameworks/ATS.framework/Versions/A/Resources/libFontParser.dylib
0x00000000015ea000 	/System/Library/Frameworks/ApplicationServices.framework/Versions/A/Frameworks/ATS.framework/Versions/A/Resources/libFontRegistry.dylib
0x00000000015ea000 	/System/Library/Frameworks/ImageIO.framework/Versions/A/Resources/libJPEG.dylib
0x00000000015ea000 	/System/Library/Frameworks/ImageIO.framework/Versions/A/Resources/libTIFF.dylib
0x00000000015ea000 	/System/Library/Frameworks/ImageIO.framework/Versions/A/Resources/libPng.dylib
0x00000000015ea000 	/System/Library/Frameworks/ImageIO.framework/Versions/A/Resources/libGIF.dylib
0x00000000015ea000 	/System/Library/Frameworks/ImageIO.framework/Versions/A/Resources/libJP2.dylib
0x00000000015ea000 	/System/Library/Frameworks/ImageIO.framework/Versions/A/Resources/libRadiance.dylib
0x00000000015ea000 	/System/Library/PrivateFrameworks/AppleJPEG.framework/Versions/A/AppleJPEG
0x00000000015ea000 	/System/Library/PrivateFrameworks/MetalTools.framework/Versions/A/MetalTools
0x00000000015ea000 	/System/Library/Frameworks/MetalPerformanceShaders.framework/Frameworks/MPSCore.framework/Versions/A/MPSCore
0x00000000015ea000 	/System/Library/Frameworks/MetalPerformanceShaders.framework/Frameworks/MPSImage.framework/Versions/A/MPSImage
0x00000000015ea000 	/System/Library/Frameworks/MetalPerformanceShaders.framework/Frameworks/MPSMatrix.framework/Versions/A/MPSMatrix
0x00000000015ea000 	/System/Library/Frameworks/MetalPerformanceShaders.framework/Frameworks/MPSNeuralNetwork.framework/Versions/A/MPSNeuralNetwork
0x00000000015ea000 	/System/Library/Frameworks/OpenGL.framework/Versions/A/Libraries/libGLU.dylib
0x00000000015ea000 	/System/Library/Frameworks/OpenGL.framework/Versions/A/Libraries/libGFXShared.dylib
0x00000000015ea000 	/System/Library/Frameworks/OpenGL.framework/Versions/A/Libraries/libGL.dylib
0x00000000015ea000 	/System/Library/Frameworks/OpenGL.framework/Versions/A/Libraries/libGLImage.dylib
0x00000000015ea000 	/System/Library/Frameworks/OpenGL.framework/Versions/A/Libraries/libCVMSPluginSupport.dylib
0x00000000015ea000 	/System/Library/Frameworks/OpenGL.framework/Versions/A/Libraries/libCoreVMClient.dylib
0x00000000015ea000 	/usr/lib/libcups.2.dylib
0x00000000015ea000 	/System/Library/Frameworks/Kerberos.framework/Versions/A/Kerberos
0x00000000015ea000 	/System/Library/Frameworks/GSS.framework/Versions/A/GSS
0x00000000015ea000 	/usr/lib/libresolv.9.dylib
0x00000000015ea000 	/usr/lib/libiconv.2.dylib
0x00000000015ea000 	/System/Library/PrivateFrameworks/Heimdal.framework/Versions/A/Heimdal
0x00000000015ea000 	/usr/lib/libheimdal-asn1.dylib
0x00000000015ea000 	/System/Library/Frameworks/OpenDirectory.framework/Versions/A/OpenDirectory
0x00000000015ea000 	/System/Library/PrivateFrameworks/CommonAuth.framework/Versions/A/CommonAuth
0x00000000015ea000 	/System/Library/Frameworks/OpenDirectory.framework/Versions/A/Frameworks/CFOpenDirectory.framework/Versions/A/CFOpenDirectory
0x00000000015ea000 	/System/Library/Frameworks/SecurityFoundation.framework/Versions/A/SecurityFoundation
0x00000000015ea000 	/System/Library/PrivateFrameworks/APFS.framework/Versions/A/APFS
0x00000000015ea000 	/usr/lib/libutil.dylib
0x00000000015ea000 	/System/Library/PrivateFrameworks/AppleSauce.framework/Versions/A/AppleSauce
0x00000000015ea000 	/System/Library/PrivateFrameworks/LinguisticData.framework/Versions/A/LinguisticData
0x00000000015ea000 	/usr/lib/libmarisa.dylib
0x00000000015ea000 	/System/Library/PrivateFrameworks/Lexicon.framework/Versions/A/Lexicon
0x00000000015ea000 	/usr/lib/libChineseTokenizer.dylib
0x00000000015ea000 	/usr/lib/libcmph.dylib
0x00000000015ea000 	/System/Library/PrivateFrameworks/LanguageModeling.framework/Versions/A/LanguageModeling
0x00000000015ea000 	/System/Library/PrivateFrameworks/CoreEmoji.framework/Versions/A/CoreEmoji
0x00000000015ea000 	/System/Library/Frameworks/ServiceManagement.framework/Versions/A/ServiceManagement
0x00000000015ea000 	/System/Library/PrivateFrameworks/BackgroundTaskManagement.framework/Versions/A/BackgroundTaskManagement
0x00000000015ea000 	/usr/lib/libxslt.1.dylib
0x00000000015ea000 	/System/Library/Frameworks/Carbon.framework/Versions/A/Frameworks/Ink.framework/Versions/A/Ink
0x00000000015ea000 	/System/Library/PrivateFrameworks/TextureIO.framework/Versions/A/TextureIO
0x00000000015ea000 	/usr/lib/libate.dylib
0x00000000015ea000 	/System/Library/PrivateFrameworks/CrashReporterSupport.framework/Versions/A/CrashReporterSupport
0x00000000015ea000 	/System/Library/PrivateFrameworks/Sharing.framework/Versions/A/Sharing
0x00000000015ea000 	/System/Library/PrivateFrameworks/IconServices.framework/Versions/A/IconServices
0x00000000015ea000 	/System/Library/PrivateFrameworks/ProtocolBuffer.framework/Versions/A/ProtocolBuffer
0x00000000015ea000 	/System/Library/PrivateFrameworks/Apple80211.framework/Versions/A/Apple80211
0x00000000015ea000 	/System/Library/Frameworks/CoreWLAN.framework/Versions/A/CoreWLAN
0x00000000015ea000 	/System/Library/PrivateFrameworks/CoreUtils.framework/Versions/A/CoreUtils
0x00000000015ea000 	/System/Library/Frameworks/IOBluetooth.framework/Versions/A/IOBluetooth
0x00000000015ea000 	/System/Library/PrivateFrameworks/CoreWiFi.framework/Versions/A/CoreWiFi
0x00000000015ea000 	/System/Library/Frameworks/CoreBluetooth.framework/Versions/A/CoreBluetooth
0x00000000015ea000 	/System/Library/PrivateFrameworks/SignpostNotification.framework/Versions/A/SignpostNotification
0x00000000015ea000 	/System/Library/PrivateFrameworks/DebugSymbols.framework/Versions/A/DebugSymbols
0x00000000015ea000 	/System/Library/PrivateFrameworks/CoreSymbolication.framework/Versions/A/CoreSymbolication
0x00000000015ea000 	/System/Library/PrivateFrameworks/Symbolication.framework/Versions/A/Symbolication
0x00000000015ea000 	/System/Library/PrivateFrameworks/AppleFSCompression.framework/Versions/A/AppleFSCompression
0x00000000015ea000 	/System/Library/PrivateFrameworks/SpeechRecognitionCore.framework/Versions/A/SpeechRecognitionCore
0x000000010e800000 	/Library/Java/JavaVirtualMachines/jdk1.8.0_101.jdk/Contents/Home/jre/lib/server/libjvm.dylib
0x00000000015ea000 	/usr/lib/libstdc++.6.0.9.dylib
0x000000010d6e2000 	/Library/Java/JavaVirtualMachines/jdk1.8.0_101.jdk/Contents/Home/jre/lib/libverify.dylib
0x000000010d6f0000 	/Library/Java/JavaVirtualMachines/jdk1.8.0_101.jdk/Contents/Home/jre/lib/libjava.dylib
0x000000010d76f000 	/Library/Java/JavaVirtualMachines/jdk1.8.0_101.jdk/Contents/Home/jre/lib/libzip.dylib
0x00000000015ea000 	/System/Library/Frameworks/JavaVM.framework/Versions/A/Frameworks/JavaRuntimeSupport.framework/Versions/A/JavaRuntimeSupport
0x00000000015ea000 	/System/Library/Frameworks/JavaVM.framework/Versions/A/Frameworks/JavaNativeFoundation.framework/Versions/A/JavaNativeFoundation
0x00000000015ea000 	/System/Library/Frameworks/JavaVM.framework/Versions/A/JavaVM
0x00000000015ea000 	/System/Library/Frameworks/Carbon.framework/Versions/A/Carbon
0x00000000015ea000 	/System/Library/PrivateFrameworks/JavaLaunching.framework/Versions/A/JavaLaunching
0x00000000015ea000 	/System/Library/Frameworks/Carbon.framework/Versions/A/Frameworks/CommonPanels.framework/Versions/A/CommonPanels
0x00000000015ea000 	/System/Library/Frameworks/Carbon.framework/Versions/A/Frameworks/Help.framework/Versions/A/Help
0x00000000015ea000 	/System/Library/Frameworks/Carbon.framework/Versions/A/Frameworks/ImageCapture.framework/Versions/A/ImageCapture
0x00000000015ea000 	/System/Library/Frameworks/Carbon.framework/Versions/A/Frameworks/OpenScripting.framework/Versions/A/OpenScripting
0x00000000015ea000 	/System/Library/Frameworks/Carbon.framework/Versions/A/Frameworks/Print.framework/Versions/A/Print
0x00000000015ea000 	/System/Library/Frameworks/Carbon.framework/Versions/A/Frameworks/SecurityHI.framework/Versions/A/SecurityHI
0x000000012c23a000 	/Library/Java/JavaVirtualMachines/jdk1.8.0_101.jdk/Contents/Home/jre/lib/libawt.dylib
0x000000012c2e2000 	/Library/Java/JavaVirtualMachines/jdk1.8.0_101.jdk/Contents/Home/jre/lib/./libmlib_image.dylib
0x000000012c3ae000 	/Library/Java/JavaVirtualMachines/jdk1.8.0_101.jdk/Contents/Home/jre/lib/libawt_lwawt.dylib
0x000000012c463000 	/Library/Java/JavaVirtualMachines/jdk1.8.0_101.jdk/Contents/Home/jre/lib/./libosxapp.dylib
0x00000000015ea000 	/System/Library/Frameworks/ExceptionHandling.framework/Versions/A/ExceptionHandling
0x00000000015ea000 	/System/Library/PrivateFrameworks/CoreServicesInternal.framework/Versions/A/CoreServicesInternal
0x00000000015ea000 	/System/Library/CoreServices/RawCamera.bundle/Contents/MacOS/RawCamera
0x00000000015ea000 	/System/Library/PrivateFrameworks/MobileAsset.framework/Versions/A/MobileAsset
0x00000000015ea000 	/System/Library/PrivateFrameworks/StreamingZip.framework/Versions/A/StreamingZip
0x00000000015ea000 	/System/Library/Frameworks/MediaToolbox.framework/Versions/A/MediaToolbox
0x00000000015ea000 	/System/Library/PrivateFrameworks/CoreAVCHD.framework/Versions/A/CoreAVCHD
0x00000000015ea000 	/System/Library/Frameworks/MediaAccessibility.framework/Versions/A/MediaAccessibility
0x00000000015ea000 	/System/Library/PrivateFrameworks/Mangrove.framework/Versions/A/Mangrove
0x00000000015ea000 	/System/Library/Frameworks/CoreMedia.framework/Versions/A/CoreMedia
0x00000000015ea000 	/System/Library/Frameworks/VideoToolbox.framework/Versions/A/VideoToolbox
0x00000000015ea000 	/System/Library/PrivateFrameworks/CoreAUC.framework/Versions/A/CoreAUC
0x00000000015ea000 	/usr/lib/libspindump.dylib
0x00000000015ea000 	/usr/lib/libdscsym.dylib
0x00000000015ea000 	/System/Library/PrivateFrameworks/AppleVA.framework/Versions/A/AppleVA
0x00000000015ea000 	/System/Library/Frameworks/Accelerate.framework/Versions/A/Frameworks/vImage.framework/Versions/A/Libraries/libCGInterfaces.dylib
0x00000000015ea000 	/System/Library/PrivateFrameworks/FamilyControls.framework/Versions/A/FamilyControls
0x00000000015ea000 	/System/Library/PrivateFrameworks/CommerceKit.framework/Versions/A/Frameworks/CommerceCore.framework/Versions/A/CommerceCore
0x00000000015ea000 	/System/Library/PrivateFrameworks/SystemAdministration.framework/Versions/A/SystemAdministration
0x00000000015ea000 	/System/Library/PrivateFrameworks/AppContainer.framework/Versions/A/AppContainer
0x00000000015ea000 	/System/Library/PrivateFrameworks/SecCodeWrapper.framework/Versions/A/SecCodeWrapper
0x00000000015ea000 	/System/Library/PrivateFrameworks/DiskManagement.framework/Versions/A/DiskManagement
0x00000000015ea000 	/System/Library/Frameworks/DirectoryService.framework/Versions/A/DirectoryService
0x00000000015ea000 	/System/Library/PrivateFrameworks/DiskImages.framework/Versions/A/DiskImages
0x00000000015ea000 	/System/Library/PrivateFrameworks/LoginUIKit.framework/Versions/A/Frameworks/LoginUICore.framework/Versions/A/LoginUICore
0x00000000015ea000 	/usr/lib/libCoreStorage.dylib
0x00000000015ea000 	/usr/lib/libcsfde.dylib
0x00000000015ea000 	/usr/lib/libodfde.dylib
0x00000000015ea000 	/System/Library/PrivateFrameworks/MediaKit.framework/Versions/A/MediaKit
0x00000000015ea000 	/System/Library/Frameworks/DiscRecording.framework/Versions/A/DiscRecording
0x00000000015ea000 	/System/Library/PrivateFrameworks/EFILogin.framework/Versions/A/EFILogin
0x00000000015ea000 	/System/Library/PrivateFrameworks/ProtectedCloudStorage.framework/Versions/A/ProtectedCloudStorage
0x00000000015ea000 	/usr/lib/libcurl.4.dylib
0x00000000015ea000 	/usr/lib/libcrypto.35.dylib
0x00000000015ea000 	/usr/lib/libssl.35.dylib
0x00000000015ea000 	/System/Library/Frameworks/LDAP.framework/Versions/A/LDAP
0x00000000015ea000 	/System/Library/PrivateFrameworks/TrustEvaluationAgent.framework/Versions/A/TrustEvaluationAgent
0x00000000015ea000 	/usr/lib/libsasl2.2.dylib
0x00000000015ea000 	/System/Library/PrivateFrameworks/CoreDaemon.framework/Versions/B/CoreDaemon
0x00000000015ea000 	/System/Library/PrivateFrameworks/AppleSRP.framework/Versions/A/AppleSRP
0x000000012d961000 	/Library/Java/JavaVirtualMachines/jdk1.8.0_101.jdk/Contents/Home/jre/lib/libfontmanager.dylib
0x00000000015ea000 	/System/Library/Frameworks/ApplicationServices.framework/Versions/A/Frameworks/ATS.framework/Versions/A/Resources/libTrueTypeScaler.dylib
0x00000000015ea000 	/System/Library/Frameworks/OpenGL.framework/Versions/A/Resources/GLEngine.bundle/GLEngine
0x00000000015ea000 	/System/Library/Frameworks/OpenGL.framework/Versions/A/Libraries/libGLProgrammability.dylib
0x000000012e5e6000 	/System/Library/Extensions/AppleIntelHD5000GraphicsGLDriver.bundle/Contents/MacOS/AppleIntelHD5000GraphicsGLDriver
0x00000000015ea000 	/System/Library/PrivateFrameworks/GPUSupport.framework/Versions/A/Libraries/libGPUSupportMercury.dylib
0x000000012ed50000 	/System/Library/Extensions/AMDRadeonX4000GLDriver.bundle/Contents/MacOS/AMDRadeonX4000GLDriver
0x00000000015ea000 	/System/Library/Extensions/AMDRadeonX4000GLDriver.bundle/Contents/MacOS/ATIRadeonX4000SCLib.dylib
0x00000000015ea000 	/System/Library/Frameworks/OpenGL.framework/Versions/A/Resources/GLRendererFloat.bundle/GLRendererFloat
0x00000000015ea000 	/System/Library/Frameworks/OpenCL.framework/Versions/A/Libraries/libcldcpuengine.dylib
0x00000000015ea000 	/System/Library/Extensions/AppleIntelHD5000GraphicsMTLDriver.bundle/Contents/MacOS/AppleIntelHD5000GraphicsMTLDriver
0x000000012ee8d000 	/System/Library/Extensions/AMDMTLBronzeDriver.bundle/Contents/MacOS/AMDMTLBronzeDriver
0x00000000015ea000 	/System/Library/PrivateFrameworks/IOAccelMemoryInfo.framework/Versions/A/IOAccelMemoryInfo
0x00000000015ea000 	/System/Library/PrivateFrameworks/GPUCompiler.framework/Versions/3802/Libraries/libmetal_timestamp.dylib
0x000000012f3e8000 	/Library/Java/JavaVirtualMachines/jdk1.8.0_101.jdk/Contents/Home/jre/lib/libosxui.dylib
0x00000000015ea000 	/System/Library/PrivateFrameworks/ViewBridge.framework/Versions/A/ViewBridge
0x000000013042e000 	/Library/Java/JavaVirtualMachines/jdk1.8.0_101.jdk/Contents/Home/jre/lib/libnet.dylib
0x0000000130445000 	/Library/Java/JavaVirtualMachines/jdk1.8.0_101.jdk/Contents/Home/jre/lib/libnio.dylib

VM Arguments:
jvm_args: -Dfile.encoding=UTF-8 
java_command: dentist.LoginRevised
java_class_path (initial): /Users/Wrok/git/dental_assignment/bin
Launcher Type: SUN_STANDARD

Environment Variables:
PATH=/usr/bin:/bin:/usr/sbin:/sbin
SHELL=/bin/bash

Signal Handlers:
SIGSEGV: [libjvm.dylib+0x5af145], sa_mask[0]=11111111011111110111111111111111, sa_flags=SA_ONSTACK|SA_RESTART|SA_SIGINFO
SIGBUS: [libjvm.dylib+0x5af145], sa_mask[0]=11111111011111110111111111111111, sa_flags=SA_RESTART|SA_SIGINFO
SIGFPE: [libjvm.dylib+0x48694c], sa_mask[0]=11111111011111110111111111111111, sa_flags=SA_RESTART|SA_SIGINFO
SIGPIPE: [libjvm.dylib+0x48694c], sa_mask[0]=11111111011111110111111111111111, sa_flags=SA_RESTART|SA_SIGINFO
SIGXFSZ: [libjvm.dylib+0x48694c], sa_mask[0]=11111111011111110111111111111111, sa_flags=SA_RESTART|SA_SIGINFO
SIGILL: [libjvm.dylib+0x48694c], sa_mask[0]=11111111011111110111111111111111, sa_flags=SA_RESTART|SA_SIGINFO
SIGUSR1: SIG_DFL, sa_mask[0]=00000000000000000000000000000000, sa_flags=none
SIGUSR2: [libjvm.dylib+0x48646a], sa_mask[0]=00100000000000000000000000000000, sa_flags=SA_RESTART|SA_SIGINFO
SIGHUP: [libjvm.dylib+0x484a41], sa_mask[0]=11111111011111110111111111111111, sa_flags=SA_RESTART|SA_SIGINFO
SIGINT: [libjvm.dylib+0x484a41], sa_mask[0]=11111111011111110111111111111111, sa_flags=SA_RESTART|SA_SIGINFO
SIGTERM: [libjvm.dylib+0x484a41], sa_mask[0]=11111111011111110111111111111111, sa_flags=SA_RESTART|SA_SIGINFO
SIGQUIT: [libjvm.dylib+0x484a41], sa_mask[0]=11111111011111110111111111111111, sa_flags=SA_RESTART|SA_SIGINFO


---------------  S Y S T E M  ---------------

OS:Bsduname:Darwin 17.0.0 Darwin Kernel Version 17.0.0: Thu Aug 24 21:48:19 PDT 2017; root:xnu-4570.1.46~2/RELEASE_X86_64 x86_64
rlimit: STACK 8192k, CORE 0k, NPROC 1418, NOFILE 10240, AS infinity
load average:3.88 3.68 4.52

CPU:total 8 (4 cores per cpu, 2 threads per core) family 6 model 70 stepping 1, cmov, cx8, fxsr, mmx, sse, sse2, sse3, ssse3, sse4.1, sse4.2, popcnt, avx, avx2, aes, clmul, erms, lzcnt, ht, tsc, tscinvbit, bmi1, bmi2

Memory: 4k page, physical 16777216k(2750240k free)

/proc/meminfo:


vm_info: Java HotSpot(TM) 64-Bit Server VM (25.101-b13) for bsd-amd64 JRE (1.8.0_101-b13), built on Jun 22 2016 02:42:15 by "java_re" with gcc 4.2.1 (Based on Apple Inc. build 5658) (LLVM build 2336.11.00)

time: Tue Nov 21 15:11:27 2017
elapsed time: 2370 seconds (0d 0h 39m 30s)

