#
# A fatal error has been detected by the Java Runtime Environment:
#
#  SIGSEGV (0xb) at pc=0x0000000122b7ccdd, pid=10280, tid=0x000000000000c10b
#
# JRE version: Java(TM) SE Runtime Environment (8.0_101-b13) (build 1.8.0_101-b13)
# Java VM: Java HotSpot(TM) 64-Bit Server VM (25.101-b13 mixed mode bsd-amd64 compressed oops)
# Problematic frame:
# C  [libawt_lwawt.dylib+0x1acdd]  OGLSD_SetScratchSurface+0x49
#
# Failed to write core dump. Core dumps have been disabled. To enable core dumping, try "ulimit -c unlimited" before starting Java again
#
# If you would like to submit a bug report, please visit:
#   http://bugreport.java.com/bugreport/crash.jsp
# The crash happened outside the Java Virtual Machine in native code.
# See problematic frame for where to report the bug.
#

---------------  T H R E A D  ---------------

Current thread (0x00007fd55b147800):  JavaThread "Java2D Queue Flusher" daemon [_thread_in_native, id=49419, stack(0x0000700008162000,0x0000700008262000)]

siginfo: si_signo: 11 (SIGSEGV), si_code: 1 (SEGV_MAPERR), si_addr: 0x0000000000000002

Registers:
RAX=0x0000000122b9d2fa, RBX=0x0000000000000002, RCX=0x0000000000000047, RDX=0x0000000122b9d844
RSP=0x00007000082616d0, RBP=0x00007000082616f0, RSI=0x00007fd558d89cf0, RDI=0x00007fd55b1479f8
R8 =0x00007fd558d5a748, R9 =0xffffffff00000000, R10=0x000000010bb799a8, R11=0x00000001052e2b5b
R12=0x0000000000000000, R13=0x0000000107c11d58, R14=0x00007fd55b1479f8, R15=0x00007fd55b147800
RIP=0x0000000122b7ccdd, EFLAGS=0x0000000000010202, ERR=0x0000000000000004
  TRAPNO=0x000000000000000e

Top of Stack: (sp=0x00007000082616d0)
0x00007000082616d0:   00007fd558d89cf0 0000000000000000
0x00007000082616e0:   00007fd55b13f410 00007fd55b147800
0x00007000082616f0:   0000700008261770 0000000122b9d322
0x0000700008261700:   00007fd55b147800 000000000000a57b
0x0000700008261710:   00007fd558d5a700 0000000200000001
0x0000700008261720:   00007000000005ca 00007fd500000300
0x0000700008261730:   0000000000000000 00007fd55b13f420
0x0000700008261740:   000000000073ba88 00007fd55b1479f8
0x0000700008261750:   0000000107c11d58 0000000000000000
0x0000700008261760:   0000700008261818 00007fd55b147800
0x0000700008261770:   00007000082617e0 000000010bb799d4
0x0000700008261780:   00007fd55b147800 00007fd558f47a28
0x0000700008261790:   00007000082617c0 0000000105335f98
0x00007000082617a0:   00007000082617a0 0000000000000000
0x00007000082617b0:   0000700008261818 0000000107c12df0
0x00007000082617c0:   0000000000000000 0000000107c11d58
0x00007000082617d0:   0000000000000000 0000700008261800
0x00007000082617e0:   0000700008261860 000000010bb6a2bd
0x00007000082617f0:   0000000000000000 000000010bb73538
0x0000700008261800:   0000000000000020 00007fd55b13f400
0x0000700008261810:   000000076eb27c60 000000076eb27c48
0x0000700008261820:   0000700008261820 0000000107c11e05
0x0000700008261830:   0000700008261878 0000000107c12df0
0x0000700008261840:   00000001572efbf8 0000000107c11e28
0x0000700008261850:   0000700008261800 0000700008261880
0x0000700008261860:   00007000082619d0 000000010c0406c4
0x0000700008261870:   0000000000000020 000000076eb27c48
0x0000700008261880:   0000000000000041 0000000107c15940
0x0000700008261890:   0000000000000000 0000000000000000
0x00007000082618a0:   0000000000000000 0000700000000000
0x00007000082618b0:   00000000000000dc 0000000000000000
0x00007000082618c0:   0000700008261968 00007fd55b147800 

Instructions: (pc=0x0000000122b7ccdd)
0x0000000122b7ccbd:   c0 e9 82 00 00 00 48 8b 5e 10 48 85 db 75 0e bf
0x0000000122b7cccd:   01 00 00 00 48 8d 15 ef 76 03 00 eb d6 49 89 fe
0x0000000122b7ccdd:   4c 8b 3b 30 c0 e8 83 a3 02 00 49 8b 3f 49 89 c4
0x0000000122b7cced:   48 8b 35 34 f9 05 00 30 c0 e8 cb a4 02 00 48 85 

Register to memory mapping:

RAX=0x0000000122b9d2fa: Java_sun_java2d_opengl_OGLRenderQueue_flushBuffer+0x612 in /Library/Java/JavaVirtualMachines/jdk1.8.0_101.jdk/Contents/Home/jre/lib/libawt_lwawt.dylib at 0x0000000122b62000
RBX=0x0000000000000002 is an unknown value
RCX=0x0000000000000047 is an unknown value
RDX=0x0000000122b9d844: Java_sun_java2d_opengl_OGLRenderQueue_flushBuffer+0xb5c in /Library/Java/JavaVirtualMachines/jdk1.8.0_101.jdk/Contents/Home/jre/lib/libawt_lwawt.dylib at 0x0000000122b62000
RSP=0x00007000082616d0 is pointing into the stack for thread: 0x00007fd55b147800
RBP=0x00007000082616f0 is pointing into the stack for thread: 0x00007fd55b147800
RSI=0x00007fd558d89cf0 is an unknown value
RDI=0x00007fd55b1479f8 is an unknown value
R8 =0x00007fd558d5a748 is an unknown value
R9 =0xffffffff00000000 is an unknown value
R10=0x000000010bb799a8 is at code_begin+808 in an Interpreter codelet
method entry point (kind = native)  [0x000000010bb79680, 0x000000010bb79f80]  2304 bytes
R11=0x00000001052e2b5b: throw_unsatisfied_link_error+0 in /Library/Java/JavaVirtualMachines/jdk1.8.0_101.jdk/Contents/Home/jre/lib/server/libjvm.dylib at 0x0000000104e00000
R12=0x0000000000000000 is an unknown value
R13={method} {0x0000000107c11d58} 'flushBuffer' '(JI)V' in 'sun/java2d/opengl/OGLRenderQueue'
R14=0x00007fd55b1479f8 is an unknown value
R15=0x00007fd55b147800 is a thread


Stack: [0x0000700008162000,0x0000700008262000],  sp=0x00007000082616d0,  free space=1021k
Native frames: (J=compiled Java code, j=interpreted, Vv=VM code, C=native code)
C  [libawt_lwawt.dylib+0x1acdd]  OGLSD_SetScratchSurface+0x49
C  [libawt_lwawt.dylib+0x3b322]  Java_sun_java2d_opengl_OGLRenderQueue_flushBuffer+0x63a
j  sun.java2d.opengl.OGLRenderQueue.flushBuffer(JI)V+0
j  sun.java2d.opengl.OGLRenderQueue.flushBuffer()V+21
J 1517% C1 sun.java2d.opengl.OGLRenderQueue$QueueFlusher.run()V (234 bytes) @ 0x000000010c0406c4 [0x000000010c03fd00+0x9c4]
v  ~StubRoutines::call_stub
V  [libjvm.dylib+0x2ecf06]
V  [libjvm.dylib+0x2ed694]
V  [libjvm.dylib+0x2ed840]
V  [libjvm.dylib+0x348029]
V  [libjvm.dylib+0x5695ab]
V  [libjvm.dylib+0x56ac98]
V  [libjvm.dylib+0x48933a]
C  [libsystem_pthread.dylib+0x36c1]  _pthread_body+0x154
C  [libsystem_pthread.dylib+0x356d]  _pthread_body+0x0
C  [libsystem_pthread.dylib+0x2c5d]  thread_start+0xd
C  0x0000000000000000

Java frames: (J=compiled Java code, j=interpreted, Vv=VM code)
j  sun.java2d.opengl.OGLRenderQueue.flushBuffer(JI)V+0
j  sun.java2d.opengl.OGLRenderQueue.flushBuffer()V+21
J 1517% C1 sun.java2d.opengl.OGLRenderQueue$QueueFlusher.run()V (234 bytes) @ 0x000000010c0406c4 [0x000000010c03fd00+0x9c4]
v  ~StubRoutines::call_stub

---------------  P R O C E S S  ---------------

Java Threads: ( => current thread )
  0x00007fd55b297000 JavaThread "Abandoned connection cleanup thread" daemon [_thread_blocked, id=79975, stack(0x00007000086fa000,0x00007000087fa000)]
  0x00007fd55b274000 JavaThread "TimerQueue" daemon [_thread_blocked, id=76791, stack(0x00007000085f7000,0x00007000086f7000)]
  0x00007fd55b9af000 JavaThread "Java2D Disposer" daemon [_thread_blocked, id=42363, stack(0x0000700008471000,0x0000700008571000)]
=>0x00007fd55b147800 JavaThread "Java2D Queue Flusher" daemon [_thread_in_native, id=49419, stack(0x0000700008162000,0x0000700008262000)]
  0x00007fd55b002000 JavaThread "DestroyJavaVM" [_thread_blocked, id=6915, stack(0x0000700006b1d000,0x0000700006c1d000)]
  0x00007fd55b13a800 JavaThread "AWT-EventQueue-0" [_thread_blocked, id=46883, stack(0x000070000805f000,0x000070000815f000)]
  0x00007fd559145000 JavaThread "AWT-Shutdown" [_thread_blocked, id=32551, stack(0x0000700007e56000,0x0000700007f56000)]
  0x00007fd55903e000 JavaThread "AppKit Thread" daemon [_thread_in_native, id=775, stack(0x00007ffeeb65b000,0x00007ffeebe5b000)]
  0x00007fd55b867000 JavaThread "Service Thread" daemon [_thread_blocked, id=20995, stack(0x0000700007c50000,0x0000700007d50000)]
  0x00007fd55a036800 JavaThread "C1 CompilerThread3" daemon [_thread_blocked, id=20483, stack(0x0000700007b4d000,0x0000700007c4d000)]
  0x00007fd55a035800 JavaThread "C2 CompilerThread2" daemon [_thread_blocked, id=19971, stack(0x0000700007a4a000,0x0000700007b4a000)]
  0x00007fd55a010000 JavaThread "C2 CompilerThread1" daemon [_thread_blocked, id=19459, stack(0x0000700007947000,0x0000700007a47000)]
  0x00007fd55b864000 JavaThread "C2 CompilerThread0" daemon [_thread_blocked, id=18947, stack(0x0000700007844000,0x0000700007944000)]
  0x00007fd55b863800 JavaThread "Signal Dispatcher" daemon [_thread_blocked, id=18443, stack(0x0000700007741000,0x0000700007841000)]
  0x00007fd55b84a000 JavaThread "Finalizer" daemon [_thread_blocked, id=15107, stack(0x000070000763e000,0x000070000773e000)]
  0x00007fd55b847800 JavaThread "Reference Handler" daemon [_thread_blocked, id=14595, stack(0x000070000753b000,0x000070000763b000)]

Other Threads:
  0x00007fd55b013000 VMThread [stack: 0x0000700007438000,0x0000700007538000] [id=14083]
  0x00007fd55b82b800 WatcherThread [stack: 0x0000700007d53000,0x0000700007e53000] [id=21507]

VM state:not at safepoint (normal execution)

VM Mutex/Monitor currently owned by a thread: None

Heap:
 PSYoungGen      total 76288K, used 16597K [0x000000076ab00000, 0x0000000770000000, 0x00000007c0000000)
  eden space 65536K, 10% used [0x000000076ab00000,0x000000076b1eee28,0x000000076eb00000)
  from space 10752K, 88% used [0x000000076eb00000,0x000000076f446748,0x000000076f580000)
  to   space 10752K, 0% used [0x000000076f580000,0x000000076f580000,0x0000000770000000)
 ParOldGen       total 175104K, used 11872K [0x00000006c0000000, 0x00000006cab00000, 0x000000076ab00000)
  object space 175104K, 6% used [0x00000006c0000000,0x00000006c0b98380,0x00000006cab00000)
 Metaspace       used 16475K, capacity 16746K, committed 17024K, reserved 1064960K
  class space    used 2016K, capacity 2099K, committed 2176K, reserved 1048576K

Card table byte_map: [0x00000001061db000,0x00000001069dc000] byte_map_base: 0x0000000102bdb000

Marking Bits: (ParMarkBitMap*) 0x00000001056edd20
 Begin Bits: [0x000000011ab62000, 0x000000011eb62000)
 End Bits:   [0x000000011eb62000, 0x0000000122b62000)

Polling page: 0x0000000103df4000

CodeCache: size=245760Kb used=5033Kb max_used=5033Kb free=240726Kb
 bounds [0x000000010bb62000, 0x000000010c052000, 0x000000011ab62000]
 total_blobs=2124 nmethods=1536 adapters=501
 compilation: enabled

Compilation events (10 events):
Event: 7287.917 Thread 0x00007fd55a036800 1532       1       sun.awt.image.IntegerInterleavedRaster::getPixelStride (5 bytes)
Event: 7287.917 Thread 0x00007fd55a036800 nmethod 1532 0x000000010c04dc50 code [0x000000010c04dda0, 0x000000010c04deb0]
Event: 7287.963 Thread 0x00007fd55a036800 1533       3       java.util.IdentityHashMap::clear (39 bytes)
Event: 7287.964 Thread 0x00007fd55a036800 nmethod 1533 0x000000010c04df10 code [0x000000010c04e080, 0x000000010c04e3d0]
Event: 7287.966 Thread 0x00007fd55a036800 1534   !   3       sun.lwawt.LWWindowPeer::getSurfaceData (19 bytes)
Event: 7287.966 Thread 0x00007fd55a036800 nmethod 1534 0x000000010c04e510 code [0x000000010c04e680, 0x000000010c04e970]
Event: 7287.966 Thread 0x00007fd55a036800 1535       3       java.awt.geom.AffineTransform::<init> (15 bytes)
Event: 7287.967 Thread 0x00007fd55a036800 nmethod 1535 0x000000010c04ea50 code [0x000000010c04ebc0, 0x000000010c04ed90]
Event: 7288.134 Thread 0x00007fd55a036800 1536       1       java.awt.image.BufferedImage::getType (5 bytes)
Event: 7288.134 Thread 0x00007fd55a036800 nmethod 1536 0x000000010c04ee50 code [0x000000010c04efa0, 0x000000010c04f0b0]

GC Heap History (6 events):
Event: 7.648 GC heap before
{Heap before GC invocations=1 (full 0):
 PSYoungGen      total 76288K, used 65536K [0x000000076ab00000, 0x0000000770000000, 0x00000007c0000000)
  eden space 65536K, 100% used [0x000000076ab00000,0x000000076eb00000,0x000000076eb00000)
  from space 10752K, 0% used [0x000000076f580000,0x000000076f580000,0x0000000770000000)
  to   space 10752K, 0% used [0x000000076eb00000,0x000000076eb00000,0x000000076f580000)
 ParOldGen       total 175104K, used 0K [0x00000006c0000000, 0x00000006cab00000, 0x000000076ab00000)
  object space 175104K, 0% used [0x00000006c0000000,0x00000006c0000000,0x00000006cab00000)
 Metaspace       used 14027K, capacity 14250K, committed 14464K, reserved 1062912K
  class space    used 1764K, capacity 1843K, committed 1920K, reserved 1048576K
Event: 7.657 GC heap after
Heap after GC invocations=1 (full 0):
 PSYoungGen      total 76288K, used 9919K [0x000000076ab00000, 0x0000000770000000, 0x00000007c0000000)
  eden space 65536K, 0% used [0x000000076ab00000,0x000000076ab00000,0x000000076eb00000)
  from space 10752K, 92% used [0x000000076eb00000,0x000000076f4afc20,0x000000076f580000)
  to   space 10752K, 0% used [0x000000076f580000,0x000000076f580000,0x0000000770000000)
 ParOldGen       total 175104K, used 11856K [0x00000006c0000000, 0x00000006cab00000, 0x000000076ab00000)
  object space 175104K, 6% used [0x00000006c0000000,0x00000006c0b94380,0x00000006cab00000)
 Metaspace       used 14027K, capacity 14250K, committed 14464K, reserved 1062912K
  class space    used 1764K, capacity 1843K, committed 1920K, reserved 1048576K
}
Event: 147.836 GC heap before
{Heap before GC invocations=2 (full 0):
 PSYoungGen      total 76288K, used 70248K [0x000000076ab00000, 0x0000000770000000, 0x00000007c0000000)
  eden space 65536K, 92% used [0x000000076ab00000,0x000000076e5ea460,0x000000076eb00000)
  from space 10752K, 92% used [0x000000076eb00000,0x000000076f4afc20,0x000000076f580000)
  to   space 10752K, 0% used [0x000000076f580000,0x000000076f580000,0x0000000770000000)
 ParOldGen       total 175104K, used 11856K [0x00000006c0000000, 0x00000006cab00000, 0x000000076ab00000)
  object space 175104K, 6% used [0x00000006c0000000,0x00000006c0b94380,0x00000006cab00000)
 Metaspace       used 16380K, capacity 16618K, committed 17024K, reserved 1064960K
  class space    used 2012K, capacity 2099K, committed 2176K, reserved 1048576K
Event: 147.842 GC heap after
Heap after GC invocations=2 (full 0):
 PSYoungGen      total 76288K, used 10417K [0x000000076ab00000, 0x0000000770000000, 0x00000007c0000000)
  eden space 65536K, 0% used [0x000000076ab00000,0x000000076ab00000,0x000000076eb00000)
  from space 10752K, 96% used [0x000000076f580000,0x000000076ffac430,0x0000000770000000)
  to   space 10752K, 0% used [0x000000076eb00000,0x000000076eb00000,0x000000076f580000)
 ParOldGen       total 175104K, used 11864K [0x00000006c0000000, 0x00000006cab00000, 0x000000076ab00000)
  object space 175104K, 6% used [0x00000006c0000000,0x00000006c0b96380,0x00000006cab00000)
 Metaspace       used 16380K, capacity 16618K, committed 17024K, reserved 1064960K
  class space    used 2012K, capacity 2099K, committed 2176K, reserved 1048576K
}
Event: 7287.994 GC heap before
{Heap before GC invocations=3 (full 0):
 PSYoungGen      total 76288K, used 74966K [0x000000076ab00000, 0x0000000770000000, 0x00000007c0000000)
  eden space 65536K, 98% used [0x000000076ab00000,0x000000076ea096a0,0x000000076eb00000)
  from space 10752K, 96% used [0x000000076f580000,0x000000076ffac430,0x0000000770000000)
  to   space 10752K, 0% used [0x000000076eb00000,0x000000076eb00000,0x000000076f580000)
 ParOldGen       total 175104K, used 11864K [0x00000006c0000000, 0x00000006cab00000, 0x000000076ab00000)
  object space 175104K, 6% used [0x00000006c0000000,0x00000006c0b96380,0x00000006cab00000)
 Metaspace       used 16475K, capacity 16746K, committed 17024K, reserved 1064960K
  class space    used 2016K, capacity 2099K, committed 2176K, reserved 1048576K
Event: 7288.035 GC heap after
Heap after GC invocations=3 (full 0):
 PSYoungGen      total 76288K, used 9497K [0x000000076ab00000, 0x0000000770000000, 0x00000007c0000000)
  eden space 65536K, 0% used [0x000000076ab00000,0x000000076ab00000,0x000000076eb00000)
  from space 10752K, 88% used [0x000000076eb00000,0x000000076f446748,0x000000076f580000)
  to   space 10752K, 0% used [0x000000076f580000,0x000000076f580000,0x0000000770000000)
 ParOldGen       total 175104K, used 11872K [0x00000006c0000000, 0x00000006cab00000, 0x000000076ab00000)
  object space 175104K, 6% used [0x00000006c0000000,0x00000006c0b98380,0x00000006cab00000)
 Metaspace       used 16475K, capacity 16746K, committed 17024K, reserved 1064960K
  class space    used 2016K, capacity 2099K, committed 2176K, reserved 1048576K
}

Deoptimization events (10 events):
Event: 2.462 Thread 0x00007fd55b13a800 Uncommon trap: reason=class_check action=maybe_recompile pc=0x000000010bccb8d8 method=java.lang.String.equals(Ljava/lang/Object;)Z @ 8
Event: 4.394 Thread 0x00007fd55b13a800 Uncommon trap: reason=class_check action=maybe_recompile pc=0x000000010bccb8d8 method=java.lang.String.equals(Ljava/lang/Object;)Z @ 8
Event: 4.394 Thread 0x00007fd55b13a800 Uncommon trap: reason=class_check action=maybe_recompile pc=0x000000010bccb8d8 method=java.lang.String.equals(Ljava/lang/Object;)Z @ 8
Event: 7.580 Thread 0x00007fd55b13a800 Uncommon trap: reason=unstable_if action=reinterpret pc=0x000000010bd5ad1c method=java.lang.String.toLowerCase(Ljava/util/Locale;)Ljava/lang/String; @ 22
Event: 7.584 Thread 0x00007fd55b13a800 Uncommon trap: reason=unstable_if action=reinterpret pc=0x000000010beed65c method=java.security.AccessControlContext.optimize()Ljava/security/AccessControlContext; @ 220
Event: 7.585 Thread 0x00007fd55b297000 Uncommon trap: reason=unstable_if action=reinterpret pc=0x000000010bd4bc2c method=java.lang.String.indexOf([CII[CIII)I @ 3
Event: 7.739 Thread 0x00007fd55b13a800 Uncommon trap: reason=unstable_if action=reinterpret pc=0x000000010bf13cd4 method=java.util.Properties.loadConvert([CII[C)Ljava/lang/String; @ 4
Event: 7.751 Thread 0x00007fd55b13a800 Uncommon trap: reason=unstable_if action=reinterpret pc=0x000000010bf79214 method=java.util.Properties$LineReader.readLine()I @ 174
Event: 7.751 Thread 0x00007fd55b13a800 Uncommon trap: reason=class_check action=maybe_recompile pc=0x000000010bf11484 method=java.util.Properties$LineReader.readLine()I @ 62
Event: 78.146 Thread 0x00007fd55b13a800 Uncommon trap: reason=unstable_if action=reinterpret pc=0x000000010bfc1bdc method=java.awt.Container.findComponentAtImpl(IIZ)Ljava/awt/Component; @ 6

Internal exceptions (10 events):
Event: 0.029 Thread 0x00007fd55b002000 Exception <a 'java/lang/NoSuchMethodError': Method sun.misc.Unsafe.prefetchRead(Ljava/lang/Object;J)V name or signature does not match> (0x000000076ab07fa8) thrown at [/HUDSON3/workspace/8-2-build-macosx-x86_64/jdk8u101/7261/hotspot/src/share/vm/prims/jni
Event: 0.087 Thread 0x00007fd55b002000 Exception <a 'java/security/PrivilegedActionException'> (0x000000076ab904f0) thrown at [/HUDSON3/workspace/8-2-build-macosx-x86_64/jdk8u101/7261/hotspot/src/share/vm/prims/jvm.cpp, line 1386]
Event: 0.087 Thread 0x00007fd55b002000 Exception <a 'java/security/PrivilegedActionException'> (0x000000076ab90700) thrown at [/HUDSON3/workspace/8-2-build-macosx-x86_64/jdk8u101/7261/hotspot/src/share/vm/prims/jvm.cpp, line 1386]
Event: 0.087 Thread 0x00007fd55b002000 Exception <a 'java/security/PrivilegedActionException'> (0x000000076ab93a08) thrown at [/HUDSON3/workspace/8-2-build-macosx-x86_64/jdk8u101/7261/hotspot/src/share/vm/prims/jvm.cpp, line 1386]
Event: 0.087 Thread 0x00007fd55b002000 Exception <a 'java/security/PrivilegedActionException'> (0x000000076ab93c18) thrown at [/HUDSON3/workspace/8-2-build-macosx-x86_64/jdk8u101/7261/hotspot/src/share/vm/prims/jvm.cpp, line 1386]
Event: 0.122 Thread 0x00007fd55b002000 Exception <a 'java/lang/NoSuchFieldError': method resolution failed> (0x000000076adb5f70) thrown at [/HUDSON3/workspace/8-2-build-macosx-x86_64/jdk8u101/7261/hotspot/src/share/vm/prims/methodHandles.cpp, line 1146]
Event: 0.123 Thread 0x00007fd55b002000 Exception <a 'java/lang/NoSuchFieldError': method resolution failed> (0x000000076adc3740) thrown at [/HUDSON3/workspace/8-2-build-macosx-x86_64/jdk8u101/7261/hotspot/src/share/vm/prims/methodHandles.cpp, line 1146]
Event: 0.219 Thread 0x00007fd55b002000 Exception <a 'java/io/FileNotFoundException'> (0x000000076ae3e0f0) thrown at [/HUDSON3/workspace/8-2-build-macosx-x86_64/jdk8u101/7261/hotspot/src/share/vm/prims/jni.cpp, line 709]
Event: 0.219 Thread 0x00007fd55b002000 Exception <a 'java/io/FileNotFoundException'> (0x000000076ae3ec50) thrown at [/HUDSON3/workspace/8-2-build-macosx-x86_64/jdk8u101/7261/hotspot/src/share/vm/prims/jni.cpp, line 709]
Event: 0.240 Thread 0x00007fd55b13a800 Exception <a 'java/io/FileNotFoundException'> (0x000000076b02e4f0) thrown at [/HUDSON3/workspace/8-2-build-macosx-x86_64/jdk8u101/7261/hotspot/src/share/vm/prims/jni.cpp, line 709]

Events (10 events):
Event: 5337.202 loading class java/awt/image/BufferedImage$1
Event: 5337.203 loading class java/awt/image/BufferedImage$1 done
Event: 5337.259 loading class sun/awt/image/BufferedImageDevice
Event: 5337.260 loading class sun/awt/image/BufferedImageDevice done
Event: 5337.844 loading class sun/java2d/loops/Blit$GeneralMaskBlit
Event: 5337.844 loading class sun/java2d/loops/Blit$GeneralMaskBlit done
Event: 7287.994 Executing VM operation: ParallelGCFailedAllocation
Event: 7288.035 Executing VM operation: ParallelGCFailedAllocation done
Event: 7288.038 Executing VM operation: RevokeBias
Event: 7288.055 Executing VM operation: RevokeBias done


Dynamic libraries:
0x0000000025a88000 	/System/Library/Frameworks/Cocoa.framework/Versions/A/Cocoa
0x0000000025a88000 	/System/Library/Frameworks/Security.framework/Versions/A/Security
0x0000000025a88000 	/System/Library/Frameworks/ApplicationServices.framework/Versions/A/ApplicationServices
0x0000000025a88000 	/usr/lib/libz.1.dylib
0x0000000025a88000 	/usr/lib/libSystem.B.dylib
0x0000000025a88000 	/usr/lib/libobjc.A.dylib
0x0000000025a88000 	/System/Library/Frameworks/CoreFoundation.framework/Versions/A/CoreFoundation
0x0000000025a88000 	/System/Library/Frameworks/Foundation.framework/Versions/C/Foundation
0x0000000025a88000 	/System/Library/Frameworks/AppKit.framework/Versions/C/AppKit
0x0000000025a88000 	/System/Library/Frameworks/CoreData.framework/Versions/A/CoreData
0x0000000025a88000 	/System/Library/PrivateFrameworks/RemoteViewServices.framework/Versions/A/RemoteViewServices
0x0000000025a88000 	/System/Library/PrivateFrameworks/UIFoundation.framework/Versions/A/UIFoundation
0x0000000025a88000 	/System/Library/PrivateFrameworks/DFRFoundation.framework/Versions/A/DFRFoundation
0x0000000025a88000 	/System/Library/Frameworks/Metal.framework/Versions/A/Metal
0x0000000025a88000 	/System/Library/PrivateFrameworks/DesktopServicesPriv.framework/Versions/A/DesktopServicesPriv
0x0000000025a88000 	/usr/lib/libenergytrace.dylib
0x0000000025a88000 	/System/Library/PrivateFrameworks/SkyLight.framework/Versions/A/SkyLight
0x0000000025a88000 	/System/Library/Frameworks/CoreGraphics.framework/Versions/A/CoreGraphics
0x0000000025a88000 	/usr/lib/libScreenReader.dylib
0x0000000025a88000 	/System/Library/Frameworks/Accelerate.framework/Versions/A/Accelerate
0x0000000025a88000 	/System/Library/Frameworks/IOSurface.framework/Versions/A/IOSurface
0x0000000025a88000 	/System/Library/Frameworks/AudioToolbox.framework/Versions/A/AudioToolbox
0x0000000025a88000 	/System/Library/Frameworks/AudioUnit.framework/Versions/A/AudioUnit
0x0000000025a88000 	/System/Library/PrivateFrameworks/DataDetectorsCore.framework/Versions/A/DataDetectorsCore
0x0000000025a88000 	/System/Library/Frameworks/Carbon.framework/Versions/A/Frameworks/HIToolbox.framework/Versions/A/HIToolbox
0x0000000025a88000 	/usr/lib/libicucore.A.dylib
0x0000000025a88000 	/System/Library/Frameworks/QuartzCore.framework/Versions/A/QuartzCore
0x0000000025a88000 	/System/Library/Frameworks/Carbon.framework/Versions/A/Frameworks/SpeechRecognition.framework/Versions/A/SpeechRecognition
0x0000000025a88000 	/usr/lib/libauto.dylib
0x0000000025a88000 	/usr/lib/libxml2.2.dylib
0x0000000025a88000 	/System/Library/PrivateFrameworks/CoreUI.framework/Versions/A/CoreUI
0x0000000025a88000 	/System/Library/Frameworks/CoreAudio.framework/Versions/A/CoreAudio
0x0000000025a88000 	/System/Library/Frameworks/DiskArbitration.framework/Versions/A/DiskArbitration
0x0000000025a88000 	/usr/lib/liblangid.dylib
0x0000000025a88000 	/System/Library/PrivateFrameworks/MultitouchSupport.framework/Versions/A/MultitouchSupport
0x0000000025a88000 	/System/Library/Frameworks/IOKit.framework/Versions/A/IOKit
0x0000000025a88000 	/usr/lib/libDiagnosticMessagesClient.dylib
0x0000000025a88000 	/System/Library/Frameworks/CoreServices.framework/Versions/A/CoreServices
0x0000000025a88000 	/System/Library/PrivateFrameworks/PerformanceAnalysis.framework/Versions/A/PerformanceAnalysis
0x0000000025a88000 	/System/Library/Frameworks/OpenGL.framework/Versions/A/OpenGL
0x0000000025a88000 	/System/Library/Frameworks/ColorSync.framework/Versions/A/ColorSync
0x0000000025a88000 	/System/Library/Frameworks/CoreImage.framework/Versions/A/CoreImage
0x0000000025a88000 	/System/Library/Frameworks/CoreText.framework/Versions/A/CoreText
0x0000000025a88000 	/System/Library/Frameworks/ImageIO.framework/Versions/A/ImageIO
0x0000000025a88000 	/System/Library/PrivateFrameworks/Backup.framework/Versions/A/Backup
0x0000000025a88000 	/usr/lib/libarchive.2.dylib
0x0000000025a88000 	/System/Library/Frameworks/CFNetwork.framework/Versions/A/CFNetwork
0x0000000025a88000 	/System/Library/Frameworks/SystemConfiguration.framework/Versions/A/SystemConfiguration
0x0000000025a88000 	/usr/lib/libCRFSuite.dylib
0x0000000025a88000 	/usr/lib/libc++.1.dylib
0x0000000025a88000 	/usr/lib/libc++abi.dylib
0x0000000025a88000 	/usr/lib/system/libcache.dylib
0x0000000025a88000 	/usr/lib/system/libcommonCrypto.dylib
0x0000000025a88000 	/usr/lib/system/libcompiler_rt.dylib
0x0000000025a88000 	/usr/lib/system/libcopyfile.dylib
0x0000000025a88000 	/usr/lib/system/libcorecrypto.dylib
0x0000000025a88000 	/usr/lib/system/libdispatch.dylib
0x0000000025a88000 	/usr/lib/system/libdyld.dylib
0x0000000025a88000 	/usr/lib/system/libkeymgr.dylib
0x0000000025a88000 	/usr/lib/system/liblaunch.dylib
0x0000000025a88000 	/usr/lib/system/libmacho.dylib
0x0000000025a88000 	/usr/lib/system/libquarantine.dylib
0x0000000025a88000 	/usr/lib/system/libremovefile.dylib
0x0000000025a88000 	/usr/lib/system/libsystem_asl.dylib
0x0000000025a88000 	/usr/lib/system/libsystem_blocks.dylib
0x0000000025a88000 	/usr/lib/system/libsystem_c.dylib
0x0000000025a88000 	/usr/lib/system/libsystem_configuration.dylib
0x0000000025a88000 	/usr/lib/system/libsystem_coreservices.dylib
0x0000000025a88000 	/usr/lib/system/libsystem_darwin.dylib
0x0000000025a88000 	/usr/lib/system/libsystem_dnssd.dylib
0x0000000025a88000 	/usr/lib/system/libsystem_info.dylib
0x0000000025a88000 	/usr/lib/system/libsystem_m.dylib
0x0000000025a88000 	/usr/lib/system/libsystem_malloc.dylib
0x0000000025a88000 	/usr/lib/system/libsystem_network.dylib
0x0000000025a88000 	/usr/lib/system/libsystem_networkextension.dylib
0x0000000025a88000 	/usr/lib/system/libsystem_notify.dylib
0x0000000025a88000 	/usr/lib/system/libsystem_sandbox.dylib
0x0000000025a88000 	/usr/lib/system/libsystem_secinit.dylib
0x0000000025a88000 	/usr/lib/system/libsystem_kernel.dylib
0x0000000025a88000 	/usr/lib/system/libsystem_platform.dylib
0x0000000025a88000 	/usr/lib/system/libsystem_pthread.dylib
0x0000000025a88000 	/usr/lib/system/libsystem_symptoms.dylib
0x0000000025a88000 	/usr/lib/system/libsystem_trace.dylib
0x0000000025a88000 	/usr/lib/system/libunwind.dylib
0x0000000025a88000 	/usr/lib/system/libxpc.dylib
0x0000000025a88000 	/usr/lib/closure/libclosured.dylib
0x0000000025a88000 	/usr/lib/libbsm.0.dylib
0x0000000025a88000 	/usr/lib/system/libkxld.dylib
0x0000000025a88000 	/usr/lib/libOpenScriptingUtil.dylib
0x0000000025a88000 	/usr/lib/libcoretls.dylib
0x0000000025a88000 	/usr/lib/libcoretls_cfhelpers.dylib
0x0000000025a88000 	/usr/lib/libpam.2.dylib
0x0000000025a88000 	/usr/lib/libsqlite3.dylib
0x0000000025a88000 	/usr/lib/libxar.1.dylib
0x0000000025a88000 	/usr/lib/libbz2.1.0.dylib
0x0000000025a88000 	/usr/lib/liblzma.5.dylib
0x0000000025a88000 	/usr/lib/libnetwork.dylib
0x0000000025a88000 	/usr/lib/libapple_nghttp2.dylib
0x0000000025a88000 	/usr/lib/libpcap.A.dylib
0x0000000025a88000 	/usr/lib/libboringssl.dylib
0x0000000025a88000 	/usr/lib/libusrtcp.dylib
0x0000000025a88000 	/usr/lib/libapple_crypto.dylib
0x0000000025a88000 	/System/Library/Frameworks/CoreServices.framework/Versions/A/Frameworks/FSEvents.framework/Versions/A/FSEvents
0x0000000025a88000 	/System/Library/Frameworks/CoreServices.framework/Versions/A/Frameworks/CarbonCore.framework/Versions/A/CarbonCore
0x0000000025a88000 	/System/Library/Frameworks/CoreServices.framework/Versions/A/Frameworks/Metadata.framework/Versions/A/Metadata
0x0000000025a88000 	/System/Library/Frameworks/CoreServices.framework/Versions/A/Frameworks/OSServices.framework/Versions/A/OSServices
0x0000000025a88000 	/System/Library/Frameworks/CoreServices.framework/Versions/A/Frameworks/SearchKit.framework/Versions/A/SearchKit
0x0000000025a88000 	/System/Library/Frameworks/CoreServices.framework/Versions/A/Frameworks/AE.framework/Versions/A/AE
0x0000000025a88000 	/System/Library/Frameworks/CoreServices.framework/Versions/A/Frameworks/LaunchServices.framework/Versions/A/LaunchServices
0x0000000025a88000 	/System/Library/Frameworks/CoreServices.framework/Versions/A/Frameworks/DictionaryServices.framework/Versions/A/DictionaryServices
0x0000000025a88000 	/System/Library/Frameworks/CoreServices.framework/Versions/A/Frameworks/SharedFileList.framework/Versions/A/SharedFileList
0x0000000025a88000 	/System/Library/Frameworks/NetFS.framework/Versions/A/NetFS
0x0000000025a88000 	/System/Library/PrivateFrameworks/NetAuth.framework/Versions/A/NetAuth
0x0000000025a88000 	/System/Library/PrivateFrameworks/login.framework/Versions/A/Frameworks/loginsupport.framework/Versions/A/loginsupport
0x0000000025a88000 	/System/Library/PrivateFrameworks/TCC.framework/Versions/A/TCC
0x0000000025a88000 	/usr/lib/libmecabra.dylib
0x0000000025a88000 	/System/Library/Frameworks/ApplicationServices.framework/Versions/A/Frameworks/ATS.framework/Versions/A/ATS
0x0000000025a88000 	/System/Library/Frameworks/ApplicationServices.framework/Versions/A/Frameworks/ColorSyncLegacy.framework/Versions/A/ColorSyncLegacy
0x0000000025a88000 	/System/Library/Frameworks/ApplicationServices.framework/Versions/A/Frameworks/HIServices.framework/Versions/A/HIServices
0x0000000025a88000 	/System/Library/Frameworks/ApplicationServices.framework/Versions/A/Frameworks/LangAnalysis.framework/Versions/A/LangAnalysis
0x0000000025a88000 	/System/Library/Frameworks/ApplicationServices.framework/Versions/A/Frameworks/PrintCore.framework/Versions/A/PrintCore
0x0000000025a88000 	/System/Library/Frameworks/ApplicationServices.framework/Versions/A/Frameworks/QD.framework/Versions/A/QD
0x0000000025a88000 	/System/Library/Frameworks/ApplicationServices.framework/Versions/A/Frameworks/SpeechSynthesis.framework/Versions/A/SpeechSynthesis
0x0000000025a88000 	/System/Library/Frameworks/CoreDisplay.framework/Versions/A/CoreDisplay
0x0000000025a88000 	/System/Library/Frameworks/Accelerate.framework/Versions/A/Frameworks/vImage.framework/Versions/A/vImage
0x0000000025a88000 	/System/Library/Frameworks/Accelerate.framework/Versions/A/Frameworks/vecLib.framework/Versions/A/vecLib
0x0000000025a88000 	/System/Library/Frameworks/Accelerate.framework/Versions/A/Frameworks/vecLib.framework/Versions/A/libvDSP.dylib
0x0000000025a88000 	/System/Library/Frameworks/Accelerate.framework/Versions/A/Frameworks/vecLib.framework/Versions/A/libBNNS.dylib
0x0000000025a88000 	/System/Library/Frameworks/Accelerate.framework/Versions/A/Frameworks/vecLib.framework/Versions/A/libQuadrature.dylib
0x0000000025a88000 	/System/Library/Frameworks/Accelerate.framework/Versions/A/Frameworks/vecLib.framework/Versions/A/libvMisc.dylib
0x0000000025a88000 	/System/Library/Frameworks/Accelerate.framework/Versions/A/Frameworks/vecLib.framework/Versions/A/libLAPACK.dylib
0x0000000025a88000 	/System/Library/Frameworks/Accelerate.framework/Versions/A/Frameworks/vecLib.framework/Versions/A/libBLAS.dylib
0x0000000025a88000 	/System/Library/Frameworks/Accelerate.framework/Versions/A/Frameworks/vecLib.framework/Versions/A/libLinearAlgebra.dylib
0x0000000025a88000 	/System/Library/Frameworks/Accelerate.framework/Versions/A/Frameworks/vecLib.framework/Versions/A/libSparse.dylib
0x0000000025a88000 	/System/Library/Frameworks/Accelerate.framework/Versions/A/Frameworks/vecLib.framework/Versions/A/libSparseBLAS.dylib
0x0000000025a88000 	/System/Library/PrivateFrameworks/IOAccelerator.framework/Versions/A/IOAccelerator
0x0000000025a88000 	/System/Library/PrivateFrameworks/IOPresentment.framework/Versions/A/IOPresentment
0x0000000025a88000 	/System/Library/PrivateFrameworks/DSExternalDisplay.framework/Versions/A/DSExternalDisplay
0x0000000025a88000 	/System/Library/Frameworks/OpenGL.framework/Versions/A/Libraries/libCoreFSCache.dylib
0x0000000025a88000 	/System/Library/Frameworks/CoreVideo.framework/Versions/A/CoreVideo
0x0000000025a88000 	/System/Library/PrivateFrameworks/GraphVisualizer.framework/Versions/A/GraphVisualizer
0x0000000025a88000 	/System/Library/Frameworks/MetalPerformanceShaders.framework/Versions/A/MetalPerformanceShaders
0x0000000025a88000 	/usr/lib/libFosl_dynamic.dylib
0x0000000025a88000 	/System/Library/PrivateFrameworks/FaceCore.framework/Versions/A/FaceCore
0x0000000025a88000 	/System/Library/Frameworks/OpenCL.framework/Versions/A/OpenCL
0x0000000025a88000 	/usr/lib/libcompression.dylib
0x0000000025a88000 	/System/Library/Frameworks/ApplicationServices.framework/Versions/A/Frameworks/ATS.framework/Versions/A/Resources/libFontParser.dylib
0x0000000025a88000 	/System/Library/Frameworks/ApplicationServices.framework/Versions/A/Frameworks/ATS.framework/Versions/A/Resources/libFontRegistry.dylib
0x0000000025a88000 	/System/Library/Frameworks/ImageIO.framework/Versions/A/Resources/libJPEG.dylib
0x0000000025a88000 	/System/Library/Frameworks/ImageIO.framework/Versions/A/Resources/libTIFF.dylib
0x0000000025a88000 	/System/Library/Frameworks/ImageIO.framework/Versions/A/Resources/libPng.dylib
0x0000000025a88000 	/System/Library/Frameworks/ImageIO.framework/Versions/A/Resources/libGIF.dylib
0x0000000025a88000 	/System/Library/Frameworks/ImageIO.framework/Versions/A/Resources/libJP2.dylib
0x0000000025a88000 	/System/Library/Frameworks/ImageIO.framework/Versions/A/Resources/libRadiance.dylib
0x0000000025a88000 	/System/Library/PrivateFrameworks/AppleJPEG.framework/Versions/A/AppleJPEG
0x0000000025a88000 	/System/Library/PrivateFrameworks/MetalTools.framework/Versions/A/MetalTools
0x0000000025a88000 	/System/Library/Frameworks/MetalPerformanceShaders.framework/Frameworks/MPSCore.framework/Versions/A/MPSCore
0x0000000025a88000 	/System/Library/Frameworks/MetalPerformanceShaders.framework/Frameworks/MPSImage.framework/Versions/A/MPSImage
0x0000000025a88000 	/System/Library/Frameworks/MetalPerformanceShaders.framework/Frameworks/MPSMatrix.framework/Versions/A/MPSMatrix
0x0000000025a88000 	/System/Library/Frameworks/MetalPerformanceShaders.framework/Frameworks/MPSNeuralNetwork.framework/Versions/A/MPSNeuralNetwork
0x0000000025a88000 	/System/Library/Frameworks/OpenGL.framework/Versions/A/Libraries/libGLU.dylib
0x0000000025a88000 	/System/Library/Frameworks/OpenGL.framework/Versions/A/Libraries/libGFXShared.dylib
0x0000000025a88000 	/System/Library/Frameworks/OpenGL.framework/Versions/A/Libraries/libGL.dylib
0x0000000025a88000 	/System/Library/Frameworks/OpenGL.framework/Versions/A/Libraries/libGLImage.dylib
0x0000000025a88000 	/System/Library/Frameworks/OpenGL.framework/Versions/A/Libraries/libCVMSPluginSupport.dylib
0x0000000025a88000 	/System/Library/Frameworks/OpenGL.framework/Versions/A/Libraries/libCoreVMClient.dylib
0x0000000025a88000 	/usr/lib/libcups.2.dylib
0x0000000025a88000 	/System/Library/Frameworks/Kerberos.framework/Versions/A/Kerberos
0x0000000025a88000 	/System/Library/Frameworks/GSS.framework/Versions/A/GSS
0x0000000025a88000 	/usr/lib/libresolv.9.dylib
0x0000000025a88000 	/usr/lib/libiconv.2.dylib
0x0000000025a88000 	/System/Library/PrivateFrameworks/Heimdal.framework/Versions/A/Heimdal
0x0000000025a88000 	/usr/lib/libheimdal-asn1.dylib
0x0000000025a88000 	/System/Library/Frameworks/OpenDirectory.framework/Versions/A/OpenDirectory
0x0000000025a88000 	/System/Library/PrivateFrameworks/CommonAuth.framework/Versions/A/CommonAuth
0x0000000025a88000 	/System/Library/Frameworks/OpenDirectory.framework/Versions/A/Frameworks/CFOpenDirectory.framework/Versions/A/CFOpenDirectory
0x0000000025a88000 	/System/Library/Frameworks/SecurityFoundation.framework/Versions/A/SecurityFoundation
0x0000000025a88000 	/System/Library/PrivateFrameworks/APFS.framework/Versions/A/APFS
0x0000000025a88000 	/usr/lib/libutil.dylib
0x0000000025a88000 	/System/Library/PrivateFrameworks/AppleSauce.framework/Versions/A/AppleSauce
0x0000000025a88000 	/System/Library/PrivateFrameworks/LinguisticData.framework/Versions/A/LinguisticData
0x0000000025a88000 	/usr/lib/libmarisa.dylib
0x0000000025a88000 	/System/Library/PrivateFrameworks/Lexicon.framework/Versions/A/Lexicon
0x0000000025a88000 	/usr/lib/libChineseTokenizer.dylib
0x0000000025a88000 	/usr/lib/libcmph.dylib
0x0000000025a88000 	/System/Library/PrivateFrameworks/LanguageModeling.framework/Versions/A/LanguageModeling
0x0000000025a88000 	/System/Library/PrivateFrameworks/CoreEmoji.framework/Versions/A/CoreEmoji
0x0000000025a88000 	/System/Library/Frameworks/ServiceManagement.framework/Versions/A/ServiceManagement
0x0000000025a88000 	/System/Library/PrivateFrameworks/BackgroundTaskManagement.framework/Versions/A/BackgroundTaskManagement
0x0000000025a88000 	/usr/lib/libxslt.1.dylib
0x0000000025a88000 	/System/Library/Frameworks/Carbon.framework/Versions/A/Frameworks/Ink.framework/Versions/A/Ink
0x0000000025a88000 	/System/Library/PrivateFrameworks/TextureIO.framework/Versions/A/TextureIO
0x0000000025a88000 	/usr/lib/libate.dylib
0x0000000025a88000 	/System/Library/PrivateFrameworks/CrashReporterSupport.framework/Versions/A/CrashReporterSupport
0x0000000025a88000 	/System/Library/PrivateFrameworks/Sharing.framework/Versions/A/Sharing
0x0000000025a88000 	/System/Library/PrivateFrameworks/IconServices.framework/Versions/A/IconServices
0x0000000025a88000 	/System/Library/PrivateFrameworks/ProtocolBuffer.framework/Versions/A/ProtocolBuffer
0x0000000025a88000 	/System/Library/PrivateFrameworks/Apple80211.framework/Versions/A/Apple80211
0x0000000025a88000 	/System/Library/Frameworks/CoreWLAN.framework/Versions/A/CoreWLAN
0x0000000025a88000 	/System/Library/PrivateFrameworks/CoreUtils.framework/Versions/A/CoreUtils
0x0000000025a88000 	/System/Library/Frameworks/IOBluetooth.framework/Versions/A/IOBluetooth
0x0000000025a88000 	/System/Library/PrivateFrameworks/CoreWiFi.framework/Versions/A/CoreWiFi
0x0000000025a88000 	/System/Library/Frameworks/CoreBluetooth.framework/Versions/A/CoreBluetooth
0x0000000025a88000 	/System/Library/PrivateFrameworks/SignpostNotification.framework/Versions/A/SignpostNotification
0x0000000025a88000 	/System/Library/PrivateFrameworks/DebugSymbols.framework/Versions/A/DebugSymbols
0x0000000025a88000 	/System/Library/PrivateFrameworks/CoreSymbolication.framework/Versions/A/CoreSymbolication
0x0000000025a88000 	/System/Library/PrivateFrameworks/Symbolication.framework/Versions/A/Symbolication
0x0000000025a88000 	/System/Library/PrivateFrameworks/AppleFSCompression.framework/Versions/A/AppleFSCompression
0x0000000025a88000 	/System/Library/PrivateFrameworks/SpeechRecognitionCore.framework/Versions/A/SpeechRecognitionCore
0x0000000104e00000 	/Library/Java/JavaVirtualMachines/jdk1.8.0_101.jdk/Contents/Home/jre/lib/server/libjvm.dylib
0x0000000025a88000 	/usr/lib/libstdc++.6.0.9.dylib
0x0000000103de6000 	/Library/Java/JavaVirtualMachines/jdk1.8.0_101.jdk/Contents/Home/jre/lib/libverify.dylib
0x0000000105d9d000 	/Library/Java/JavaVirtualMachines/jdk1.8.0_101.jdk/Contents/Home/jre/lib/libjava.dylib
0x0000000105e12000 	/Library/Java/JavaVirtualMachines/jdk1.8.0_101.jdk/Contents/Home/jre/lib/libzip.dylib
0x0000000025a88000 	/System/Library/Frameworks/JavaVM.framework/Versions/A/Frameworks/JavaRuntimeSupport.framework/Versions/A/JavaRuntimeSupport
0x0000000025a88000 	/System/Library/Frameworks/JavaVM.framework/Versions/A/Frameworks/JavaNativeFoundation.framework/Versions/A/JavaNativeFoundation
0x0000000025a88000 	/System/Library/Frameworks/JavaVM.framework/Versions/A/JavaVM
0x0000000025a88000 	/System/Library/Frameworks/Carbon.framework/Versions/A/Carbon
0x0000000025a88000 	/System/Library/PrivateFrameworks/JavaLaunching.framework/Versions/A/JavaLaunching
0x0000000025a88000 	/System/Library/Frameworks/Carbon.framework/Versions/A/Frameworks/CommonPanels.framework/Versions/A/CommonPanels
0x0000000025a88000 	/System/Library/Frameworks/Carbon.framework/Versions/A/Frameworks/Help.framework/Versions/A/Help
0x0000000025a88000 	/System/Library/Frameworks/Carbon.framework/Versions/A/Frameworks/ImageCapture.framework/Versions/A/ImageCapture
0x0000000025a88000 	/System/Library/Frameworks/Carbon.framework/Versions/A/Frameworks/OpenScripting.framework/Versions/A/OpenScripting
0x0000000025a88000 	/System/Library/Frameworks/Carbon.framework/Versions/A/Frameworks/Print.framework/Versions/A/Print
0x0000000025a88000 	/System/Library/Frameworks/Carbon.framework/Versions/A/Frameworks/SecurityHI.framework/Versions/A/SecurityHI
0x000000010b89c000 	/Library/Java/JavaVirtualMachines/jdk1.8.0_101.jdk/Contents/Home/jre/lib/libawt.dylib
0x000000010b944000 	/Library/Java/JavaVirtualMachines/jdk1.8.0_101.jdk/Contents/Home/jre/lib/./libmlib_image.dylib
0x0000000122b62000 	/Library/Java/JavaVirtualMachines/jdk1.8.0_101.jdk/Contents/Home/jre/lib/libawt_lwawt.dylib
0x000000010ba10000 	/Library/Java/JavaVirtualMachines/jdk1.8.0_101.jdk/Contents/Home/jre/lib/./libosxapp.dylib
0x0000000025a88000 	/System/Library/Frameworks/ExceptionHandling.framework/Versions/A/ExceptionHandling
0x0000000025a88000 	/System/Library/PrivateFrameworks/CoreServicesInternal.framework/Versions/A/CoreServicesInternal
0x0000000025a88000 	/System/Library/CoreServices/RawCamera.bundle/Contents/MacOS/RawCamera
0x0000000025a88000 	/System/Library/PrivateFrameworks/MobileAsset.framework/Versions/A/MobileAsset
0x0000000025a88000 	/System/Library/PrivateFrameworks/StreamingZip.framework/Versions/A/StreamingZip
0x0000000025a88000 	/System/Library/Frameworks/MediaToolbox.framework/Versions/A/MediaToolbox
0x0000000025a88000 	/System/Library/PrivateFrameworks/CoreAVCHD.framework/Versions/A/CoreAVCHD
0x0000000025a88000 	/System/Library/Frameworks/MediaAccessibility.framework/Versions/A/MediaAccessibility
0x0000000025a88000 	/System/Library/PrivateFrameworks/Mangrove.framework/Versions/A/Mangrove
0x0000000025a88000 	/System/Library/Frameworks/CoreMedia.framework/Versions/A/CoreMedia
0x0000000025a88000 	/System/Library/Frameworks/VideoToolbox.framework/Versions/A/VideoToolbox
0x0000000025a88000 	/System/Library/PrivateFrameworks/CoreAUC.framework/Versions/A/CoreAUC
0x0000000025a88000 	/usr/lib/libspindump.dylib
0x0000000025a88000 	/usr/lib/libdscsym.dylib
0x0000000025a88000 	/System/Library/PrivateFrameworks/AppleVA.framework/Versions/A/AppleVA
0x0000000025a88000 	/System/Library/Frameworks/Accelerate.framework/Versions/A/Frameworks/vImage.framework/Versions/A/Libraries/libCGInterfaces.dylib
0x0000000025a88000 	/System/Library/PrivateFrameworks/FamilyControls.framework/Versions/A/FamilyControls
0x0000000025a88000 	/System/Library/PrivateFrameworks/CommerceKit.framework/Versions/A/Frameworks/CommerceCore.framework/Versions/A/CommerceCore
0x0000000025a88000 	/System/Library/PrivateFrameworks/SystemAdministration.framework/Versions/A/SystemAdministration
0x0000000025a88000 	/System/Library/PrivateFrameworks/AppContainer.framework/Versions/A/AppContainer
0x0000000025a88000 	/System/Library/PrivateFrameworks/SecCodeWrapper.framework/Versions/A/SecCodeWrapper
0x0000000025a88000 	/System/Library/PrivateFrameworks/DiskManagement.framework/Versions/A/DiskManagement
0x0000000025a88000 	/System/Library/Frameworks/DirectoryService.framework/Versions/A/DirectoryService
0x0000000025a88000 	/System/Library/PrivateFrameworks/DiskImages.framework/Versions/A/DiskImages
0x0000000025a88000 	/System/Library/PrivateFrameworks/LoginUIKit.framework/Versions/A/Frameworks/LoginUICore.framework/Versions/A/LoginUICore
0x0000000025a88000 	/usr/lib/libCoreStorage.dylib
0x0000000025a88000 	/usr/lib/libcsfde.dylib
0x0000000025a88000 	/usr/lib/libodfde.dylib
0x0000000025a88000 	/System/Library/PrivateFrameworks/MediaKit.framework/Versions/A/MediaKit
0x0000000025a88000 	/System/Library/Frameworks/DiscRecording.framework/Versions/A/DiscRecording
0x0000000025a88000 	/System/Library/PrivateFrameworks/EFILogin.framework/Versions/A/EFILogin
0x0000000025a88000 	/System/Library/PrivateFrameworks/ProtectedCloudStorage.framework/Versions/A/ProtectedCloudStorage
0x0000000025a88000 	/usr/lib/libcurl.4.dylib
0x0000000025a88000 	/usr/lib/libcrypto.35.dylib
0x0000000025a88000 	/usr/lib/libssl.35.dylib
0x0000000025a88000 	/System/Library/Frameworks/LDAP.framework/Versions/A/LDAP
0x0000000025a88000 	/System/Library/PrivateFrameworks/TrustEvaluationAgent.framework/Versions/A/TrustEvaluationAgent
0x0000000025a88000 	/usr/lib/libsasl2.2.dylib
0x0000000025a88000 	/System/Library/PrivateFrameworks/CoreDaemon.framework/Versions/B/CoreDaemon
0x0000000025a88000 	/System/Library/PrivateFrameworks/AppleSRP.framework/Versions/A/AppleSRP
0x0000000123eed000 	/Library/Java/JavaVirtualMachines/jdk1.8.0_101.jdk/Contents/Home/jre/lib/libfontmanager.dylib
0x0000000025a88000 	/System/Library/Frameworks/ApplicationServices.framework/Versions/A/Frameworks/ATS.framework/Versions/A/Resources/libTrueTypeScaler.dylib
0x0000000025a88000 	/System/Library/Frameworks/OpenGL.framework/Versions/A/Resources/GLEngine.bundle/GLEngine
0x0000000025a88000 	/System/Library/Frameworks/OpenGL.framework/Versions/A/Libraries/libGLProgrammability.dylib
0x0000000124d3d000 	/System/Library/Extensions/AppleIntelHD5000GraphicsGLDriver.bundle/Contents/MacOS/AppleIntelHD5000GraphicsGLDriver
0x0000000025a88000 	/System/Library/PrivateFrameworks/GPUSupport.framework/Versions/A/Libraries/libGPUSupportMercury.dylib
0x00000001254a7000 	/System/Library/Extensions/AMDRadeonX4000GLDriver.bundle/Contents/MacOS/AMDRadeonX4000GLDriver
0x0000000025a88000 	/System/Library/Extensions/AMDRadeonX4000GLDriver.bundle/Contents/MacOS/ATIRadeonX4000SCLib.dylib
0x0000000025a88000 	/System/Library/Frameworks/OpenGL.framework/Versions/A/Resources/GLRendererFloat.bundle/GLRendererFloat
0x0000000025a88000 	/System/Library/Frameworks/OpenCL.framework/Versions/A/Libraries/libcldcpuengine.dylib
0x0000000025a88000 	/System/Library/Extensions/AppleIntelHD5000GraphicsMTLDriver.bundle/Contents/MacOS/AppleIntelHD5000GraphicsMTLDriver
0x00000001255e4000 	/System/Library/Extensions/AMDMTLBronzeDriver.bundle/Contents/MacOS/AMDMTLBronzeDriver
0x0000000025a88000 	/System/Library/PrivateFrameworks/IOAccelMemoryInfo.framework/Versions/A/IOAccelMemoryInfo
0x0000000025a88000 	/System/Library/PrivateFrameworks/GPUCompiler.framework/Versions/3802/Libraries/libmetal_timestamp.dylib
0x0000000125b92000 	/Library/Java/JavaVirtualMachines/jdk1.8.0_101.jdk/Contents/Home/jre/lib/libosxui.dylib
0x0000000025a88000 	/System/Library/PrivateFrameworks/ViewBridge.framework/Versions/A/ViewBridge
0x000000012ad6e000 	/Library/Java/JavaVirtualMachines/jdk1.8.0_101.jdk/Contents/Home/jre/lib/libnet.dylib
0x000000012adcd000 	/Library/Java/JavaVirtualMachines/jdk1.8.0_101.jdk/Contents/Home/jre/lib/libnio.dylib
0x0000000025a88000 	/System/Library/PrivateFrameworks/login.framework/Versions/A/login

VM Arguments:
jvm_args: -Dfile.encoding=UTF-8 
java_command: dentist.Login
java_class_path (initial): /Users/Wrok/git/dental_assignment/bin:/Users/Wrok/Desktop/mysql-connector-java-5.1.44/mysql-connector-java-5.1.44-bin.jar
Launcher Type: SUN_STANDARD

Environment Variables:
PATH=/usr/bin:/bin:/usr/sbin:/sbin
SHELL=/bin/bash

Signal Handlers:
SIGSEGV: [libjvm.dylib+0x5af145], sa_mask[0]=11111111011111110111111111111111, sa_flags=SA_ONSTACK|SA_RESTART|SA_SIGINFO
SIGBUS: [libjvm.dylib+0x5af145], sa_mask[0]=11111111011111110111111111111111, sa_flags=SA_RESTART|SA_SIGINFO
SIGFPE: [libjvm.dylib+0x48694c], sa_mask[0]=11111111011111110111111111111111, sa_flags=SA_RESTART|SA_SIGINFO
SIGPIPE: [libjvm.dylib+0x48694c], sa_mask[0]=11111111011111110111111111111111, sa_flags=SA_RESTART|SA_SIGINFO
SIGXFSZ: [libjvm.dylib+0x48694c], sa_mask[0]=11111111011111110111111111111111, sa_flags=SA_RESTART|SA_SIGINFO
SIGILL: [libjvm.dylib+0x48694c], sa_mask[0]=11111111011111110111111111111111, sa_flags=SA_RESTART|SA_SIGINFO
SIGUSR1: SIG_DFL, sa_mask[0]=00000000000000000000000000000000, sa_flags=none
SIGUSR2: [libjvm.dylib+0x48646a], sa_mask[0]=00100000000000000000000000000000, sa_flags=SA_RESTART|SA_SIGINFO
SIGHUP: [libjvm.dylib+0x484a41], sa_mask[0]=11111111011111110111111111111111, sa_flags=SA_RESTART|SA_SIGINFO
SIGINT: [libjvm.dylib+0x484a41], sa_mask[0]=11111111011111110111111111111111, sa_flags=SA_RESTART|SA_SIGINFO
SIGTERM: [libjvm.dylib+0x484a41], sa_mask[0]=11111111011111110111111111111111, sa_flags=SA_RESTART|SA_SIGINFO
SIGQUIT: [libjvm.dylib+0x484a41], sa_mask[0]=11111111011111110111111111111111, sa_flags=SA_RESTART|SA_SIGINFO


---------------  S Y S T E M  ---------------

OS:Bsduname:Darwin 17.0.0 Darwin Kernel Version 17.0.0: Thu Aug 24 21:48:19 PDT 2017; root:xnu-4570.1.46~2/RELEASE_X86_64 x86_64
rlimit: STACK 8192k, CORE 0k, NPROC 1418, NOFILE 10240, AS infinity
load average:3.56 3.66 3.62

CPU:total 8 (4 cores per cpu, 2 threads per core) family 6 model 70 stepping 1, cmov, cx8, fxsr, mmx, sse, sse2, sse3, ssse3, sse4.1, sse4.2, popcnt, avx, avx2, aes, clmul, erms, lzcnt, ht, tsc, tscinvbit, bmi1, bmi2

Memory: 4k page, physical 16777216k(959016k free)

/proc/meminfo:


vm_info: Java HotSpot(TM) 64-Bit Server VM (25.101-b13) for bsd-amd64 JRE (1.8.0_101-b13), built on Jun 22 2016 02:42:15 by "java_re" with gcc 4.2.1 (Based on Apple Inc. build 5658) (LLVM build 2336.11.00)

time: Thu Nov 23 23:01:07 2017
elapsed time: 7288 seconds (0d 2h 1m 28s)

