#
# A fatal error has been detected by the Java Runtime Environment:
#
#  SIGSEGV (0xb) at pc=0x00000001152a4cdd, pid=2968, tid=0x000000000000c30b
#
# JRE version: Java(TM) SE Runtime Environment (8.0_101-b13) (build 1.8.0_101-b13)
# Java VM: Java HotSpot(TM) 64-Bit Server VM (25.101-b13 mixed mode bsd-amd64 compressed oops)
# Problematic frame:
# C  [libawt_lwawt.dylib+0x1acdd]  OGLSD_SetScratchSurface+0x49
#
# Failed to write core dump. Core dumps have been disabled. To enable core dumping, try "ulimit -c unlimited" before starting Java again
#
# If you would like to submit a bug report, please visit:
#   http://bugreport.java.com/bugreport/crash.jsp
# The crash happened outside the Java Virtual Machine in native code.
# See problematic frame for where to report the bug.
#

---------------  T H R E A D  ---------------

Current thread (0x00007fc44106b000):  JavaThread "Java2D Queue Flusher" daemon [_thread_in_native, id=49931, stack(0x000070000e7bc000,0x000070000e8bc000)]

siginfo: si_signo: 11 (SIGSEGV), si_code: 1 (SEGV_MAPERR), si_addr: 0x0000000000000006

Registers:
RAX=0x00000000ffffffff, RBX=0x0000000000000006, RCX=0x0000000000000047, RDX=0x00000001152c5844
RSP=0x000070000e8bb730, RBP=0x000070000e8bb750, RSI=0x00007fc43f6e05f0, RDI=0x00007fc44106b1f8
R8 =0x000000000000002a, R9 =0xffffffff00000000, R10=0x0000000116d70178, R11=0x0000000116d71bc0
R12=0x0000000000000000, R13=0x000070000e8bb8e8, R14=0x00007fc44106b1f8, R15=0x00007fc44106b000
RIP=0x00000001152a4cdd, EFLAGS=0x0000000000010206, ERR=0x0000000000000004
  TRAPNO=0x000000000000000e

Top of Stack: (sp=0x000070000e8bb730)
0x000070000e8bb730:   00007fc43f6e05f0 0000000000000000
0x000070000e8bb740:   00007fc44107fc10 00007fc44106b000
0x000070000e8bb750:   000070000e8bb7d0 00000001152c5322
0x000070000e8bb760:   00007fc43f450900 0000000200000001
0x000070000e8bb770:   0000000000000000 000070000e8bb800
0x000070000e8bb780:   0000000000000000 0000000000000000
0x000070000e8bb790:   000070000e8bb7d0 00007fc44107fc20
0x000070000e8bb7a0:   000000000043d2e0 00007fc44106b1f8
0x000070000e8bb7b0:   000000015a5a81c0 0000000000000000
0x000070000e8bb7c0:   000070000e8bb968 00007fc44106b000
0x000070000e8bb7d0:   000070000e8bb820 0000000116d701ea
0x000070000e8bb7e0:   000000076eb52f70 0000000108535f98
0x000070000e8bb7f0:   0000000000000064 0000000000000000
0x000070000e8bb800:   0000000000000064 00007fc43f450188
0x000070000e8bb810:   000070000e8bb870 000000010834ea1c
0x000070000e8bb820:   000070000e8bb940 0000000116d7157c
0x000070000e8bb830:   0000000000000001 00007fc43f4510b0
0x000070000e8bb840:   000000076eb20000 00007fc44106b000
0x000070000e8bb850:   00007fc44106b000 0000000112982a00
0x000070000e8bb860:   000070000e8bb968 00007fc44106b000
0x000070000e8bb870:   000070000e8bb8c0 0000000116b69aa8
0x000070000e8bb880:   000000076eb52f70 0000000116c90126
0x000070000e8bb890:   000070000e8bb940 0000000116d71c1c
0x000070000e8bb8a0:   000000012998c4e4 000070000e8bb8e8
0x000070000e8bb8b0:   000000012998c560 0000000000000000
0x000070000e8bb8c0:   000070000e8bb940 000000011696a2bd
0x000070000e8bb8d0:   000070000e8bb940 000000011696a2bd
0x000070000e8bb8e0:   000000011696a2bd 000000076eb52f70
0x000070000e8bb8f0:   0000000000000001 000000076eb20000
0x000070000e8bb900:   000070000e8bb8f0 0000000112e14199
0x000070000e8bb910:   000070000e8bb968 0000000112e14bf0
0x000070000e8bb920:   0000000000000000 0000000112e142a0 

Instructions: (pc=0x00000001152a4cdd)
0x00000001152a4cbd:   c0 e9 82 00 00 00 48 8b 5e 10 48 85 db 75 0e bf
0x00000001152a4ccd:   01 00 00 00 48 8d 15 ef 76 03 00 eb d6 49 89 fe
0x00000001152a4cdd:   4c 8b 3b 30 c0 e8 83 a3 02 00 49 8b 3f 49 89 c4
0x00000001152a4ced:   48 8b 35 34 f9 05 00 30 c0 e8 cb a4 02 00 48 85 

Register to memory mapping:

RAX=0x00000000ffffffff is an unknown value
RBX=0x0000000000000006 is an unknown value
RCX=0x0000000000000047 is an unknown value
RDX=0x00000001152c5844: Java_sun_java2d_opengl_OGLRenderQueue_flushBuffer+0xb5c in /Library/Java/JavaVirtualMachines/jdk1.8.0_101.jdk/Contents/Home/jre/lib/libawt_lwawt.dylib at 0x000000011528a000
RSP=0x000070000e8bb730 is pointing into the stack for thread: 0x00007fc44106b000
RBP=0x000070000e8bb750 is pointing into the stack for thread: 0x00007fc44106b000
RSI=0x00007fc43f6e05f0 is an unknown value
RDI=0x00007fc44106b1f8 is an unknown value
R8 =0x000000000000002a is an unknown value
R9 =0xffffffff00000000 is an unknown value
R10=0x0000000116d70178 is at entry_point+56 in (nmethod*)0x0000000116d6ffd0
R11=0x0000000116d71bc0 is at entry_point+0 in (nmethod*)0x0000000116d71a50
R12=0x0000000000000000 is an unknown value
R13=0x000070000e8bb8e8 is pointing into the stack for thread: 0x00007fc44106b000
R14=0x00007fc44106b1f8 is an unknown value
R15=0x00007fc44106b000 is a thread


Stack: [0x000070000e7bc000,0x000070000e8bc000],  sp=0x000070000e8bb730,  free space=1021k
Native frames: (J=compiled Java code, j=interpreted, Vv=VM code, C=native code)
C  [libawt_lwawt.dylib+0x1acdd]  OGLSD_SetScratchSurface+0x49
C  [libawt_lwawt.dylib+0x3b322]  Java_sun_java2d_opengl_OGLRenderQueue_flushBuffer+0x63a
J 1228  sun.java2d.opengl.OGLRenderQueue.flushBuffer(JI)V (0 bytes) @ 0x0000000116d701ea [0x0000000116d70140+0xaa]
J 1225 C1 sun.java2d.opengl.OGLRenderQueue.flushBuffer()V (41 bytes) @ 0x0000000116d7157c [0x0000000116d71320+0x25c]
J 1224 C1 sun.java2d.opengl.OGLRenderQueue.access$100(Lsun/java2d/opengl/OGLRenderQueue;)V (5 bytes) @ 0x0000000116d71c1c [0x0000000116d71bc0+0x5c]
j  sun.java2d.opengl.OGLRenderQueue$QueueFlusher.run()V+81
v  ~StubRoutines::call_stub
V  [libjvm.dylib+0x2ecf06]
V  [libjvm.dylib+0x2ed694]
V  [libjvm.dylib+0x2ed840]
V  [libjvm.dylib+0x348029]
V  [libjvm.dylib+0x5695ab]
V  [libjvm.dylib+0x56ac98]
V  [libjvm.dylib+0x48933a]
C  [libsystem_pthread.dylib+0x36c1]  _pthread_body+0x154
C  [libsystem_pthread.dylib+0x356d]  _pthread_body+0x0
C  [libsystem_pthread.dylib+0x2c5d]  thread_start+0xd
C  0x0000000000000000

Java frames: (J=compiled Java code, j=interpreted, Vv=VM code)
J 1228  sun.java2d.opengl.OGLRenderQueue.flushBuffer(JI)V (0 bytes) @ 0x0000000116d70178 [0x0000000116d70140+0x38]
J 1225 C1 sun.java2d.opengl.OGLRenderQueue.flushBuffer()V (41 bytes) @ 0x0000000116d7157c [0x0000000116d71320+0x25c]
J 1224 C1 sun.java2d.opengl.OGLRenderQueue.access$100(Lsun/java2d/opengl/OGLRenderQueue;)V (5 bytes) @ 0x0000000116d71c1c [0x0000000116d71bc0+0x5c]
j  sun.java2d.opengl.OGLRenderQueue$QueueFlusher.run()V+81
v  ~StubRoutines::call_stub

---------------  P R O C E S S  ---------------

Java Threads: ( => current thread )
  0x00007fc43f8e9800 JavaThread "TimerQueue" daemon [_thread_blocked, id=69639, stack(0x000070000eac8000,0x000070000ebc8000)]
  0x00007fc4419ef000 JavaThread "Java2D Disposer" daemon [_thread_blocked, id=42619, stack(0x000070000e9c5000,0x000070000eac5000)]
=>0x00007fc44106b000 JavaThread "Java2D Queue Flusher" daemon [_thread_in_native, id=49931, stack(0x000070000e7bc000,0x000070000e8bc000)]
  0x00007fc44105c800 JavaThread "DestroyJavaVM" [_thread_blocked, id=6915, stack(0x000070000d0f4000,0x000070000d1f4000)]
  0x00007fc441045800 JavaThread "AWT-EventQueue-0" [_thread_blocked, id=47395, stack(0x000070000e6b9000,0x000070000e7b9000)]
  0x00007fc442036800 JavaThread "AWT-Shutdown" [_thread_blocked, id=32807, stack(0x000070000e42d000,0x000070000e52d000)]
  0x00007fc441880000 JavaThread "AppKit Thread" daemon [_thread_in_native, id=775, stack(0x00007ffee845f000,0x00007ffee8c5f000)]
  0x00007fc441866800 JavaThread "Service Thread" daemon [_thread_blocked, id=21251, stack(0x000070000e227000,0x000070000e327000)]
  0x00007fc44100e800 JavaThread "C1 CompilerThread3" daemon [_thread_blocked, id=20739, stack(0x000070000e124000,0x000070000e224000)]
  0x00007fc44100d800 JavaThread "C2 CompilerThread2" daemon [_thread_blocked, id=20227, stack(0x000070000e021000,0x000070000e121000)]
  0x00007fc441871000 JavaThread "C2 CompilerThread1" daemon [_thread_blocked, id=19715, stack(0x000070000df1e000,0x000070000e01e000)]
  0x00007fc441846000 JavaThread "C2 CompilerThread0" daemon [_thread_blocked, id=19203, stack(0x000070000de1b000,0x000070000df1b000)]
  0x00007fc443000000 JavaThread "Signal Dispatcher" daemon [_thread_blocked, id=18691, stack(0x000070000dd18000,0x000070000de18000)]
  0x00007fc44100c800 JavaThread "Finalizer" daemon [_thread_blocked, id=15107, stack(0x000070000dc15000,0x000070000dd15000)]
  0x00007fc441009800 JavaThread "Reference Handler" daemon [_thread_blocked, id=14595, stack(0x000070000db12000,0x000070000dc12000)]

Other Threads:
  0x00007fc44201c800 VMThread [stack: 0x000070000da0f000,0x000070000db0f000] [id=14083]
  0x00007fc43f80d000 WatcherThread [stack: 0x000070000e32a000,0x000070000e42a000] [id=21763]

VM state:not at safepoint (normal execution)

VM Mutex/Monitor currently owned by a thread: None

Heap:
 PSYoungGen      total 76288K, used 14359K [0x000000076ab00000, 0x0000000770000000, 0x00000007c0000000)
  eden space 65536K, 10% used [0x000000076ab00000,0x000000076b1f05a8,0x000000076eb00000)
  from space 10752K, 67% used [0x000000076eb00000,0x000000076f2157f8,0x000000076f580000)
  to   space 10752K, 0% used [0x000000076f580000,0x000000076f580000,0x0000000770000000)
 ParOldGen       total 175104K, used 11864K [0x00000006c0000000, 0x00000006cab00000, 0x000000076ab00000)
  object space 175104K, 6% used [0x00000006c0000000,0x00000006c0b96380,0x00000006cab00000)
 Metaspace       used 12652K, capacity 12850K, committed 13056K, reserved 1060864K
  class space    used 1642K, capacity 1717K, committed 1792K, reserved 1048576K

Card table byte_map: [0x00000001093db000,0x0000000109bdc000] byte_map_base: 0x0000000105ddb000

Marking Bits: (ParMarkBitMap*) 0x00000001088edd20
 Begin Bits: [0x000000010a132000, 0x000000010e132000)
 End Bits:   [0x000000010e132000, 0x0000000112132000)

Polling page: 0x0000000106ff0000

CodeCache: size=245760Kb used=4265Kb max_used=4265Kb free=241494Kb
 bounds [0x0000000116962000, 0x0000000116d92000, 0x0000000125962000]
 total_blobs=1780 nmethods=1269 adapters=424
 compilation: enabled

Compilation events (10 events):
Event: 2165.708 Thread 0x00007fc44100e800 1265   !   3       sun.java2d.opengl.OGLRenderQueue::flushNow (24 bytes)
Event: 2165.709 Thread 0x00007fc44100e800 nmethod 1265 0x0000000116d8d110 code [0x0000000116d8d300, 0x0000000116d8da88]
Event: 2165.709 Thread 0x00007fc44100e800 1266       1       sun.lwawt.LWComponentPeer::getDelegate (5 bytes)
Event: 2165.709 Thread 0x00007fc44100e800 nmethod 1266 0x0000000116d8ce50 code [0x0000000116d8cfa0, 0x0000000116d8d0b0]
Event: 2165.711 Thread 0x00007fc44100e800 1267       3       java.util.LinkedHashMap$LinkedEntryIterator::next (5 bytes)
Event: 2165.724 Thread 0x00007fc44100e800 nmethod 1267 0x0000000116d8c950 code [0x0000000116d8cac0, 0x0000000116d8cda8]
Event: 2165.724 Thread 0x00007fc44100e800 1268       3       java.util.LinkedHashMap$LinkedEntryIterator::next (5 bytes)
Event: 2165.724 Thread 0x00007fc44100e800 nmethod 1268 0x0000000116d8c550 code [0x0000000116d8c6c0, 0x0000000116d8c8c8]
Event: 2165.724 Thread 0x00007fc44100e800 1269       3       java.util.LinkedHashMap$LinkedHashIterator::remove (77 bytes)
Event: 2165.725 Thread 0x00007fc44100e800 nmethod 1269 0x0000000116d8e950 code [0x0000000116d8eb20, 0x0000000116d8f0d8]

GC Heap History (6 events):
Event: 41.675 GC heap before
{Heap before GC invocations=1 (full 0):
 PSYoungGen      total 76288K, used 65039K [0x000000076ab00000, 0x0000000770000000, 0x00000007c0000000)
  eden space 65536K, 99% used [0x000000076ab00000,0x000000076ea83f40,0x000000076eb00000)
  from space 10752K, 0% used [0x000000076f580000,0x000000076f580000,0x0000000770000000)
  to   space 10752K, 0% used [0x000000076eb00000,0x000000076eb00000,0x000000076f580000)
 ParOldGen       total 175104K, used 0K [0x00000006c0000000, 0x00000006cab00000, 0x000000076ab00000)
  object space 175104K, 0% used [0x00000006c0000000,0x00000006c0000000,0x00000006cab00000)
 Metaspace       used 12458K, capacity 12714K, committed 13056K, reserved 1060864K
  class space    used 1626K, capacity 1717K, committed 1792K, reserved 1048576K
Event: 41.684 GC heap after
Heap after GC invocations=1 (full 0):
 PSYoungGen      total 76288K, used 8330K [0x000000076ab00000, 0x0000000770000000, 0x00000007c0000000)
  eden space 65536K, 0% used [0x000000076ab00000,0x000000076ab00000,0x000000076eb00000)
  from space 10752K, 77% used [0x000000076eb00000,0x000000076f322930,0x000000076f580000)
  to   space 10752K, 0% used [0x000000076f580000,0x000000076f580000,0x0000000770000000)
 ParOldGen       total 175104K, used 11848K [0x00000006c0000000, 0x00000006cab00000, 0x000000076ab00000)
  object space 175104K, 6% used [0x00000006c0000000,0x00000006c0b92380,0x00000006cab00000)
 Metaspace       used 12458K, capacity 12714K, committed 13056K, reserved 1060864K
  class space    used 1626K, capacity 1717K, committed 1792K, reserved 1048576K
}
Event: 1227.367 GC heap before
{Heap before GC invocations=2 (full 0):
 PSYoungGen      total 76288K, used 70814K [0x000000076ab00000, 0x0000000770000000, 0x00000007c0000000)
  eden space 65536K, 95% used [0x000000076ab00000,0x000000076e8052c8,0x000000076eb00000)
  from space 10752K, 77% used [0x000000076eb00000,0x000000076f322930,0x000000076f580000)
  to   space 10752K, 0% used [0x000000076f580000,0x000000076f580000,0x0000000770000000)
 ParOldGen       total 175104K, used 11848K [0x00000006c0000000, 0x00000006cab00000, 0x000000076ab00000)
  object space 175104K, 6% used [0x00000006c0000000,0x00000006c0b92380,0x00000006cab00000)
 Metaspace       used 12560K, capacity 12786K, committed 13056K, reserved 1060864K
  class space    used 1638K, capacity 1717K, committed 1792K, reserved 1048576K
Event: 1227.372 GC heap after
Heap after GC invocations=2 (full 0):
 PSYoungGen      total 76288K, used 6906K [0x000000076ab00000, 0x0000000770000000, 0x00000007c0000000)
  eden space 65536K, 0% used [0x000000076ab00000,0x000000076ab00000,0x000000076eb00000)
  from space 10752K, 64% used [0x000000076f580000,0x000000076fc3e940,0x0000000770000000)
  to   space 10752K, 0% used [0x000000076eb00000,0x000000076eb00000,0x000000076f580000)
 ParOldGen       total 175104K, used 11856K [0x00000006c0000000, 0x00000006cab00000, 0x000000076ab00000)
  object space 175104K, 6% used [0x00000006c0000000,0x00000006c0b94380,0x00000006cab00000)
 Metaspace       used 12560K, capacity 12786K, committed 13056K, reserved 1060864K
  class space    used 1638K, capacity 1717K, committed 1792K, reserved 1048576K
}
Event: 2165.711 GC heap before
{Heap before GC invocations=3 (full 0):
 PSYoungGen      total 76288K, used 69275K [0x000000076ab00000, 0x0000000770000000, 0x00000007c0000000)
  eden space 65536K, 95% used [0x000000076ab00000,0x000000076e7e8560,0x000000076eb00000)
  from space 10752K, 64% used [0x000000076f580000,0x000000076fc3e940,0x0000000770000000)
  to   space 10752K, 0% used [0x000000076eb00000,0x000000076eb00000,0x000000076f580000)
 ParOldGen       total 175104K, used 11856K [0x00000006c0000000, 0x00000006cab00000, 0x000000076ab00000)
  object space 175104K, 6% used [0x00000006c0000000,0x00000006c0b94380,0x00000006cab00000)
 Metaspace       used 12650K, capacity 12850K, committed 13056K, reserved 1060864K
  class space    used 1642K, capacity 1717K, committed 1792K, reserved 1048576K
Event: 2165.724 GC heap after
Heap after GC invocations=3 (full 0):
 PSYoungGen      total 76288K, used 7253K [0x000000076ab00000, 0x0000000770000000, 0x00000007c0000000)
  eden space 65536K, 0% used [0x000000076ab00000,0x000000076ab00000,0x000000076eb00000)
  from space 10752K, 67% used [0x000000076eb00000,0x000000076f2157f8,0x000000076f580000)
  to   space 10752K, 0% used [0x000000076f580000,0x000000076f580000,0x0000000770000000)
 ParOldGen       total 175104K, used 11864K [0x00000006c0000000, 0x00000006cab00000, 0x000000076ab00000)
  object space 175104K, 6% used [0x00000006c0000000,0x00000006c0b96380,0x00000006cab00000)
 Metaspace       used 12650K, capacity 12850K, committed 13056K, reserved 1060864K
  class space    used 1642K, capacity 1717K, committed 1792K, reserved 1048576K
}

Deoptimization events (4 events):
Event: 1.557 Thread 0x00007fc441045800 Uncommon trap: reason=class_check action=maybe_recompile pc=0x0000000116aca65c method=java.lang.String.equals(Ljava/lang/Object;)Z @ 8
Event: 32.574 Thread 0x00007fc441045800 Uncommon trap: reason=class_check action=maybe_recompile pc=0x0000000116aca65c method=java.lang.String.equals(Ljava/lang/Object;)Z @ 8
Event: 88.910 Thread 0x00007fc441045800 Uncommon trap: reason=class_check action=maybe_recompile pc=0x0000000116aca65c method=java.lang.String.equals(Ljava/lang/Object;)Z @ 8
Event: 88.910 Thread 0x00007fc441045800 Uncommon trap: reason=class_check action=maybe_recompile pc=0x0000000116aca65c method=java.lang.String.equals(Ljava/lang/Object;)Z @ 8

Internal exceptions (10 events):
Event: 0.027 Thread 0x00007fc441801800 Exception <a 'java/lang/NoSuchMethodError': Method sun.misc.Unsafe.prefetchRead(Ljava/lang/Object;J)V name or signature does not match> (0x000000076ab07fa8) thrown at [/HUDSON3/workspace/8-2-build-macosx-x86_64/jdk8u101/7261/hotspot/src/share/vm/prims/jni
Event: 0.082 Thread 0x00007fc441801800 Exception <a 'java/security/PrivilegedActionException'> (0x000000076ab8fa78) thrown at [/HUDSON3/workspace/8-2-build-macosx-x86_64/jdk8u101/7261/hotspot/src/share/vm/prims/jvm.cpp, line 1386]
Event: 0.082 Thread 0x00007fc441801800 Exception <a 'java/security/PrivilegedActionException'> (0x000000076ab8fc88) thrown at [/HUDSON3/workspace/8-2-build-macosx-x86_64/jdk8u101/7261/hotspot/src/share/vm/prims/jvm.cpp, line 1386]
Event: 0.082 Thread 0x00007fc441801800 Exception <a 'java/security/PrivilegedActionException'> (0x000000076ab93080) thrown at [/HUDSON3/workspace/8-2-build-macosx-x86_64/jdk8u101/7261/hotspot/src/share/vm/prims/jvm.cpp, line 1386]
Event: 0.082 Thread 0x00007fc441801800 Exception <a 'java/security/PrivilegedActionException'> (0x000000076ab93290) thrown at [/HUDSON3/workspace/8-2-build-macosx-x86_64/jdk8u101/7261/hotspot/src/share/vm/prims/jvm.cpp, line 1386]
Event: 0.118 Thread 0x00007fc441801800 Exception <a 'java/lang/NoSuchFieldError': method resolution failed> (0x000000076adab638) thrown at [/HUDSON3/workspace/8-2-build-macosx-x86_64/jdk8u101/7261/hotspot/src/share/vm/prims/methodHandles.cpp, line 1146]
Event: 0.119 Thread 0x00007fc441801800 Exception <a 'java/lang/NoSuchFieldError': method resolution failed> (0x000000076adb8e08) thrown at [/HUDSON3/workspace/8-2-build-macosx-x86_64/jdk8u101/7261/hotspot/src/share/vm/prims/methodHandles.cpp, line 1146]
Event: 0.212 Thread 0x00007fc441801800 Exception <a 'java/io/FileNotFoundException'> (0x000000076ae337c0) thrown at [/HUDSON3/workspace/8-2-build-macosx-x86_64/jdk8u101/7261/hotspot/src/share/vm/prims/jni.cpp, line 709]
Event: 0.212 Thread 0x00007fc441801800 Exception <a 'java/io/FileNotFoundException'> (0x000000076ae34320) thrown at [/HUDSON3/workspace/8-2-build-macosx-x86_64/jdk8u101/7261/hotspot/src/share/vm/prims/jni.cpp, line 709]
Event: 0.233 Thread 0x00007fc441045800 Exception <a 'java/io/FileNotFoundException'> (0x000000076b02e3e8) thrown at [/HUDSON3/workspace/8-2-build-macosx-x86_64/jdk8u101/7261/hotspot/src/share/vm/prims/jni.cpp, line 709]

Events (10 events):
Event: 1263.069 loading class java/util/IdentityHashMap$ValueIterator
Event: 1263.069 loading class java/util/IdentityHashMap$ValueIterator done
Event: 1263.069 loading class javax/swing/RepaintManager$DisplayChangedRunnable
Event: 1263.069 loading class javax/swing/RepaintManager$DisplayChangedRunnable done
Event: 1263.201 loading class sun/awt/image/BufferedImageDevice
Event: 1263.201 loading class sun/awt/image/BufferedImageDevice done
Event: 1263.220 loading class sun/java2d/loops/Blit$GeneralMaskBlit
Event: 1263.221 loading class sun/java2d/loops/Blit$GeneralMaskBlit done
Event: 2165.711 Executing VM operation: ParallelGCFailedAllocation
Event: 2165.724 Executing VM operation: ParallelGCFailedAllocation done


Dynamic libraries:
0x00000000015ea000 	/System/Library/Frameworks/Cocoa.framework/Versions/A/Cocoa
0x00000000015ea000 	/System/Library/Frameworks/Security.framework/Versions/A/Security
0x00000000015ea000 	/System/Library/Frameworks/ApplicationServices.framework/Versions/A/ApplicationServices
0x00000000015ea000 	/usr/lib/libz.1.dylib
0x00000000015ea000 	/usr/lib/libSystem.B.dylib
0x00000000015ea000 	/usr/lib/libobjc.A.dylib
0x00000000015ea000 	/System/Library/Frameworks/CoreFoundation.framework/Versions/A/CoreFoundation
0x00000000015ea000 	/System/Library/Frameworks/Foundation.framework/Versions/C/Foundation
0x00000000015ea000 	/System/Library/Frameworks/AppKit.framework/Versions/C/AppKit
0x00000000015ea000 	/System/Library/Frameworks/CoreData.framework/Versions/A/CoreData
0x00000000015ea000 	/System/Library/PrivateFrameworks/RemoteViewServices.framework/Versions/A/RemoteViewServices
0x00000000015ea000 	/System/Library/PrivateFrameworks/UIFoundation.framework/Versions/A/UIFoundation
0x00000000015ea000 	/System/Library/PrivateFrameworks/DFRFoundation.framework/Versions/A/DFRFoundation
0x00000000015ea000 	/System/Library/Frameworks/Metal.framework/Versions/A/Metal
0x00000000015ea000 	/System/Library/PrivateFrameworks/DesktopServicesPriv.framework/Versions/A/DesktopServicesPriv
0x00000000015ea000 	/usr/lib/libenergytrace.dylib
0x00000000015ea000 	/System/Library/PrivateFrameworks/SkyLight.framework/Versions/A/SkyLight
0x00000000015ea000 	/System/Library/Frameworks/CoreGraphics.framework/Versions/A/CoreGraphics
0x00000000015ea000 	/usr/lib/libScreenReader.dylib
0x00000000015ea000 	/System/Library/Frameworks/Accelerate.framework/Versions/A/Accelerate
0x00000000015ea000 	/System/Library/Frameworks/IOSurface.framework/Versions/A/IOSurface
0x00000000015ea000 	/System/Library/Frameworks/AudioToolbox.framework/Versions/A/AudioToolbox
0x00000000015ea000 	/System/Library/Frameworks/AudioUnit.framework/Versions/A/AudioUnit
0x00000000015ea000 	/System/Library/PrivateFrameworks/DataDetectorsCore.framework/Versions/A/DataDetectorsCore
0x00000000015ea000 	/System/Library/Frameworks/Carbon.framework/Versions/A/Frameworks/HIToolbox.framework/Versions/A/HIToolbox
0x00000000015ea000 	/usr/lib/libicucore.A.dylib
0x00000000015ea000 	/System/Library/Frameworks/QuartzCore.framework/Versions/A/QuartzCore
0x00000000015ea000 	/System/Library/Frameworks/Carbon.framework/Versions/A/Frameworks/SpeechRecognition.framework/Versions/A/SpeechRecognition
0x00000000015ea000 	/usr/lib/libauto.dylib
0x00000000015ea000 	/usr/lib/libxml2.2.dylib
0x00000000015ea000 	/System/Library/PrivateFrameworks/CoreUI.framework/Versions/A/CoreUI
0x00000000015ea000 	/System/Library/Frameworks/CoreAudio.framework/Versions/A/CoreAudio
0x00000000015ea000 	/System/Library/Frameworks/DiskArbitration.framework/Versions/A/DiskArbitration
0x00000000015ea000 	/usr/lib/liblangid.dylib
0x00000000015ea000 	/System/Library/PrivateFrameworks/MultitouchSupport.framework/Versions/A/MultitouchSupport
0x00000000015ea000 	/System/Library/Frameworks/IOKit.framework/Versions/A/IOKit
0x00000000015ea000 	/usr/lib/libDiagnosticMessagesClient.dylib
0x00000000015ea000 	/System/Library/Frameworks/CoreServices.framework/Versions/A/CoreServices
0x00000000015ea000 	/System/Library/PrivateFrameworks/PerformanceAnalysis.framework/Versions/A/PerformanceAnalysis
0x00000000015ea000 	/System/Library/Frameworks/OpenGL.framework/Versions/A/OpenGL
0x00000000015ea000 	/System/Library/Frameworks/ColorSync.framework/Versions/A/ColorSync
0x00000000015ea000 	/System/Library/Frameworks/CoreImage.framework/Versions/A/CoreImage
0x00000000015ea000 	/System/Library/Frameworks/CoreText.framework/Versions/A/CoreText
0x00000000015ea000 	/System/Library/Frameworks/ImageIO.framework/Versions/A/ImageIO
0x00000000015ea000 	/System/Library/PrivateFrameworks/Backup.framework/Versions/A/Backup
0x00000000015ea000 	/usr/lib/libarchive.2.dylib
0x00000000015ea000 	/System/Library/Frameworks/CFNetwork.framework/Versions/A/CFNetwork
0x00000000015ea000 	/System/Library/Frameworks/SystemConfiguration.framework/Versions/A/SystemConfiguration
0x00000000015ea000 	/usr/lib/libCRFSuite.dylib
0x00000000015ea000 	/usr/lib/libc++.1.dylib
0x00000000015ea000 	/usr/lib/libc++abi.dylib
0x00000000015ea000 	/usr/lib/system/libcache.dylib
0x00000000015ea000 	/usr/lib/system/libcommonCrypto.dylib
0x00000000015ea000 	/usr/lib/system/libcompiler_rt.dylib
0x00000000015ea000 	/usr/lib/system/libcopyfile.dylib
0x00000000015ea000 	/usr/lib/system/libcorecrypto.dylib
0x00000000015ea000 	/usr/lib/system/libdispatch.dylib
0x00000000015ea000 	/usr/lib/system/libdyld.dylib
0x00000000015ea000 	/usr/lib/system/libkeymgr.dylib
0x00000000015ea000 	/usr/lib/system/liblaunch.dylib
0x00000000015ea000 	/usr/lib/system/libmacho.dylib
0x00000000015ea000 	/usr/lib/system/libquarantine.dylib
0x00000000015ea000 	/usr/lib/system/libremovefile.dylib
0x00000000015ea000 	/usr/lib/system/libsystem_asl.dylib
0x00000000015ea000 	/usr/lib/system/libsystem_blocks.dylib
0x00000000015ea000 	/usr/lib/system/libsystem_c.dylib
0x00000000015ea000 	/usr/lib/system/libsystem_configuration.dylib
0x00000000015ea000 	/usr/lib/system/libsystem_coreservices.dylib
0x00000000015ea000 	/usr/lib/system/libsystem_darwin.dylib
0x00000000015ea000 	/usr/lib/system/libsystem_dnssd.dylib
0x00000000015ea000 	/usr/lib/system/libsystem_info.dylib
0x00000000015ea000 	/usr/lib/system/libsystem_m.dylib
0x00000000015ea000 	/usr/lib/system/libsystem_malloc.dylib
0x00000000015ea000 	/usr/lib/system/libsystem_network.dylib
0x00000000015ea000 	/usr/lib/system/libsystem_networkextension.dylib
0x00000000015ea000 	/usr/lib/system/libsystem_notify.dylib
0x00000000015ea000 	/usr/lib/system/libsystem_sandbox.dylib
0x00000000015ea000 	/usr/lib/system/libsystem_secinit.dylib
0x00000000015ea000 	/usr/lib/system/libsystem_kernel.dylib
0x00000000015ea000 	/usr/lib/system/libsystem_platform.dylib
0x00000000015ea000 	/usr/lib/system/libsystem_pthread.dylib
0x00000000015ea000 	/usr/lib/system/libsystem_symptoms.dylib
0x00000000015ea000 	/usr/lib/system/libsystem_trace.dylib
0x00000000015ea000 	/usr/lib/system/libunwind.dylib
0x00000000015ea000 	/usr/lib/system/libxpc.dylib
0x00000000015ea000 	/usr/lib/closure/libclosured.dylib
0x00000000015ea000 	/usr/lib/libbsm.0.dylib
0x00000000015ea000 	/usr/lib/system/libkxld.dylib
0x00000000015ea000 	/usr/lib/libOpenScriptingUtil.dylib
0x00000000015ea000 	/usr/lib/libcoretls.dylib
0x00000000015ea000 	/usr/lib/libcoretls_cfhelpers.dylib
0x00000000015ea000 	/usr/lib/libpam.2.dylib
0x00000000015ea000 	/usr/lib/libsqlite3.dylib
0x00000000015ea000 	/usr/lib/libxar.1.dylib
0x00000000015ea000 	/usr/lib/libbz2.1.0.dylib
0x00000000015ea000 	/usr/lib/liblzma.5.dylib
0x00000000015ea000 	/usr/lib/libnetwork.dylib
0x00000000015ea000 	/usr/lib/libapple_nghttp2.dylib
0x00000000015ea000 	/usr/lib/libpcap.A.dylib
0x00000000015ea000 	/usr/lib/libboringssl.dylib
0x00000000015ea000 	/usr/lib/libusrtcp.dylib
0x00000000015ea000 	/usr/lib/libapple_crypto.dylib
0x00000000015ea000 	/System/Library/Frameworks/CoreServices.framework/Versions/A/Frameworks/FSEvents.framework/Versions/A/FSEvents
0x00000000015ea000 	/System/Library/Frameworks/CoreServices.framework/Versions/A/Frameworks/CarbonCore.framework/Versions/A/CarbonCore
0x00000000015ea000 	/System/Library/Frameworks/CoreServices.framework/Versions/A/Frameworks/Metadata.framework/Versions/A/Metadata
0x00000000015ea000 	/System/Library/Frameworks/CoreServices.framework/Versions/A/Frameworks/OSServices.framework/Versions/A/OSServices
0x00000000015ea000 	/System/Library/Frameworks/CoreServices.framework/Versions/A/Frameworks/SearchKit.framework/Versions/A/SearchKit
0x00000000015ea000 	/System/Library/Frameworks/CoreServices.framework/Versions/A/Frameworks/AE.framework/Versions/A/AE
0x00000000015ea000 	/System/Library/Frameworks/CoreServices.framework/Versions/A/Frameworks/LaunchServices.framework/Versions/A/LaunchServices
0x00000000015ea000 	/System/Library/Frameworks/CoreServices.framework/Versions/A/Frameworks/DictionaryServices.framework/Versions/A/DictionaryServices
0x00000000015ea000 	/System/Library/Frameworks/CoreServices.framework/Versions/A/Frameworks/SharedFileList.framework/Versions/A/SharedFileList
0x00000000015ea000 	/System/Library/Frameworks/NetFS.framework/Versions/A/NetFS
0x00000000015ea000 	/System/Library/PrivateFrameworks/NetAuth.framework/Versions/A/NetAuth
0x00000000015ea000 	/System/Library/PrivateFrameworks/login.framework/Versions/A/Frameworks/loginsupport.framework/Versions/A/loginsupport
0x00000000015ea000 	/System/Library/PrivateFrameworks/TCC.framework/Versions/A/TCC
0x00000000015ea000 	/usr/lib/libmecabra.dylib
0x00000000015ea000 	/System/Library/Frameworks/ApplicationServices.framework/Versions/A/Frameworks/ATS.framework/Versions/A/ATS
0x00000000015ea000 	/System/Library/Frameworks/ApplicationServices.framework/Versions/A/Frameworks/ColorSyncLegacy.framework/Versions/A/ColorSyncLegacy
0x00000000015ea000 	/System/Library/Frameworks/ApplicationServices.framework/Versions/A/Frameworks/HIServices.framework/Versions/A/HIServices
0x00000000015ea000 	/System/Library/Frameworks/ApplicationServices.framework/Versions/A/Frameworks/LangAnalysis.framework/Versions/A/LangAnalysis
0x00000000015ea000 	/System/Library/Frameworks/ApplicationServices.framework/Versions/A/Frameworks/PrintCore.framework/Versions/A/PrintCore
0x00000000015ea000 	/System/Library/Frameworks/ApplicationServices.framework/Versions/A/Frameworks/QD.framework/Versions/A/QD
0x00000000015ea000 	/System/Library/Frameworks/ApplicationServices.framework/Versions/A/Frameworks/SpeechSynthesis.framework/Versions/A/SpeechSynthesis
0x00000000015ea000 	/System/Library/Frameworks/CoreDisplay.framework/Versions/A/CoreDisplay
0x00000000015ea000 	/System/Library/Frameworks/Accelerate.framework/Versions/A/Frameworks/vImage.framework/Versions/A/vImage
0x00000000015ea000 	/System/Library/Frameworks/Accelerate.framework/Versions/A/Frameworks/vecLib.framework/Versions/A/vecLib
0x00000000015ea000 	/System/Library/Frameworks/Accelerate.framework/Versions/A/Frameworks/vecLib.framework/Versions/A/libvDSP.dylib
0x00000000015ea000 	/System/Library/Frameworks/Accelerate.framework/Versions/A/Frameworks/vecLib.framework/Versions/A/libBNNS.dylib
0x00000000015ea000 	/System/Library/Frameworks/Accelerate.framework/Versions/A/Frameworks/vecLib.framework/Versions/A/libQuadrature.dylib
0x00000000015ea000 	/System/Library/Frameworks/Accelerate.framework/Versions/A/Frameworks/vecLib.framework/Versions/A/libvMisc.dylib
0x00000000015ea000 	/System/Library/Frameworks/Accelerate.framework/Versions/A/Frameworks/vecLib.framework/Versions/A/libLAPACK.dylib
0x00000000015ea000 	/System/Library/Frameworks/Accelerate.framework/Versions/A/Frameworks/vecLib.framework/Versions/A/libBLAS.dylib
0x00000000015ea000 	/System/Library/Frameworks/Accelerate.framework/Versions/A/Frameworks/vecLib.framework/Versions/A/libLinearAlgebra.dylib
0x00000000015ea000 	/System/Library/Frameworks/Accelerate.framework/Versions/A/Frameworks/vecLib.framework/Versions/A/libSparse.dylib
0x00000000015ea000 	/System/Library/Frameworks/Accelerate.framework/Versions/A/Frameworks/vecLib.framework/Versions/A/libSparseBLAS.dylib
0x00000000015ea000 	/System/Library/PrivateFrameworks/IOAccelerator.framework/Versions/A/IOAccelerator
0x00000000015ea000 	/System/Library/PrivateFrameworks/IOPresentment.framework/Versions/A/IOPresentment
0x00000000015ea000 	/System/Library/PrivateFrameworks/DSExternalDisplay.framework/Versions/A/DSExternalDisplay
0x00000000015ea000 	/System/Library/Frameworks/OpenGL.framework/Versions/A/Libraries/libCoreFSCache.dylib
0x00000000015ea000 	/System/Library/Frameworks/CoreVideo.framework/Versions/A/CoreVideo
0x00000000015ea000 	/System/Library/PrivateFrameworks/GraphVisualizer.framework/Versions/A/GraphVisualizer
0x00000000015ea000 	/System/Library/Frameworks/MetalPerformanceShaders.framework/Versions/A/MetalPerformanceShaders
0x00000000015ea000 	/usr/lib/libFosl_dynamic.dylib
0x00000000015ea000 	/System/Library/PrivateFrameworks/FaceCore.framework/Versions/A/FaceCore
0x00000000015ea000 	/System/Library/Frameworks/OpenCL.framework/Versions/A/OpenCL
0x00000000015ea000 	/usr/lib/libcompression.dylib
0x00000000015ea000 	/System/Library/Frameworks/ApplicationServices.framework/Versions/A/Frameworks/ATS.framework/Versions/A/Resources/libFontParser.dylib
0x00000000015ea000 	/System/Library/Frameworks/ApplicationServices.framework/Versions/A/Frameworks/ATS.framework/Versions/A/Resources/libFontRegistry.dylib
0x00000000015ea000 	/System/Library/Frameworks/ImageIO.framework/Versions/A/Resources/libJPEG.dylib
0x00000000015ea000 	/System/Library/Frameworks/ImageIO.framework/Versions/A/Resources/libTIFF.dylib
0x00000000015ea000 	/System/Library/Frameworks/ImageIO.framework/Versions/A/Resources/libPng.dylib
0x00000000015ea000 	/System/Library/Frameworks/ImageIO.framework/Versions/A/Resources/libGIF.dylib
0x00000000015ea000 	/System/Library/Frameworks/ImageIO.framework/Versions/A/Resources/libJP2.dylib
0x00000000015ea000 	/System/Library/Frameworks/ImageIO.framework/Versions/A/Resources/libRadiance.dylib
0x00000000015ea000 	/System/Library/PrivateFrameworks/AppleJPEG.framework/Versions/A/AppleJPEG
0x00000000015ea000 	/System/Library/PrivateFrameworks/MetalTools.framework/Versions/A/MetalTools
0x00000000015ea000 	/System/Library/Frameworks/MetalPerformanceShaders.framework/Frameworks/MPSCore.framework/Versions/A/MPSCore
0x00000000015ea000 	/System/Library/Frameworks/MetalPerformanceShaders.framework/Frameworks/MPSImage.framework/Versions/A/MPSImage
0x00000000015ea000 	/System/Library/Frameworks/MetalPerformanceShaders.framework/Frameworks/MPSMatrix.framework/Versions/A/MPSMatrix
0x00000000015ea000 	/System/Library/Frameworks/MetalPerformanceShaders.framework/Frameworks/MPSNeuralNetwork.framework/Versions/A/MPSNeuralNetwork
0x00000000015ea000 	/System/Library/Frameworks/OpenGL.framework/Versions/A/Libraries/libGLU.dylib
0x00000000015ea000 	/System/Library/Frameworks/OpenGL.framework/Versions/A/Libraries/libGFXShared.dylib
0x00000000015ea000 	/System/Library/Frameworks/OpenGL.framework/Versions/A/Libraries/libGL.dylib
0x00000000015ea000 	/System/Library/Frameworks/OpenGL.framework/Versions/A/Libraries/libGLImage.dylib
0x00000000015ea000 	/System/Library/Frameworks/OpenGL.framework/Versions/A/Libraries/libCVMSPluginSupport.dylib
0x00000000015ea000 	/System/Library/Frameworks/OpenGL.framework/Versions/A/Libraries/libCoreVMClient.dylib
0x00000000015ea000 	/usr/lib/libcups.2.dylib
0x00000000015ea000 	/System/Library/Frameworks/Kerberos.framework/Versions/A/Kerberos
0x00000000015ea000 	/System/Library/Frameworks/GSS.framework/Versions/A/GSS
0x00000000015ea000 	/usr/lib/libresolv.9.dylib
0x00000000015ea000 	/usr/lib/libiconv.2.dylib
0x00000000015ea000 	/System/Library/PrivateFrameworks/Heimdal.framework/Versions/A/Heimdal
0x00000000015ea000 	/usr/lib/libheimdal-asn1.dylib
0x00000000015ea000 	/System/Library/Frameworks/OpenDirectory.framework/Versions/A/OpenDirectory
0x00000000015ea000 	/System/Library/PrivateFrameworks/CommonAuth.framework/Versions/A/CommonAuth
0x00000000015ea000 	/System/Library/Frameworks/OpenDirectory.framework/Versions/A/Frameworks/CFOpenDirectory.framework/Versions/A/CFOpenDirectory
0x00000000015ea000 	/System/Library/Frameworks/SecurityFoundation.framework/Versions/A/SecurityFoundation
0x00000000015ea000 	/System/Library/PrivateFrameworks/APFS.framework/Versions/A/APFS
0x00000000015ea000 	/usr/lib/libutil.dylib
0x00000000015ea000 	/System/Library/PrivateFrameworks/AppleSauce.framework/Versions/A/AppleSauce
0x00000000015ea000 	/System/Library/PrivateFrameworks/LinguisticData.framework/Versions/A/LinguisticData
0x00000000015ea000 	/usr/lib/libmarisa.dylib
0x00000000015ea000 	/System/Library/PrivateFrameworks/Lexicon.framework/Versions/A/Lexicon
0x00000000015ea000 	/usr/lib/libChineseTokenizer.dylib
0x00000000015ea000 	/usr/lib/libcmph.dylib
0x00000000015ea000 	/System/Library/PrivateFrameworks/LanguageModeling.framework/Versions/A/LanguageModeling
0x00000000015ea000 	/System/Library/PrivateFrameworks/CoreEmoji.framework/Versions/A/CoreEmoji
0x00000000015ea000 	/System/Library/Frameworks/ServiceManagement.framework/Versions/A/ServiceManagement
0x00000000015ea000 	/System/Library/PrivateFrameworks/BackgroundTaskManagement.framework/Versions/A/BackgroundTaskManagement
0x00000000015ea000 	/usr/lib/libxslt.1.dylib
0x00000000015ea000 	/System/Library/Frameworks/Carbon.framework/Versions/A/Frameworks/Ink.framework/Versions/A/Ink
0x00000000015ea000 	/System/Library/PrivateFrameworks/TextureIO.framework/Versions/A/TextureIO
0x00000000015ea000 	/usr/lib/libate.dylib
0x00000000015ea000 	/System/Library/PrivateFrameworks/CrashReporterSupport.framework/Versions/A/CrashReporterSupport
0x00000000015ea000 	/System/Library/PrivateFrameworks/Sharing.framework/Versions/A/Sharing
0x00000000015ea000 	/System/Library/PrivateFrameworks/IconServices.framework/Versions/A/IconServices
0x00000000015ea000 	/System/Library/PrivateFrameworks/ProtocolBuffer.framework/Versions/A/ProtocolBuffer
0x00000000015ea000 	/System/Library/PrivateFrameworks/Apple80211.framework/Versions/A/Apple80211
0x00000000015ea000 	/System/Library/Frameworks/CoreWLAN.framework/Versions/A/CoreWLAN
0x00000000015ea000 	/System/Library/PrivateFrameworks/CoreUtils.framework/Versions/A/CoreUtils
0x00000000015ea000 	/System/Library/Frameworks/IOBluetooth.framework/Versions/A/IOBluetooth
0x00000000015ea000 	/System/Library/PrivateFrameworks/CoreWiFi.framework/Versions/A/CoreWiFi
0x00000000015ea000 	/System/Library/Frameworks/CoreBluetooth.framework/Versions/A/CoreBluetooth
0x00000000015ea000 	/System/Library/PrivateFrameworks/SignpostNotification.framework/Versions/A/SignpostNotification
0x00000000015ea000 	/System/Library/PrivateFrameworks/DebugSymbols.framework/Versions/A/DebugSymbols
0x00000000015ea000 	/System/Library/PrivateFrameworks/CoreSymbolication.framework/Versions/A/CoreSymbolication
0x00000000015ea000 	/System/Library/PrivateFrameworks/Symbolication.framework/Versions/A/Symbolication
0x00000000015ea000 	/System/Library/PrivateFrameworks/AppleFSCompression.framework/Versions/A/AppleFSCompression
0x00000000015ea000 	/System/Library/PrivateFrameworks/SpeechRecognitionCore.framework/Versions/A/SpeechRecognitionCore
0x0000000108000000 	/Library/Java/JavaVirtualMachines/jdk1.8.0_101.jdk/Contents/Home/jre/lib/server/libjvm.dylib
0x00000000015ea000 	/usr/lib/libstdc++.6.0.9.dylib
0x0000000106fe2000 	/Library/Java/JavaVirtualMachines/jdk1.8.0_101.jdk/Contents/Home/jre/lib/libverify.dylib
0x0000000108f9d000 	/Library/Java/JavaVirtualMachines/jdk1.8.0_101.jdk/Contents/Home/jre/lib/libjava.dylib
0x0000000109012000 	/Library/Java/JavaVirtualMachines/jdk1.8.0_101.jdk/Contents/Home/jre/lib/libzip.dylib
0x00000000015ea000 	/System/Library/Frameworks/JavaVM.framework/Versions/A/Frameworks/JavaRuntimeSupport.framework/Versions/A/JavaRuntimeSupport
0x00000000015ea000 	/System/Library/Frameworks/JavaVM.framework/Versions/A/Frameworks/JavaNativeFoundation.framework/Versions/A/JavaNativeFoundation
0x00000000015ea000 	/System/Library/Frameworks/JavaVM.framework/Versions/A/JavaVM
0x00000000015ea000 	/System/Library/Frameworks/Carbon.framework/Versions/A/Carbon
0x00000000015ea000 	/System/Library/PrivateFrameworks/JavaLaunching.framework/Versions/A/JavaLaunching
0x00000000015ea000 	/System/Library/Frameworks/Carbon.framework/Versions/A/Frameworks/CommonPanels.framework/Versions/A/CommonPanels
0x00000000015ea000 	/System/Library/Frameworks/Carbon.framework/Versions/A/Frameworks/Help.framework/Versions/A/Help
0x00000000015ea000 	/System/Library/Frameworks/Carbon.framework/Versions/A/Frameworks/ImageCapture.framework/Versions/A/ImageCapture
0x00000000015ea000 	/System/Library/Frameworks/Carbon.framework/Versions/A/Frameworks/OpenScripting.framework/Versions/A/OpenScripting
0x00000000015ea000 	/System/Library/Frameworks/Carbon.framework/Versions/A/Frameworks/Print.framework/Versions/A/Print
0x00000000015ea000 	/System/Library/Frameworks/Carbon.framework/Versions/A/Frameworks/SecurityHI.framework/Versions/A/SecurityHI
0x0000000115116000 	/Library/Java/JavaVirtualMachines/jdk1.8.0_101.jdk/Contents/Home/jre/lib/libawt.dylib
0x00000001151be000 	/Library/Java/JavaVirtualMachines/jdk1.8.0_101.jdk/Contents/Home/jre/lib/./libmlib_image.dylib
0x000000011528a000 	/Library/Java/JavaVirtualMachines/jdk1.8.0_101.jdk/Contents/Home/jre/lib/libawt_lwawt.dylib
0x000000011533f000 	/Library/Java/JavaVirtualMachines/jdk1.8.0_101.jdk/Contents/Home/jre/lib/./libosxapp.dylib
0x00000000015ea000 	/System/Library/Frameworks/ExceptionHandling.framework/Versions/A/ExceptionHandling
0x00000000015ea000 	/System/Library/PrivateFrameworks/CoreServicesInternal.framework/Versions/A/CoreServicesInternal
0x00000000015ea000 	/System/Library/CoreServices/RawCamera.bundle/Contents/MacOS/RawCamera
0x00000000015ea000 	/System/Library/PrivateFrameworks/MobileAsset.framework/Versions/A/MobileAsset
0x00000000015ea000 	/System/Library/PrivateFrameworks/StreamingZip.framework/Versions/A/StreamingZip
0x00000000015ea000 	/System/Library/Frameworks/MediaToolbox.framework/Versions/A/MediaToolbox
0x00000000015ea000 	/System/Library/PrivateFrameworks/CoreAVCHD.framework/Versions/A/CoreAVCHD
0x00000000015ea000 	/System/Library/Frameworks/MediaAccessibility.framework/Versions/A/MediaAccessibility
0x00000000015ea000 	/System/Library/PrivateFrameworks/Mangrove.framework/Versions/A/Mangrove
0x00000000015ea000 	/System/Library/Frameworks/CoreMedia.framework/Versions/A/CoreMedia
0x00000000015ea000 	/System/Library/Frameworks/VideoToolbox.framework/Versions/A/VideoToolbox
0x00000000015ea000 	/System/Library/PrivateFrameworks/CoreAUC.framework/Versions/A/CoreAUC
0x00000000015ea000 	/usr/lib/libspindump.dylib
0x00000000015ea000 	/usr/lib/libdscsym.dylib
0x00000000015ea000 	/System/Library/PrivateFrameworks/AppleVA.framework/Versions/A/AppleVA
0x00000000015ea000 	/System/Library/Frameworks/Accelerate.framework/Versions/A/Frameworks/vImage.framework/Versions/A/Libraries/libCGInterfaces.dylib
0x00000000015ea000 	/System/Library/PrivateFrameworks/FamilyControls.framework/Versions/A/FamilyControls
0x00000000015ea000 	/System/Library/PrivateFrameworks/CommerceKit.framework/Versions/A/Frameworks/CommerceCore.framework/Versions/A/CommerceCore
0x00000000015ea000 	/System/Library/PrivateFrameworks/SystemAdministration.framework/Versions/A/SystemAdministration
0x00000000015ea000 	/System/Library/PrivateFrameworks/AppContainer.framework/Versions/A/AppContainer
0x00000000015ea000 	/System/Library/PrivateFrameworks/SecCodeWrapper.framework/Versions/A/SecCodeWrapper
0x00000000015ea000 	/System/Library/PrivateFrameworks/DiskManagement.framework/Versions/A/DiskManagement
0x00000000015ea000 	/System/Library/Frameworks/DirectoryService.framework/Versions/A/DirectoryService
0x00000000015ea000 	/System/Library/PrivateFrameworks/DiskImages.framework/Versions/A/DiskImages
0x00000000015ea000 	/System/Library/PrivateFrameworks/LoginUIKit.framework/Versions/A/Frameworks/LoginUICore.framework/Versions/A/LoginUICore
0x00000000015ea000 	/usr/lib/libCoreStorage.dylib
0x00000000015ea000 	/usr/lib/libcsfde.dylib
0x00000000015ea000 	/usr/lib/libodfde.dylib
0x00000000015ea000 	/System/Library/PrivateFrameworks/MediaKit.framework/Versions/A/MediaKit
0x00000000015ea000 	/System/Library/Frameworks/DiscRecording.framework/Versions/A/DiscRecording
0x00000000015ea000 	/System/Library/PrivateFrameworks/EFILogin.framework/Versions/A/EFILogin
0x00000000015ea000 	/System/Library/PrivateFrameworks/ProtectedCloudStorage.framework/Versions/A/ProtectedCloudStorage
0x00000000015ea000 	/usr/lib/libcurl.4.dylib
0x00000000015ea000 	/usr/lib/libcrypto.35.dylib
0x00000000015ea000 	/usr/lib/libssl.35.dylib
0x00000000015ea000 	/System/Library/Frameworks/LDAP.framework/Versions/A/LDAP
0x00000000015ea000 	/System/Library/PrivateFrameworks/TrustEvaluationAgent.framework/Versions/A/TrustEvaluationAgent
0x00000000015ea000 	/usr/lib/libsasl2.2.dylib
0x00000000015ea000 	/System/Library/PrivateFrameworks/CoreDaemon.framework/Versions/B/CoreDaemon
0x00000000015ea000 	/System/Library/PrivateFrameworks/AppleSRP.framework/Versions/A/AppleSRP
0x000000011684b000 	/Library/Java/JavaVirtualMachines/jdk1.8.0_101.jdk/Contents/Home/jre/lib/libfontmanager.dylib
0x00000000015ea000 	/System/Library/Frameworks/ApplicationServices.framework/Versions/A/Frameworks/ATS.framework/Versions/A/Resources/libTrueTypeScaler.dylib
0x00000000015ea000 	/System/Library/Frameworks/OpenGL.framework/Versions/A/Resources/GLEngine.bundle/GLEngine
0x00000000015ea000 	/System/Library/Frameworks/OpenGL.framework/Versions/A/Libraries/libGLProgrammability.dylib
0x0000000127ef8000 	/System/Library/Extensions/AppleIntelHD5000GraphicsGLDriver.bundle/Contents/MacOS/AppleIntelHD5000GraphicsGLDriver
0x00000000015ea000 	/System/Library/PrivateFrameworks/GPUSupport.framework/Versions/A/Libraries/libGPUSupportMercury.dylib
0x0000000128659000 	/System/Library/Extensions/AMDRadeonX4000GLDriver.bundle/Contents/MacOS/AMDRadeonX4000GLDriver
0x00000000015ea000 	/System/Library/Extensions/AMDRadeonX4000GLDriver.bundle/Contents/MacOS/ATIRadeonX4000SCLib.dylib
0x00000000015ea000 	/System/Library/Frameworks/OpenGL.framework/Versions/A/Resources/GLRendererFloat.bundle/GLRendererFloat
0x00000000015ea000 	/System/Library/Frameworks/OpenCL.framework/Versions/A/Libraries/libcldcpuengine.dylib
0x00000000015ea000 	/System/Library/Extensions/AppleIntelHD5000GraphicsMTLDriver.bundle/Contents/MacOS/AppleIntelHD5000GraphicsMTLDriver
0x000000012878f000 	/System/Library/Extensions/AMDMTLBronzeDriver.bundle/Contents/MacOS/AMDMTLBronzeDriver
0x00000000015ea000 	/System/Library/PrivateFrameworks/IOAccelMemoryInfo.framework/Versions/A/IOAccelMemoryInfo
0x00000000015ea000 	/System/Library/PrivateFrameworks/GPUCompiler.framework/Versions/3802/Libraries/libmetal_timestamp.dylib
0x0000000128ce8000 	/Library/Java/JavaVirtualMachines/jdk1.8.0_101.jdk/Contents/Home/jre/lib/libosxui.dylib
0x00000000015ea000 	/System/Library/PrivateFrameworks/ViewBridge.framework/Versions/A/ViewBridge
0x0000000129d2e000 	/Library/Java/JavaVirtualMachines/jdk1.8.0_101.jdk/Contents/Home/jre/lib/libnet.dylib
0x0000000129d45000 	/Library/Java/JavaVirtualMachines/jdk1.8.0_101.jdk/Contents/Home/jre/lib/libnio.dylib

VM Arguments:
jvm_args: -Dfile.encoding=UTF-8 
java_command: dentist.LoginRevised
java_class_path (initial): /Users/Wrok/git/dental_assignment/bin
Launcher Type: SUN_STANDARD

Environment Variables:
PATH=/usr/bin:/bin:/usr/sbin:/sbin
SHELL=/bin/bash

Signal Handlers:
SIGSEGV: [libjvm.dylib+0x5af145], sa_mask[0]=11111111011111110111111111111111, sa_flags=SA_ONSTACK|SA_RESTART|SA_SIGINFO
SIGBUS: [libjvm.dylib+0x5af145], sa_mask[0]=11111111011111110111111111111111, sa_flags=SA_RESTART|SA_SIGINFO
SIGFPE: [libjvm.dylib+0x48694c], sa_mask[0]=11111111011111110111111111111111, sa_flags=SA_RESTART|SA_SIGINFO
SIGPIPE: [libjvm.dylib+0x48694c], sa_mask[0]=11111111011111110111111111111111, sa_flags=SA_RESTART|SA_SIGINFO
SIGXFSZ: [libjvm.dylib+0x48694c], sa_mask[0]=11111111011111110111111111111111, sa_flags=SA_RESTART|SA_SIGINFO
SIGILL: [libjvm.dylib+0x48694c], sa_mask[0]=11111111011111110111111111111111, sa_flags=SA_RESTART|SA_SIGINFO
SIGUSR1: SIG_DFL, sa_mask[0]=00000000000000000000000000000000, sa_flags=none
SIGUSR2: [libjvm.dylib+0x48646a], sa_mask[0]=00100000000000000000000000000000, sa_flags=SA_RESTART|SA_SIGINFO
SIGHUP: [libjvm.dylib+0x484a41], sa_mask[0]=11111111011111110111111111111111, sa_flags=SA_RESTART|SA_SIGINFO
SIGINT: [libjvm.dylib+0x484a41], sa_mask[0]=11111111011111110111111111111111, sa_flags=SA_RESTART|SA_SIGINFO
SIGTERM: [libjvm.dylib+0x484a41], sa_mask[0]=11111111011111110111111111111111, sa_flags=SA_RESTART|SA_SIGINFO
SIGQUIT: [libjvm.dylib+0x484a41], sa_mask[0]=11111111011111110111111111111111, sa_flags=SA_RESTART|SA_SIGINFO


---------------  S Y S T E M  ---------------

OS:Bsduname:Darwin 17.0.0 Darwin Kernel Version 17.0.0: Thu Aug 24 21:48:19 PDT 2017; root:xnu-4570.1.46~2/RELEASE_X86_64 x86_64
rlimit: STACK 8192k, CORE 0k, NPROC 1418, NOFILE 10240, AS infinity
load average:3.73 3.66 4.51

CPU:total 8 (4 cores per cpu, 2 threads per core) family 6 model 70 stepping 1, cmov, cx8, fxsr, mmx, sse, sse2, sse3, ssse3, sse4.1, sse4.2, popcnt, avx, avx2, aes, clmul, erms, lzcnt, ht, tsc, tscinvbit, bmi1, bmi2

Memory: 4k page, physical 16777216k(3192352k free)

/proc/meminfo:


vm_info: Java HotSpot(TM) 64-Bit Server VM (25.101-b13) for bsd-amd64 JRE (1.8.0_101-b13), built on Jun 22 2016 02:42:15 by "java_re" with gcc 4.2.1 (Based on Apple Inc. build 5658) (LLVM build 2336.11.00)

time: Tue Nov 21 15:11:29 2017
elapsed time: 2165 seconds (0d 0h 36m 5s)

