#
# A fatal error has been detected by the Java Runtime Environment:
#
#  SIGSEGV (0xb) at pc=0x0000000124e50cdd, pid=10501, tid=0x000000000000c103
#
# JRE version: Java(TM) SE Runtime Environment (8.0_101-b13) (build 1.8.0_101-b13)
# Java VM: Java HotSpot(TM) 64-Bit Server VM (25.101-b13 mixed mode bsd-amd64 compressed oops)
# Problematic frame:
# C  [libawt_lwawt.dylib+0x1acdd]  OGLSD_SetScratchSurface+0x49
#
# Failed to write core dump. Core dumps have been disabled. To enable core dumping, try "ulimit -c unlimited" before starting Java again
#
# If you would like to submit a bug report, please visit:
#   http://bugreport.java.com/bugreport/crash.jsp
# The crash happened outside the Java Virtual Machine in native code.
# See problematic frame for where to report the bug.
#

---------------  T H R E A D  ---------------

Current thread (0x00007f953e8b4800):  JavaThread "Java2D Queue Flusher" daemon [_thread_in_native, id=49411, stack(0x00007000064e0000,0x00007000065e0000)]

siginfo: si_signo: 11 (SIGSEGV), si_code: 1 (SEGV_MAPERR), si_addr: 0x0000000000000013

Registers:
RAX=0x00000000ffffffff, RBX=0x0000000000000013, RCX=0x0000000000000047, RDX=0x0000000124e71844
RSP=0x00007000065df6d0, RBP=0x00007000065df6f0, RSI=0x00007f953d107960, RDI=0x00007f953e8b49f8
R8 =0x00007f953bf38948, R9 =0xffffffff00000000, R10=0x00000001082719a8, R11=0x000000010779fb5b
R12=0x0000000000000000, R13=0x0000000121050d58, R14=0x00007f953e8b49f8, R15=0x00007f953e8b4800
RIP=0x0000000124e50cdd, EFLAGS=0x0000000000010202, ERR=0x0000000000000004
  TRAPNO=0x000000000000000e

Top of Stack: (sp=0x00007000065df6d0)
0x00007000065df6d0:   00007f953d107960 0000000000000000
0x00007000065df6e0:   00007f953e13ae10 00007f953e8b4800
0x00007000065df6f0:   00007000065df770 0000000124e71322
0x00007000065df700:   00007f953e8b4800 000000000000a57b
0x00007000065df710:   00007f953bf38900 0000000200000001
0x00007000065df720:   0000000000000001 0000000000000000
0x00007000065df730:   0000000000000000 00007f953e13ae20
0x00007000065df740:   00000007009c63d8 00007f953e8b49f8
0x00007000065df750:   0000000121050d58 0000000000000000
0x00007000065df760:   00007000065df818 00007f953e8b4800
0x00007000065df770:   00007000065df7e0 00000001082719d4
0x00007000065df780:   00007f953e8b4800 00007f953bf359d8
0x00007000065df790:   00007000065df7c0 00000001077f2f98
0x00007000065df7a0:   00007000065df7a0 0000000000000000
0x00007000065df7b0:   00007000065df818 0000000121051df0
0x00007000065df7c0:   0000000000000000 0000000121050d58
0x00007000065df7d0:   0000000000000000 00007000065df800
0x00007000065df7e0:   00007000065df860 00000001082622bd
0x00007000065df7f0:   0000000000000000 000000010826b538
0x00007000065df800:   0000000000000020 00007f953e13ae00
0x00007000065df810:   000000076eb32e38 000000076eb32e20
0x00007000065df820:   00007000065df820 0000000121050e05
0x00007000065df830:   00007000065df878 0000000121051df0
0x00007000065df840:   000000015c68df40 0000000121050e28
0x00007000065df850:   00007000065df800 00007000065df880
0x00007000065df860:   00007000065df9d0 00000001087a1a04
0x00007000065df870:   0000000000000020 000000076eb32e20
0x00007000065df880:   00007000065df8f0 0000000000000000
0x00007000065df890:   0000000000000000 0000000000000000
0x00007000065df8a0:   0000000000000000 0000700000000000
0x00007000065df8b0:   00000000000000dc 0000000000000000
0x00007000065df8c0:   00007000065df968 00007f953e8b4800 

Instructions: (pc=0x0000000124e50cdd)
0x0000000124e50cbd:   c0 e9 82 00 00 00 48 8b 5e 10 48 85 db 75 0e bf
0x0000000124e50ccd:   01 00 00 00 48 8d 15 ef 76 03 00 eb d6 49 89 fe
0x0000000124e50cdd:   4c 8b 3b 30 c0 e8 83 a3 02 00 49 8b 3f 49 89 c4
0x0000000124e50ced:   48 8b 35 34 f9 05 00 30 c0 e8 cb a4 02 00 48 85 

Register to memory mapping:

RAX=0x00000000ffffffff is an unknown value
RBX=0x0000000000000013 is an unknown value
RCX=0x0000000000000047 is an unknown value
RDX=0x0000000124e71844: Java_sun_java2d_opengl_OGLRenderQueue_flushBuffer+0xb5c in /Library/Java/JavaVirtualMachines/jdk1.8.0_101.jdk/Contents/Home/jre/lib/libawt_lwawt.dylib at 0x0000000124e36000
RSP=0x00007000065df6d0 is pointing into the stack for thread: 0x00007f953e8b4800
RBP=0x00007000065df6f0 is pointing into the stack for thread: 0x00007f953e8b4800
RSI=0x00007f953d107960 is an unknown value
RDI=0x00007f953e8b49f8 is an unknown value
R8 =0x00007f953bf38948 is an unknown value
R9 =0xffffffff00000000 is an unknown value
R10=0x00000001082719a8 is at code_begin+808 in an Interpreter codelet
method entry point (kind = native)  [0x0000000108271680, 0x0000000108271f80]  2304 bytes
R11=0x000000010779fb5b: throw_unsatisfied_link_error+0 in /Library/Java/JavaVirtualMachines/jdk1.8.0_101.jdk/Contents/Home/jre/lib/server/libjvm.dylib at 0x00000001072bd000
R12=0x0000000000000000 is an unknown value
R13={method} {0x0000000121050d58} 'flushBuffer' '(JI)V' in 'sun/java2d/opengl/OGLRenderQueue'
R14=0x00007f953e8b49f8 is an unknown value
R15=0x00007f953e8b4800 is a thread


Stack: [0x00007000064e0000,0x00007000065e0000],  sp=0x00007000065df6d0,  free space=1021k
Native frames: (J=compiled Java code, j=interpreted, Vv=VM code, C=native code)
C  [libawt_lwawt.dylib+0x1acdd]  OGLSD_SetScratchSurface+0x49
C  [libawt_lwawt.dylib+0x3b322]  Java_sun_java2d_opengl_OGLRenderQueue_flushBuffer+0x63a
j  sun.java2d.opengl.OGLRenderQueue.flushBuffer(JI)V+0
j  sun.java2d.opengl.OGLRenderQueue.flushBuffer()V+21
J 1642% C1 sun.java2d.opengl.OGLRenderQueue$QueueFlusher.run()V (234 bytes) @ 0x00000001087a1a04 [0x00000001087a1040+0x9c4]
v  ~StubRoutines::call_stub
V  [libjvm.dylib+0x2ecf06]
V  [libjvm.dylib+0x2ed694]
V  [libjvm.dylib+0x2ed840]
V  [libjvm.dylib+0x348029]
V  [libjvm.dylib+0x5695ab]
V  [libjvm.dylib+0x56ac98]
V  [libjvm.dylib+0x48933a]
C  [libsystem_pthread.dylib+0x36c1]  _pthread_body+0x154
C  [libsystem_pthread.dylib+0x356d]  _pthread_body+0x0
C  [libsystem_pthread.dylib+0x2c5d]  thread_start+0xd
C  0x0000000000000000

Java frames: (J=compiled Java code, j=interpreted, Vv=VM code)
j  sun.java2d.opengl.OGLRenderQueue.flushBuffer(JI)V+0
j  sun.java2d.opengl.OGLRenderQueue.flushBuffer()V+21
J 1642% C1 sun.java2d.opengl.OGLRenderQueue$QueueFlusher.run()V (234 bytes) @ 0x00000001087a1a04 [0x00000001087a1040+0x9c4]
v  ~StubRoutines::call_stub

---------------  P R O C E S S  ---------------

Java Threads: ( => current thread )
  0x00007f953ec44000 JavaThread "Abandoned connection cleanup thread" daemon [_thread_blocked, id=75323, stack(0x00007000069f5000,0x0000700006af5000)]
  0x00007f953f499800 JavaThread "TimerQueue" daemon [_thread_blocked, id=77399, stack(0x00007000068f2000,0x00007000069f2000)]
  0x00007f953f22f800 JavaThread "Java2D Disposer" daemon [_thread_blocked, id=42363, stack(0x000070000676c000,0x000070000686c000)]
=>0x00007f953e8b4800 JavaThread "Java2D Queue Flusher" daemon [_thread_in_native, id=49411, stack(0x00007000064e0000,0x00007000065e0000)]
  0x00007f953c0c8000 JavaThread "DestroyJavaVM" [_thread_blocked, id=6659, stack(0x0000700004d95000,0x0000700004e95000)]
  0x00007f953c074000 JavaThread "AWT-EventQueue-0" [_thread_blocked, id=47139, stack(0x00007000063dd000,0x00007000064dd000)]
  0x00007f953f074000 JavaThread "AWT-Shutdown" [_thread_blocked, id=32295, stack(0x0000700006151000,0x0000700006251000)]
  0x00007f953e08c800 JavaThread "AppKit Thread" daemon [_thread_in_native, id=775, stack(0x00007ffee92e7000,0x00007ffee9ae7000)]
  0x00007f953e80d800 JavaThread "Service Thread" daemon [_thread_blocked, id=20739, stack(0x0000700005ec8000,0x0000700005fc8000)]
  0x00007f953f004000 JavaThread "C1 CompilerThread3" daemon [_thread_blocked, id=20227, stack(0x0000700005dc5000,0x0000700005ec5000)]
  0x00007f953c00a000 JavaThread "C2 CompilerThread2" daemon [_thread_blocked, id=19715, stack(0x0000700005cc2000,0x0000700005dc2000)]
  0x00007f953c009800 JavaThread "C2 CompilerThread1" daemon [_thread_blocked, id=19203, stack(0x0000700005bbf000,0x0000700005cbf000)]
  0x00007f953e02f000 JavaThread "C2 CompilerThread0" daemon [_thread_blocked, id=18691, stack(0x0000700005abc000,0x0000700005bbc000)]
  0x00007f953e03a000 JavaThread "Signal Dispatcher" daemon [_thread_blocked, id=18187, stack(0x00007000059b9000,0x0000700005ab9000)]
  0x00007f953e003800 JavaThread "Finalizer" daemon [_thread_blocked, id=14851, stack(0x00007000058b6000,0x00007000059b6000)]
  0x00007f953f032800 JavaThread "Reference Handler" daemon [_thread_blocked, id=14339, stack(0x00007000057b3000,0x00007000058b3000)]

Other Threads:
  0x00007f953f02e000 VMThread [stack: 0x00007000056b0000,0x00007000057b0000] [id=13827]
  0x00007f953e03b000 WatcherThread [stack: 0x0000700005fcb000,0x00007000060cb000] [id=21251]

VM state:not at safepoint (normal execution)

VM Mutex/Monitor currently owned by a thread: None

Heap:
 PSYoungGen      total 76288K, used 18447K [0x000000076ab00000, 0x0000000770000000, 0x00000007c0000000)
  eden space 65536K, 13% used [0x000000076ab00000,0x000000076b35ddd0,0x000000076eb00000)
  from space 10752K, 91% used [0x000000076eb00000,0x000000076f4a5ff8,0x000000076f580000)
  to   space 10752K, 0% used [0x000000076f580000,0x000000076f580000,0x0000000770000000)
 ParOldGen       total 175104K, used 25787K [0x00000006c0000000, 0x00000006cab00000, 0x000000076ab00000)
  object space 175104K, 14% used [0x00000006c0000000,0x00000006c192ed68,0x00000006cab00000)
 Metaspace       used 16842K, capacity 17098K, committed 17280K, reserved 1064960K
  class space    used 2052K, capacity 2131K, committed 2176K, reserved 1048576K

Card table byte_map: [0x000000011761a000,0x0000000117e1b000] byte_map_base: 0x000000011401a000

Marking Bits: (ParMarkBitMap*) 0x0000000107baad20
 Begin Bits: [0x0000000118371000, 0x000000011c371000)
 End Bits:   [0x000000011c371000, 0x0000000120371000)

Polling page: 0x000000010619d000

CodeCache: size=245760Kb used=5595Kb max_used=5595Kb free=240164Kb
 bounds [0x000000010825a000, 0x00000001087da000, 0x000000011725a000]
 total_blobs=2267 nmethods=1677 adapters=503
 compilation: enabled

Compilation events (10 events):
Event: 6658.509 Thread 0x00007f953f004000 1685       3       com.apple.laf.AquaCaret::propertyChange (76 bytes)
Event: 6658.510 Thread 0x00007f953f004000 nmethod 1685 0x00000001087cec50 code [0x00000001087cee80, 0x00000001087cfe08]
Event: 6658.510 Thread 0x00007f953f004000 1686       3       javax.swing.text.DefaultCaret$Handler::propertyChange (277 bytes)
Event: 6658.511 Thread 0x00007f953f004000 nmethod 1686 0x00000001087d0690 code [0x00000001087d0a80, 0x00000001087d3458]
Event: 6658.516 Thread 0x00007f953f004000 1687       3       java.util.IdentityHashMap$IdentityHashMapIterator::hasNext (50 bytes)
Event: 6658.516 Thread 0x00007f953f004000 nmethod 1687 0x00000001087ce750 code [0x00000001087ce8c0, 0x00000001087ceb50]
Event: 6658.516 Thread 0x00007f953f004000 1688       1       sun.awt.CGraphicsConfig::getDevice (5 bytes)
Event: 6658.516 Thread 0x00007f953f004000 nmethod 1688 0x00000001087ce490 code [0x00000001087ce5e0, 0x00000001087ce6f0]
Event: 6658.516 Thread 0x00007f953f004000 1689       3       apple.laf.JRSUIState::is (35 bytes)
Event: 6658.537 Thread 0x00007f953f004000 nmethod 1689 0x00000001087ce050 code [0x00000001087ce1c0, 0x00000001087ce3b0]

GC Heap History (6 events):
Event: 653.696 GC heap before
{Heap before GC invocations=1 (full 0):
 PSYoungGen      total 76288K, used 65536K [0x000000076ab00000, 0x0000000770000000, 0x00000007c0000000)
  eden space 65536K, 100% used [0x000000076ab00000,0x000000076eb00000,0x000000076eb00000)
  from space 10752K, 0% used [0x000000076f580000,0x000000076f580000,0x0000000770000000)
  to   space 10752K, 0% used [0x000000076eb00000,0x000000076eb00000,0x000000076f580000)
 ParOldGen       total 175104K, used 0K [0x00000006c0000000, 0x00000006cab00000, 0x000000076ab00000)
  object space 175104K, 0% used [0x00000006c0000000,0x00000006c0000000,0x00000006cab00000)
 Metaspace       used 16624K, capacity 16842K, committed 17024K, reserved 1064960K
  class space    used 2044K, capacity 2131K, committed 2176K, reserved 1048576K
Event: 653.725 GC heap after
Heap after GC invocations=1 (full 0):
 PSYoungGen      total 76288K, used 10722K [0x000000076ab00000, 0x0000000770000000, 0x00000007c0000000)
  eden space 65536K, 0% used [0x000000076ab00000,0x000000076ab00000,0x000000076eb00000)
  from space 10752K, 99% used [0x000000076eb00000,0x000000076f578868,0x000000076f580000)
  to   space 10752K, 0% used [0x000000076f580000,0x000000076f580000,0x0000000770000000)
 ParOldGen       total 175104K, used 13938K [0x00000006c0000000, 0x00000006cab00000, 0x000000076ab00000)
  object space 175104K, 7% used [0x00000006c0000000,0x00000006c0d9c9e8,0x00000006cab00000)
 Metaspace       used 16624K, capacity 16842K, committed 17024K, reserved 1064960K
  class space    used 2044K, capacity 2131K, committed 2176K, reserved 1048576K
}
Event: 1181.644 GC heap before
{Heap before GC invocations=2 (full 0):
 PSYoungGen      total 76288K, used 74491K [0x000000076ab00000, 0x0000000770000000, 0x00000007c0000000)
  eden space 65536K, 97% used [0x000000076ab00000,0x000000076e9465f0,0x000000076eb00000)
  from space 10752K, 99% used [0x000000076eb00000,0x000000076f578868,0x000000076f580000)
  to   space 10752K, 0% used [0x000000076f580000,0x000000076f580000,0x0000000770000000)
 ParOldGen       total 175104K, used 13938K [0x00000006c0000000, 0x00000006cab00000, 0x000000076ab00000)
  object space 175104K, 7% used [0x00000006c0000000,0x00000006c0d9c9e8,0x00000006cab00000)
 Metaspace       used 16726K, capacity 16970K, committed 17280K, reserved 1064960K
  class space    used 2048K, capacity 2131K, committed 2176K, reserved 1048576K
Event: 1181.654 GC heap after
Heap after GC invocations=2 (full 0):
 PSYoungGen      total 76288K, used 8913K [0x000000076ab00000, 0x0000000770000000, 0x00000007c0000000)
  eden space 65536K, 0% used [0x000000076ab00000,0x000000076ab00000,0x000000076eb00000)
  from space 10752K, 82% used [0x000000076f580000,0x000000076fe34620,0x0000000770000000)
  to   space 10752K, 0% used [0x000000076eb00000,0x000000076eb00000,0x000000076f580000)
 ParOldGen       total 175104K, used 13946K [0x00000006c0000000, 0x00000006cab00000, 0x000000076ab00000)
  object space 175104K, 7% used [0x00000006c0000000,0x00000006c0d9e9e8,0x00000006cab00000)
 Metaspace       used 16726K, capacity 16970K, committed 17280K, reserved 1064960K
  class space    used 2048K, capacity 2131K, committed 2176K, reserved 1048576K
}
Event: 6658.516 GC heap before
{Heap before GC invocations=3 (full 0):
 PSYoungGen      total 76288K, used 74356K [0x000000076ab00000, 0x0000000770000000, 0x00000007c0000000)
  eden space 65536K, 99% used [0x000000076ab00000,0x000000076eae8ce8,0x000000076eb00000)
  from space 10752K, 82% used [0x000000076f580000,0x000000076fe34620,0x0000000770000000)
  to   space 10752K, 0% used [0x000000076eb00000,0x000000076eb00000,0x000000076f580000)
 ParOldGen       total 175104K, used 13946K [0x00000006c0000000, 0x00000006cab00000, 0x000000076ab00000)
  object space 175104K, 7% used [0x00000006c0000000,0x00000006c0d9e9e8,0x00000006cab00000)
 Metaspace       used 16842K, capacity 17098K, committed 17280K, reserved 1064960K
  class space    used 2052K, capacity 2131K, committed 2176K, reserved 1048576K
Event: 6658.537 GC heap after
Heap after GC invocations=3 (full 0):
 PSYoungGen      total 76288K, used 9879K [0x000000076ab00000, 0x0000000770000000, 0x00000007c0000000)
  eden space 65536K, 0% used [0x000000076ab00000,0x000000076ab00000,0x000000076eb00000)
  from space 10752K, 91% used [0x000000076eb00000,0x000000076f4a5ff8,0x000000076f580000)
  to   space 10752K, 0% used [0x000000076f580000,0x000000076f580000,0x0000000770000000)
 ParOldGen       total 175104K, used 25787K [0x00000006c0000000, 0x00000006cab00000, 0x000000076ab00000)
  object space 175104K, 14% used [0x00000006c0000000,0x00000006c192ed68,0x00000006cab00000)
 Metaspace       used 16842K, capacity 17098K, committed 17280K, reserved 1064960K
  class space    used 2052K, capacity 2131K, committed 2176K, reserved 1048576K
}

Deoptimization events (10 events):
Event: 144.074 Thread 0x00007f953c074000 Uncommon trap: reason=unstable_if action=reinterpret pc=0x00000001085c9300 method=java.awt.Container.findComponentAtImpl(IIZ)Ljava/awt/Component; @ 6
Event: 653.667 Thread 0x00007f953c074000 Uncommon trap: reason=class_check action=maybe_recompile pc=0x0000000108686dd8 method=java.util.HashMap.putVal(ILjava/lang/Object;Ljava/lang/Object;ZZ)Ljava/lang/Object; @ 253
Event: 653.668 Thread 0x00007f953c074000 Uncommon trap: reason=class_check action=maybe_recompile pc=0x0000000108686dd8 method=java.util.HashMap.putVal(ILjava/lang/Object;Ljava/lang/Object;ZZ)Ljava/lang/Object; @ 253
Event: 653.670 Thread 0x00007f953c074000 Uncommon trap: reason=class_check action=maybe_recompile pc=0x0000000108686dd8 method=java.util.HashMap.putVal(ILjava/lang/Object;Ljava/lang/Object;ZZ)Ljava/lang/Object; @ 253
Event: 653.670 Thread 0x00007f953c074000 Uncommon trap: reason=bimorphic action=maybe_recompile pc=0x0000000108686e74 method=java.util.HashMap.putVal(ILjava/lang/Object;Ljava/lang/Object;ZZ)Ljava/lang/Object; @ 91
Event: 653.670 Thread 0x00007f953c074000 Uncommon trap: reason=unstable_if action=reinterpret pc=0x00000001084aff30 method=java.util.HashMap.getNode(ILjava/lang/Object;)Ljava/util/HashMap$Node; @ 62
Event: 653.670 Thread 0x00007f953c074000 Uncommon trap: reason=bimorphic action=maybe_recompile pc=0x0000000108686e74 method=java.util.HashMap.putVal(ILjava/lang/Object;Ljava/lang/Object;ZZ)Ljava/lang/Object; @ 91
Event: 653.674 Thread 0x00007f953c074000 Uncommon trap: reason=unstable_if action=reinterpret pc=0x00000001084a6b08 method=java.util.HashMap.getNode(ILjava/lang/Object;)Ljava/util/HashMap$Node; @ 62
Event: 653.674 Thread 0x00007f953c074000 Uncommon trap: reason=bimorphic action=maybe_recompile pc=0x0000000108686e74 method=java.util.HashMap.putVal(ILjava/lang/Object;Ljava/lang/Object;ZZ)Ljava/lang/Object; @ 91
Event: 653.676 Thread 0x00007f953c074000 Uncommon trap: reason=bimorphic action=maybe_recompile pc=0x0000000108686e74 method=java.util.HashMap.putVal(ILjava/lang/Object;Ljava/lang/Object;ZZ)Ljava/lang/Object; @ 91

Internal exceptions (10 events):
Event: 0.029 Thread 0x00007f953e805000 Exception <a 'java/lang/NoSuchMethodError': Method sun.misc.Unsafe.prefetchRead(Ljava/lang/Object;J)V name or signature does not match> (0x000000076ab07fa8) thrown at [/HUDSON3/workspace/8-2-build-macosx-x86_64/jdk8u101/7261/hotspot/src/share/vm/prims/jni
Event: 0.090 Thread 0x00007f953e805000 Exception <a 'java/security/PrivilegedActionException'> (0x000000076ab904f0) thrown at [/HUDSON3/workspace/8-2-build-macosx-x86_64/jdk8u101/7261/hotspot/src/share/vm/prims/jvm.cpp, line 1386]
Event: 0.090 Thread 0x00007f953e805000 Exception <a 'java/security/PrivilegedActionException'> (0x000000076ab90700) thrown at [/HUDSON3/workspace/8-2-build-macosx-x86_64/jdk8u101/7261/hotspot/src/share/vm/prims/jvm.cpp, line 1386]
Event: 0.090 Thread 0x00007f953e805000 Exception <a 'java/security/PrivilegedActionException'> (0x000000076ab93a08) thrown at [/HUDSON3/workspace/8-2-build-macosx-x86_64/jdk8u101/7261/hotspot/src/share/vm/prims/jvm.cpp, line 1386]
Event: 0.090 Thread 0x00007f953e805000 Exception <a 'java/security/PrivilegedActionException'> (0x000000076ab93c18) thrown at [/HUDSON3/workspace/8-2-build-macosx-x86_64/jdk8u101/7261/hotspot/src/share/vm/prims/jvm.cpp, line 1386]
Event: 0.125 Thread 0x00007f953e805000 Exception <a 'java/lang/NoSuchFieldError': method resolution failed> (0x000000076adb5f70) thrown at [/HUDSON3/workspace/8-2-build-macosx-x86_64/jdk8u101/7261/hotspot/src/share/vm/prims/methodHandles.cpp, line 1146]
Event: 0.126 Thread 0x00007f953e805000 Exception <a 'java/lang/NoSuchFieldError': method resolution failed> (0x000000076adc3740) thrown at [/HUDSON3/workspace/8-2-build-macosx-x86_64/jdk8u101/7261/hotspot/src/share/vm/prims/methodHandles.cpp, line 1146]
Event: 0.225 Thread 0x00007f953e805000 Exception <a 'java/io/FileNotFoundException'> (0x000000076ae3e0f0) thrown at [/HUDSON3/workspace/8-2-build-macosx-x86_64/jdk8u101/7261/hotspot/src/share/vm/prims/jni.cpp, line 709]
Event: 0.225 Thread 0x00007f953e805000 Exception <a 'java/io/FileNotFoundException'> (0x000000076ae3ec50) thrown at [/HUDSON3/workspace/8-2-build-macosx-x86_64/jdk8u101/7261/hotspot/src/share/vm/prims/jni.cpp, line 709]
Event: 0.246 Thread 0x00007f953c074000 Exception <a 'java/io/FileNotFoundException'> (0x000000076b02e4f0) thrown at [/HUDSON3/workspace/8-2-build-macosx-x86_64/jdk8u101/7261/hotspot/src/share/vm/prims/jni.cpp, line 709]

Events (10 events):
Event: 4690.304 loading class javax/swing/RepaintManager$DisplayChangedRunnable
Event: 4690.304 loading class javax/swing/RepaintManager$DisplayChangedRunnable done
Event: 4690.306 loading class java/awt/image/BufferedImage$1
Event: 4690.306 loading class java/awt/image/BufferedImage$1 done
Event: 4691.038 loading class sun/java2d/loops/Blit$GeneralMaskBlit
Event: 4691.039 loading class sun/java2d/loops/Blit$GeneralMaskBlit done
Event: 4691.192 loading class sun/awt/image/BufferedImageDevice
Event: 4691.193 loading class sun/awt/image/BufferedImageDevice done
Event: 6658.516 Executing VM operation: ParallelGCFailedAllocation
Event: 6658.537 Executing VM operation: ParallelGCFailedAllocation done


Dynamic libraries:
0x0000000025a88000 	/System/Library/Frameworks/Cocoa.framework/Versions/A/Cocoa
0x0000000025a88000 	/System/Library/Frameworks/Security.framework/Versions/A/Security
0x0000000025a88000 	/System/Library/Frameworks/ApplicationServices.framework/Versions/A/ApplicationServices
0x0000000025a88000 	/usr/lib/libz.1.dylib
0x0000000025a88000 	/usr/lib/libSystem.B.dylib
0x0000000025a88000 	/usr/lib/libobjc.A.dylib
0x0000000025a88000 	/System/Library/Frameworks/CoreFoundation.framework/Versions/A/CoreFoundation
0x0000000025a88000 	/System/Library/Frameworks/Foundation.framework/Versions/C/Foundation
0x0000000025a88000 	/System/Library/Frameworks/AppKit.framework/Versions/C/AppKit
0x0000000025a88000 	/System/Library/Frameworks/CoreData.framework/Versions/A/CoreData
0x0000000025a88000 	/System/Library/PrivateFrameworks/RemoteViewServices.framework/Versions/A/RemoteViewServices
0x0000000025a88000 	/System/Library/PrivateFrameworks/UIFoundation.framework/Versions/A/UIFoundation
0x0000000025a88000 	/System/Library/PrivateFrameworks/DFRFoundation.framework/Versions/A/DFRFoundation
0x0000000025a88000 	/System/Library/Frameworks/Metal.framework/Versions/A/Metal
0x0000000025a88000 	/System/Library/PrivateFrameworks/DesktopServicesPriv.framework/Versions/A/DesktopServicesPriv
0x0000000025a88000 	/usr/lib/libenergytrace.dylib
0x0000000025a88000 	/System/Library/PrivateFrameworks/SkyLight.framework/Versions/A/SkyLight
0x0000000025a88000 	/System/Library/Frameworks/CoreGraphics.framework/Versions/A/CoreGraphics
0x0000000025a88000 	/usr/lib/libScreenReader.dylib
0x0000000025a88000 	/System/Library/Frameworks/Accelerate.framework/Versions/A/Accelerate
0x0000000025a88000 	/System/Library/Frameworks/IOSurface.framework/Versions/A/IOSurface
0x0000000025a88000 	/System/Library/Frameworks/AudioToolbox.framework/Versions/A/AudioToolbox
0x0000000025a88000 	/System/Library/Frameworks/AudioUnit.framework/Versions/A/AudioUnit
0x0000000025a88000 	/System/Library/PrivateFrameworks/DataDetectorsCore.framework/Versions/A/DataDetectorsCore
0x0000000025a88000 	/System/Library/Frameworks/Carbon.framework/Versions/A/Frameworks/HIToolbox.framework/Versions/A/HIToolbox
0x0000000025a88000 	/usr/lib/libicucore.A.dylib
0x0000000025a88000 	/System/Library/Frameworks/QuartzCore.framework/Versions/A/QuartzCore
0x0000000025a88000 	/System/Library/Frameworks/Carbon.framework/Versions/A/Frameworks/SpeechRecognition.framework/Versions/A/SpeechRecognition
0x0000000025a88000 	/usr/lib/libauto.dylib
0x0000000025a88000 	/usr/lib/libxml2.2.dylib
0x0000000025a88000 	/System/Library/PrivateFrameworks/CoreUI.framework/Versions/A/CoreUI
0x0000000025a88000 	/System/Library/Frameworks/CoreAudio.framework/Versions/A/CoreAudio
0x0000000025a88000 	/System/Library/Frameworks/DiskArbitration.framework/Versions/A/DiskArbitration
0x0000000025a88000 	/usr/lib/liblangid.dylib
0x0000000025a88000 	/System/Library/PrivateFrameworks/MultitouchSupport.framework/Versions/A/MultitouchSupport
0x0000000025a88000 	/System/Library/Frameworks/IOKit.framework/Versions/A/IOKit
0x0000000025a88000 	/usr/lib/libDiagnosticMessagesClient.dylib
0x0000000025a88000 	/System/Library/Frameworks/CoreServices.framework/Versions/A/CoreServices
0x0000000025a88000 	/System/Library/PrivateFrameworks/PerformanceAnalysis.framework/Versions/A/PerformanceAnalysis
0x0000000025a88000 	/System/Library/Frameworks/OpenGL.framework/Versions/A/OpenGL
0x0000000025a88000 	/System/Library/Frameworks/ColorSync.framework/Versions/A/ColorSync
0x0000000025a88000 	/System/Library/Frameworks/CoreImage.framework/Versions/A/CoreImage
0x0000000025a88000 	/System/Library/Frameworks/CoreText.framework/Versions/A/CoreText
0x0000000025a88000 	/System/Library/Frameworks/ImageIO.framework/Versions/A/ImageIO
0x0000000025a88000 	/System/Library/PrivateFrameworks/Backup.framework/Versions/A/Backup
0x0000000025a88000 	/usr/lib/libarchive.2.dylib
0x0000000025a88000 	/System/Library/Frameworks/CFNetwork.framework/Versions/A/CFNetwork
0x0000000025a88000 	/System/Library/Frameworks/SystemConfiguration.framework/Versions/A/SystemConfiguration
0x0000000025a88000 	/usr/lib/libCRFSuite.dylib
0x0000000025a88000 	/usr/lib/libc++.1.dylib
0x0000000025a88000 	/usr/lib/libc++abi.dylib
0x0000000025a88000 	/usr/lib/system/libcache.dylib
0x0000000025a88000 	/usr/lib/system/libcommonCrypto.dylib
0x0000000025a88000 	/usr/lib/system/libcompiler_rt.dylib
0x0000000025a88000 	/usr/lib/system/libcopyfile.dylib
0x0000000025a88000 	/usr/lib/system/libcorecrypto.dylib
0x0000000025a88000 	/usr/lib/system/libdispatch.dylib
0x0000000025a88000 	/usr/lib/system/libdyld.dylib
0x0000000025a88000 	/usr/lib/system/libkeymgr.dylib
0x0000000025a88000 	/usr/lib/system/liblaunch.dylib
0x0000000025a88000 	/usr/lib/system/libmacho.dylib
0x0000000025a88000 	/usr/lib/system/libquarantine.dylib
0x0000000025a88000 	/usr/lib/system/libremovefile.dylib
0x0000000025a88000 	/usr/lib/system/libsystem_asl.dylib
0x0000000025a88000 	/usr/lib/system/libsystem_blocks.dylib
0x0000000025a88000 	/usr/lib/system/libsystem_c.dylib
0x0000000025a88000 	/usr/lib/system/libsystem_configuration.dylib
0x0000000025a88000 	/usr/lib/system/libsystem_coreservices.dylib
0x0000000025a88000 	/usr/lib/system/libsystem_darwin.dylib
0x0000000025a88000 	/usr/lib/system/libsystem_dnssd.dylib
0x0000000025a88000 	/usr/lib/system/libsystem_info.dylib
0x0000000025a88000 	/usr/lib/system/libsystem_m.dylib
0x0000000025a88000 	/usr/lib/system/libsystem_malloc.dylib
0x0000000025a88000 	/usr/lib/system/libsystem_network.dylib
0x0000000025a88000 	/usr/lib/system/libsystem_networkextension.dylib
0x0000000025a88000 	/usr/lib/system/libsystem_notify.dylib
0x0000000025a88000 	/usr/lib/system/libsystem_sandbox.dylib
0x0000000025a88000 	/usr/lib/system/libsystem_secinit.dylib
0x0000000025a88000 	/usr/lib/system/libsystem_kernel.dylib
0x0000000025a88000 	/usr/lib/system/libsystem_platform.dylib
0x0000000025a88000 	/usr/lib/system/libsystem_pthread.dylib
0x0000000025a88000 	/usr/lib/system/libsystem_symptoms.dylib
0x0000000025a88000 	/usr/lib/system/libsystem_trace.dylib
0x0000000025a88000 	/usr/lib/system/libunwind.dylib
0x0000000025a88000 	/usr/lib/system/libxpc.dylib
0x0000000025a88000 	/usr/lib/closure/libclosured.dylib
0x0000000025a88000 	/usr/lib/libbsm.0.dylib
0x0000000025a88000 	/usr/lib/system/libkxld.dylib
0x0000000025a88000 	/usr/lib/libOpenScriptingUtil.dylib
0x0000000025a88000 	/usr/lib/libcoretls.dylib
0x0000000025a88000 	/usr/lib/libcoretls_cfhelpers.dylib
0x0000000025a88000 	/usr/lib/libpam.2.dylib
0x0000000025a88000 	/usr/lib/libsqlite3.dylib
0x0000000025a88000 	/usr/lib/libxar.1.dylib
0x0000000025a88000 	/usr/lib/libbz2.1.0.dylib
0x0000000025a88000 	/usr/lib/liblzma.5.dylib
0x0000000025a88000 	/usr/lib/libnetwork.dylib
0x0000000025a88000 	/usr/lib/libapple_nghttp2.dylib
0x0000000025a88000 	/usr/lib/libpcap.A.dylib
0x0000000025a88000 	/usr/lib/libboringssl.dylib
0x0000000025a88000 	/usr/lib/libusrtcp.dylib
0x0000000025a88000 	/usr/lib/libapple_crypto.dylib
0x0000000025a88000 	/System/Library/Frameworks/CoreServices.framework/Versions/A/Frameworks/FSEvents.framework/Versions/A/FSEvents
0x0000000025a88000 	/System/Library/Frameworks/CoreServices.framework/Versions/A/Frameworks/CarbonCore.framework/Versions/A/CarbonCore
0x0000000025a88000 	/System/Library/Frameworks/CoreServices.framework/Versions/A/Frameworks/Metadata.framework/Versions/A/Metadata
0x0000000025a88000 	/System/Library/Frameworks/CoreServices.framework/Versions/A/Frameworks/OSServices.framework/Versions/A/OSServices
0x0000000025a88000 	/System/Library/Frameworks/CoreServices.framework/Versions/A/Frameworks/SearchKit.framework/Versions/A/SearchKit
0x0000000025a88000 	/System/Library/Frameworks/CoreServices.framework/Versions/A/Frameworks/AE.framework/Versions/A/AE
0x0000000025a88000 	/System/Library/Frameworks/CoreServices.framework/Versions/A/Frameworks/LaunchServices.framework/Versions/A/LaunchServices
0x0000000025a88000 	/System/Library/Frameworks/CoreServices.framework/Versions/A/Frameworks/DictionaryServices.framework/Versions/A/DictionaryServices
0x0000000025a88000 	/System/Library/Frameworks/CoreServices.framework/Versions/A/Frameworks/SharedFileList.framework/Versions/A/SharedFileList
0x0000000025a88000 	/System/Library/Frameworks/NetFS.framework/Versions/A/NetFS
0x0000000025a88000 	/System/Library/PrivateFrameworks/NetAuth.framework/Versions/A/NetAuth
0x0000000025a88000 	/System/Library/PrivateFrameworks/login.framework/Versions/A/Frameworks/loginsupport.framework/Versions/A/loginsupport
0x0000000025a88000 	/System/Library/PrivateFrameworks/TCC.framework/Versions/A/TCC
0x0000000025a88000 	/usr/lib/libmecabra.dylib
0x0000000025a88000 	/System/Library/Frameworks/ApplicationServices.framework/Versions/A/Frameworks/ATS.framework/Versions/A/ATS
0x0000000025a88000 	/System/Library/Frameworks/ApplicationServices.framework/Versions/A/Frameworks/ColorSyncLegacy.framework/Versions/A/ColorSyncLegacy
0x0000000025a88000 	/System/Library/Frameworks/ApplicationServices.framework/Versions/A/Frameworks/HIServices.framework/Versions/A/HIServices
0x0000000025a88000 	/System/Library/Frameworks/ApplicationServices.framework/Versions/A/Frameworks/LangAnalysis.framework/Versions/A/LangAnalysis
0x0000000025a88000 	/System/Library/Frameworks/ApplicationServices.framework/Versions/A/Frameworks/PrintCore.framework/Versions/A/PrintCore
0x0000000025a88000 	/System/Library/Frameworks/ApplicationServices.framework/Versions/A/Frameworks/QD.framework/Versions/A/QD
0x0000000025a88000 	/System/Library/Frameworks/ApplicationServices.framework/Versions/A/Frameworks/SpeechSynthesis.framework/Versions/A/SpeechSynthesis
0x0000000025a88000 	/System/Library/Frameworks/CoreDisplay.framework/Versions/A/CoreDisplay
0x0000000025a88000 	/System/Library/Frameworks/Accelerate.framework/Versions/A/Frameworks/vImage.framework/Versions/A/vImage
0x0000000025a88000 	/System/Library/Frameworks/Accelerate.framework/Versions/A/Frameworks/vecLib.framework/Versions/A/vecLib
0x0000000025a88000 	/System/Library/Frameworks/Accelerate.framework/Versions/A/Frameworks/vecLib.framework/Versions/A/libvDSP.dylib
0x0000000025a88000 	/System/Library/Frameworks/Accelerate.framework/Versions/A/Frameworks/vecLib.framework/Versions/A/libBNNS.dylib
0x0000000025a88000 	/System/Library/Frameworks/Accelerate.framework/Versions/A/Frameworks/vecLib.framework/Versions/A/libQuadrature.dylib
0x0000000025a88000 	/System/Library/Frameworks/Accelerate.framework/Versions/A/Frameworks/vecLib.framework/Versions/A/libvMisc.dylib
0x0000000025a88000 	/System/Library/Frameworks/Accelerate.framework/Versions/A/Frameworks/vecLib.framework/Versions/A/libLAPACK.dylib
0x0000000025a88000 	/System/Library/Frameworks/Accelerate.framework/Versions/A/Frameworks/vecLib.framework/Versions/A/libBLAS.dylib
0x0000000025a88000 	/System/Library/Frameworks/Accelerate.framework/Versions/A/Frameworks/vecLib.framework/Versions/A/libLinearAlgebra.dylib
0x0000000025a88000 	/System/Library/Frameworks/Accelerate.framework/Versions/A/Frameworks/vecLib.framework/Versions/A/libSparse.dylib
0x0000000025a88000 	/System/Library/Frameworks/Accelerate.framework/Versions/A/Frameworks/vecLib.framework/Versions/A/libSparseBLAS.dylib
0x0000000025a88000 	/System/Library/PrivateFrameworks/IOAccelerator.framework/Versions/A/IOAccelerator
0x0000000025a88000 	/System/Library/PrivateFrameworks/IOPresentment.framework/Versions/A/IOPresentment
0x0000000025a88000 	/System/Library/PrivateFrameworks/DSExternalDisplay.framework/Versions/A/DSExternalDisplay
0x0000000025a88000 	/System/Library/Frameworks/OpenGL.framework/Versions/A/Libraries/libCoreFSCache.dylib
0x0000000025a88000 	/System/Library/Frameworks/CoreVideo.framework/Versions/A/CoreVideo
0x0000000025a88000 	/System/Library/PrivateFrameworks/GraphVisualizer.framework/Versions/A/GraphVisualizer
0x0000000025a88000 	/System/Library/Frameworks/MetalPerformanceShaders.framework/Versions/A/MetalPerformanceShaders
0x0000000025a88000 	/usr/lib/libFosl_dynamic.dylib
0x0000000025a88000 	/System/Library/PrivateFrameworks/FaceCore.framework/Versions/A/FaceCore
0x0000000025a88000 	/System/Library/Frameworks/OpenCL.framework/Versions/A/OpenCL
0x0000000025a88000 	/usr/lib/libcompression.dylib
0x0000000025a88000 	/System/Library/Frameworks/ApplicationServices.framework/Versions/A/Frameworks/ATS.framework/Versions/A/Resources/libFontParser.dylib
0x0000000025a88000 	/System/Library/Frameworks/ApplicationServices.framework/Versions/A/Frameworks/ATS.framework/Versions/A/Resources/libFontRegistry.dylib
0x0000000025a88000 	/System/Library/Frameworks/ImageIO.framework/Versions/A/Resources/libJPEG.dylib
0x0000000025a88000 	/System/Library/Frameworks/ImageIO.framework/Versions/A/Resources/libTIFF.dylib
0x0000000025a88000 	/System/Library/Frameworks/ImageIO.framework/Versions/A/Resources/libPng.dylib
0x0000000025a88000 	/System/Library/Frameworks/ImageIO.framework/Versions/A/Resources/libGIF.dylib
0x0000000025a88000 	/System/Library/Frameworks/ImageIO.framework/Versions/A/Resources/libJP2.dylib
0x0000000025a88000 	/System/Library/Frameworks/ImageIO.framework/Versions/A/Resources/libRadiance.dylib
0x0000000025a88000 	/System/Library/PrivateFrameworks/AppleJPEG.framework/Versions/A/AppleJPEG
0x0000000025a88000 	/System/Library/PrivateFrameworks/MetalTools.framework/Versions/A/MetalTools
0x0000000025a88000 	/System/Library/Frameworks/MetalPerformanceShaders.framework/Frameworks/MPSCore.framework/Versions/A/MPSCore
0x0000000025a88000 	/System/Library/Frameworks/MetalPerformanceShaders.framework/Frameworks/MPSImage.framework/Versions/A/MPSImage
0x0000000025a88000 	/System/Library/Frameworks/MetalPerformanceShaders.framework/Frameworks/MPSMatrix.framework/Versions/A/MPSMatrix
0x0000000025a88000 	/System/Library/Frameworks/MetalPerformanceShaders.framework/Frameworks/MPSNeuralNetwork.framework/Versions/A/MPSNeuralNetwork
0x0000000025a88000 	/System/Library/Frameworks/OpenGL.framework/Versions/A/Libraries/libGLU.dylib
0x0000000025a88000 	/System/Library/Frameworks/OpenGL.framework/Versions/A/Libraries/libGFXShared.dylib
0x0000000025a88000 	/System/Library/Frameworks/OpenGL.framework/Versions/A/Libraries/libGL.dylib
0x0000000025a88000 	/System/Library/Frameworks/OpenGL.framework/Versions/A/Libraries/libGLImage.dylib
0x0000000025a88000 	/System/Library/Frameworks/OpenGL.framework/Versions/A/Libraries/libCVMSPluginSupport.dylib
0x0000000025a88000 	/System/Library/Frameworks/OpenGL.framework/Versions/A/Libraries/libCoreVMClient.dylib
0x0000000025a88000 	/usr/lib/libcups.2.dylib
0x0000000025a88000 	/System/Library/Frameworks/Kerberos.framework/Versions/A/Kerberos
0x0000000025a88000 	/System/Library/Frameworks/GSS.framework/Versions/A/GSS
0x0000000025a88000 	/usr/lib/libresolv.9.dylib
0x0000000025a88000 	/usr/lib/libiconv.2.dylib
0x0000000025a88000 	/System/Library/PrivateFrameworks/Heimdal.framework/Versions/A/Heimdal
0x0000000025a88000 	/usr/lib/libheimdal-asn1.dylib
0x0000000025a88000 	/System/Library/Frameworks/OpenDirectory.framework/Versions/A/OpenDirectory
0x0000000025a88000 	/System/Library/PrivateFrameworks/CommonAuth.framework/Versions/A/CommonAuth
0x0000000025a88000 	/System/Library/Frameworks/OpenDirectory.framework/Versions/A/Frameworks/CFOpenDirectory.framework/Versions/A/CFOpenDirectory
0x0000000025a88000 	/System/Library/Frameworks/SecurityFoundation.framework/Versions/A/SecurityFoundation
0x0000000025a88000 	/System/Library/PrivateFrameworks/APFS.framework/Versions/A/APFS
0x0000000025a88000 	/usr/lib/libutil.dylib
0x0000000025a88000 	/System/Library/PrivateFrameworks/AppleSauce.framework/Versions/A/AppleSauce
0x0000000025a88000 	/System/Library/PrivateFrameworks/LinguisticData.framework/Versions/A/LinguisticData
0x0000000025a88000 	/usr/lib/libmarisa.dylib
0x0000000025a88000 	/System/Library/PrivateFrameworks/Lexicon.framework/Versions/A/Lexicon
0x0000000025a88000 	/usr/lib/libChineseTokenizer.dylib
0x0000000025a88000 	/usr/lib/libcmph.dylib
0x0000000025a88000 	/System/Library/PrivateFrameworks/LanguageModeling.framework/Versions/A/LanguageModeling
0x0000000025a88000 	/System/Library/PrivateFrameworks/CoreEmoji.framework/Versions/A/CoreEmoji
0x0000000025a88000 	/System/Library/Frameworks/ServiceManagement.framework/Versions/A/ServiceManagement
0x0000000025a88000 	/System/Library/PrivateFrameworks/BackgroundTaskManagement.framework/Versions/A/BackgroundTaskManagement
0x0000000025a88000 	/usr/lib/libxslt.1.dylib
0x0000000025a88000 	/System/Library/Frameworks/Carbon.framework/Versions/A/Frameworks/Ink.framework/Versions/A/Ink
0x0000000025a88000 	/System/Library/PrivateFrameworks/TextureIO.framework/Versions/A/TextureIO
0x0000000025a88000 	/usr/lib/libate.dylib
0x0000000025a88000 	/System/Library/PrivateFrameworks/CrashReporterSupport.framework/Versions/A/CrashReporterSupport
0x0000000025a88000 	/System/Library/PrivateFrameworks/Sharing.framework/Versions/A/Sharing
0x0000000025a88000 	/System/Library/PrivateFrameworks/IconServices.framework/Versions/A/IconServices
0x0000000025a88000 	/System/Library/PrivateFrameworks/ProtocolBuffer.framework/Versions/A/ProtocolBuffer
0x0000000025a88000 	/System/Library/PrivateFrameworks/Apple80211.framework/Versions/A/Apple80211
0x0000000025a88000 	/System/Library/Frameworks/CoreWLAN.framework/Versions/A/CoreWLAN
0x0000000025a88000 	/System/Library/PrivateFrameworks/CoreUtils.framework/Versions/A/CoreUtils
0x0000000025a88000 	/System/Library/Frameworks/IOBluetooth.framework/Versions/A/IOBluetooth
0x0000000025a88000 	/System/Library/PrivateFrameworks/CoreWiFi.framework/Versions/A/CoreWiFi
0x0000000025a88000 	/System/Library/Frameworks/CoreBluetooth.framework/Versions/A/CoreBluetooth
0x0000000025a88000 	/System/Library/PrivateFrameworks/SignpostNotification.framework/Versions/A/SignpostNotification
0x0000000025a88000 	/System/Library/PrivateFrameworks/DebugSymbols.framework/Versions/A/DebugSymbols
0x0000000025a88000 	/System/Library/PrivateFrameworks/CoreSymbolication.framework/Versions/A/CoreSymbolication
0x0000000025a88000 	/System/Library/PrivateFrameworks/Symbolication.framework/Versions/A/Symbolication
0x0000000025a88000 	/System/Library/PrivateFrameworks/AppleFSCompression.framework/Versions/A/AppleFSCompression
0x0000000025a88000 	/System/Library/PrivateFrameworks/SpeechRecognitionCore.framework/Versions/A/SpeechRecognitionCore
0x00000001072bd000 	/Library/Java/JavaVirtualMachines/jdk1.8.0_101.jdk/Contents/Home/jre/lib/server/libjvm.dylib
0x0000000025a88000 	/usr/lib/libstdc++.6.0.9.dylib
0x000000010615a000 	/Library/Java/JavaVirtualMachines/jdk1.8.0_101.jdk/Contents/Home/jre/lib/libverify.dylib
0x0000000106168000 	/Library/Java/JavaVirtualMachines/jdk1.8.0_101.jdk/Contents/Home/jre/lib/libjava.dylib
0x00000001061e7000 	/Library/Java/JavaVirtualMachines/jdk1.8.0_101.jdk/Contents/Home/jre/lib/libzip.dylib
0x0000000025a88000 	/System/Library/Frameworks/JavaVM.framework/Versions/A/Frameworks/JavaRuntimeSupport.framework/Versions/A/JavaRuntimeSupport
0x0000000025a88000 	/System/Library/Frameworks/JavaVM.framework/Versions/A/Frameworks/JavaNativeFoundation.framework/Versions/A/JavaNativeFoundation
0x0000000025a88000 	/System/Library/Frameworks/JavaVM.framework/Versions/A/JavaVM
0x0000000025a88000 	/System/Library/Frameworks/Carbon.framework/Versions/A/Carbon
0x0000000025a88000 	/System/Library/PrivateFrameworks/JavaLaunching.framework/Versions/A/JavaLaunching
0x0000000025a88000 	/System/Library/Frameworks/Carbon.framework/Versions/A/Frameworks/CommonPanels.framework/Versions/A/CommonPanels
0x0000000025a88000 	/System/Library/Frameworks/Carbon.framework/Versions/A/Frameworks/Help.framework/Versions/A/Help
0x0000000025a88000 	/System/Library/Frameworks/Carbon.framework/Versions/A/Frameworks/ImageCapture.framework/Versions/A/ImageCapture
0x0000000025a88000 	/System/Library/Frameworks/Carbon.framework/Versions/A/Frameworks/OpenScripting.framework/Versions/A/OpenScripting
0x0000000025a88000 	/System/Library/Frameworks/Carbon.framework/Versions/A/Frameworks/Print.framework/Versions/A/Print
0x0000000025a88000 	/System/Library/Frameworks/Carbon.framework/Versions/A/Frameworks/SecurityHI.framework/Versions/A/SecurityHI
0x0000000124cc2000 	/Library/Java/JavaVirtualMachines/jdk1.8.0_101.jdk/Contents/Home/jre/lib/libawt.dylib
0x0000000124d6a000 	/Library/Java/JavaVirtualMachines/jdk1.8.0_101.jdk/Contents/Home/jre/lib/./libmlib_image.dylib
0x0000000124e36000 	/Library/Java/JavaVirtualMachines/jdk1.8.0_101.jdk/Contents/Home/jre/lib/libawt_lwawt.dylib
0x0000000124eeb000 	/Library/Java/JavaVirtualMachines/jdk1.8.0_101.jdk/Contents/Home/jre/lib/./libosxapp.dylib
0x0000000025a88000 	/System/Library/Frameworks/ExceptionHandling.framework/Versions/A/ExceptionHandling
0x0000000025a88000 	/System/Library/PrivateFrameworks/CoreServicesInternal.framework/Versions/A/CoreServicesInternal
0x0000000025a88000 	/System/Library/CoreServices/RawCamera.bundle/Contents/MacOS/RawCamera
0x0000000025a88000 	/System/Library/PrivateFrameworks/MobileAsset.framework/Versions/A/MobileAsset
0x0000000025a88000 	/System/Library/PrivateFrameworks/StreamingZip.framework/Versions/A/StreamingZip
0x0000000025a88000 	/System/Library/Frameworks/MediaToolbox.framework/Versions/A/MediaToolbox
0x0000000025a88000 	/System/Library/PrivateFrameworks/CoreAVCHD.framework/Versions/A/CoreAVCHD
0x0000000025a88000 	/System/Library/Frameworks/MediaAccessibility.framework/Versions/A/MediaAccessibility
0x0000000025a88000 	/System/Library/PrivateFrameworks/Mangrove.framework/Versions/A/Mangrove
0x0000000025a88000 	/System/Library/Frameworks/CoreMedia.framework/Versions/A/CoreMedia
0x0000000025a88000 	/System/Library/Frameworks/VideoToolbox.framework/Versions/A/VideoToolbox
0x0000000025a88000 	/System/Library/PrivateFrameworks/CoreAUC.framework/Versions/A/CoreAUC
0x0000000025a88000 	/usr/lib/libspindump.dylib
0x0000000025a88000 	/usr/lib/libdscsym.dylib
0x0000000025a88000 	/System/Library/PrivateFrameworks/AppleVA.framework/Versions/A/AppleVA
0x0000000025a88000 	/System/Library/Frameworks/Accelerate.framework/Versions/A/Frameworks/vImage.framework/Versions/A/Libraries/libCGInterfaces.dylib
0x0000000025a88000 	/System/Library/PrivateFrameworks/FamilyControls.framework/Versions/A/FamilyControls
0x0000000025a88000 	/System/Library/PrivateFrameworks/CommerceKit.framework/Versions/A/Frameworks/CommerceCore.framework/Versions/A/CommerceCore
0x0000000025a88000 	/System/Library/PrivateFrameworks/SystemAdministration.framework/Versions/A/SystemAdministration
0x0000000025a88000 	/System/Library/PrivateFrameworks/AppContainer.framework/Versions/A/AppContainer
0x0000000025a88000 	/System/Library/PrivateFrameworks/SecCodeWrapper.framework/Versions/A/SecCodeWrapper
0x0000000025a88000 	/System/Library/PrivateFrameworks/DiskManagement.framework/Versions/A/DiskManagement
0x0000000025a88000 	/System/Library/Frameworks/DirectoryService.framework/Versions/A/DirectoryService
0x0000000025a88000 	/System/Library/PrivateFrameworks/DiskImages.framework/Versions/A/DiskImages
0x0000000025a88000 	/System/Library/PrivateFrameworks/LoginUIKit.framework/Versions/A/Frameworks/LoginUICore.framework/Versions/A/LoginUICore
0x0000000025a88000 	/usr/lib/libCoreStorage.dylib
0x0000000025a88000 	/usr/lib/libcsfde.dylib
0x0000000025a88000 	/usr/lib/libodfde.dylib
0x0000000025a88000 	/System/Library/PrivateFrameworks/MediaKit.framework/Versions/A/MediaKit
0x0000000025a88000 	/System/Library/Frameworks/DiscRecording.framework/Versions/A/DiscRecording
0x0000000025a88000 	/System/Library/PrivateFrameworks/EFILogin.framework/Versions/A/EFILogin
0x0000000025a88000 	/System/Library/PrivateFrameworks/ProtectedCloudStorage.framework/Versions/A/ProtectedCloudStorage
0x0000000025a88000 	/usr/lib/libcurl.4.dylib
0x0000000025a88000 	/usr/lib/libcrypto.35.dylib
0x0000000025a88000 	/usr/lib/libssl.35.dylib
0x0000000025a88000 	/System/Library/Frameworks/LDAP.framework/Versions/A/LDAP
0x0000000025a88000 	/System/Library/PrivateFrameworks/TrustEvaluationAgent.framework/Versions/A/TrustEvaluationAgent
0x0000000025a88000 	/usr/lib/libsasl2.2.dylib
0x0000000025a88000 	/System/Library/PrivateFrameworks/CoreDaemon.framework/Versions/B/CoreDaemon
0x0000000025a88000 	/System/Library/PrivateFrameworks/AppleSRP.framework/Versions/A/AppleSRP
0x0000000126261000 	/Library/Java/JavaVirtualMachines/jdk1.8.0_101.jdk/Contents/Home/jre/lib/libfontmanager.dylib
0x0000000025a88000 	/System/Library/Frameworks/ApplicationServices.framework/Versions/A/Frameworks/ATS.framework/Versions/A/Resources/libTrueTypeScaler.dylib
0x0000000025a88000 	/System/Library/Frameworks/OpenGL.framework/Versions/A/Resources/GLEngine.bundle/GLEngine
0x0000000025a88000 	/System/Library/Frameworks/OpenGL.framework/Versions/A/Libraries/libGLProgrammability.dylib
0x00000001270b9000 	/System/Library/Extensions/AppleIntelHD5000GraphicsGLDriver.bundle/Contents/MacOS/AppleIntelHD5000GraphicsGLDriver
0x0000000025a88000 	/System/Library/PrivateFrameworks/GPUSupport.framework/Versions/A/Libraries/libGPUSupportMercury.dylib
0x0000000127823000 	/System/Library/Extensions/AMDRadeonX4000GLDriver.bundle/Contents/MacOS/AMDRadeonX4000GLDriver
0x0000000025a88000 	/System/Library/Extensions/AMDRadeonX4000GLDriver.bundle/Contents/MacOS/ATIRadeonX4000SCLib.dylib
0x0000000025a88000 	/System/Library/Frameworks/OpenGL.framework/Versions/A/Resources/GLRendererFloat.bundle/GLRendererFloat
0x0000000025a88000 	/System/Library/Frameworks/OpenCL.framework/Versions/A/Libraries/libcldcpuengine.dylib
0x0000000025a88000 	/System/Library/Extensions/AppleIntelHD5000GraphicsMTLDriver.bundle/Contents/MacOS/AppleIntelHD5000GraphicsMTLDriver
0x0000000127960000 	/System/Library/Extensions/AMDMTLBronzeDriver.bundle/Contents/MacOS/AMDMTLBronzeDriver
0x0000000025a88000 	/System/Library/PrivateFrameworks/IOAccelMemoryInfo.framework/Versions/A/IOAccelMemoryInfo
0x0000000025a88000 	/System/Library/PrivateFrameworks/GPUCompiler.framework/Versions/3802/Libraries/libmetal_timestamp.dylib
0x0000000127f0e000 	/Library/Java/JavaVirtualMachines/jdk1.8.0_101.jdk/Contents/Home/jre/lib/libosxui.dylib
0x0000000025a88000 	/System/Library/PrivateFrameworks/ViewBridge.framework/Versions/A/ViewBridge
0x000000012d0e5000 	/Library/Java/JavaVirtualMachines/jdk1.8.0_101.jdk/Contents/Home/jre/lib/libnet.dylib
0x000000012d144000 	/Library/Java/JavaVirtualMachines/jdk1.8.0_101.jdk/Contents/Home/jre/lib/libnio.dylib
0x0000000025a88000 	/System/Library/PrivateFrameworks/login.framework/Versions/A/login

VM Arguments:
jvm_args: -Dfile.encoding=UTF-8 
java_command: dentist.Login
java_class_path (initial): /Users/Wrok/git/dental_assignment/bin:/Users/Wrok/Desktop/mysql-connector-java-5.1.44/mysql-connector-java-5.1.44-bin.jar
Launcher Type: SUN_STANDARD

Environment Variables:
PATH=/usr/bin:/bin:/usr/sbin:/sbin
SHELL=/bin/bash

Signal Handlers:
SIGSEGV: [libjvm.dylib+0x5af145], sa_mask[0]=11111111011111110111111111111111, sa_flags=SA_ONSTACK|SA_RESTART|SA_SIGINFO
SIGBUS: [libjvm.dylib+0x5af145], sa_mask[0]=11111111011111110111111111111111, sa_flags=SA_RESTART|SA_SIGINFO
SIGFPE: [libjvm.dylib+0x48694c], sa_mask[0]=11111111011111110111111111111111, sa_flags=SA_RESTART|SA_SIGINFO
SIGPIPE: [libjvm.dylib+0x48694c], sa_mask[0]=11111111011111110111111111111111, sa_flags=SA_RESTART|SA_SIGINFO
SIGXFSZ: [libjvm.dylib+0x48694c], sa_mask[0]=11111111011111110111111111111111, sa_flags=SA_RESTART|SA_SIGINFO
SIGILL: [libjvm.dylib+0x48694c], sa_mask[0]=11111111011111110111111111111111, sa_flags=SA_RESTART|SA_SIGINFO
SIGUSR1: SIG_DFL, sa_mask[0]=00000000000000000000000000000000, sa_flags=none
SIGUSR2: [libjvm.dylib+0x48646a], sa_mask[0]=00100000000000000000000000000000, sa_flags=SA_RESTART|SA_SIGINFO
SIGHUP: [libjvm.dylib+0x484a41], sa_mask[0]=11111111011111110111111111111111, sa_flags=SA_RESTART|SA_SIGINFO
SIGINT: [libjvm.dylib+0x484a41], sa_mask[0]=11111111011111110111111111111111, sa_flags=SA_RESTART|SA_SIGINFO
SIGTERM: [libjvm.dylib+0x484a41], sa_mask[0]=11111111011111110111111111111111, sa_flags=SA_RESTART|SA_SIGINFO
SIGQUIT: [libjvm.dylib+0x484a41], sa_mask[0]=11111111011111110111111111111111, sa_flags=SA_RESTART|SA_SIGINFO


---------------  S Y S T E M  ---------------

OS:Bsduname:Darwin 17.0.0 Darwin Kernel Version 17.0.0: Thu Aug 24 21:48:19 PDT 2017; root:xnu-4570.1.46~2/RELEASE_X86_64 x86_64
rlimit: STACK 8192k, CORE 0k, NPROC 1418, NOFILE 10240, AS infinity
load average:3.31 3.59 3.60

CPU:total 8 (4 cores per cpu, 2 threads per core) family 6 model 70 stepping 1, cmov, cx8, fxsr, mmx, sse, sse2, sse3, ssse3, sse4.1, sse4.2, popcnt, avx, avx2, aes, clmul, erms, lzcnt, ht, tsc, tscinvbit, bmi1, bmi2

Memory: 4k page, physical 16777216k(969736k free)

/proc/meminfo:


vm_info: Java HotSpot(TM) 64-Bit Server VM (25.101-b13) for bsd-amd64 JRE (1.8.0_101-b13), built on Jun 22 2016 02:42:15 by "java_re" with gcc 4.2.1 (Based on Apple Inc. build 5658) (LLVM build 2336.11.00)

time: Thu Nov 23 23:01:24 2017
elapsed time: 6658 seconds (0d 1h 50m 58s)

