#
# A fatal error has been detected by the Java Runtime Environment:
#
#  SIGSEGV (0xb) at pc=0x0000000124fc1cdd, pid=2814, tid=0x000000000000c903
#
# JRE version: Java(TM) SE Runtime Environment (8.0_101-b13) (build 1.8.0_101-b13)
# Java VM: Java HotSpot(TM) 64-Bit Server VM (25.101-b13 mixed mode bsd-amd64 compressed oops)
# Problematic frame:
# C  [libawt_lwawt.dylib+0x1acdd]  OGLSD_SetScratchSurface+0x49
#
# Failed to write core dump. Core dumps have been disabled. To enable core dumping, try "ulimit -c unlimited" before starting Java again
#
# If you would like to submit a bug report, please visit:
#   http://bugreport.java.com/bugreport/crash.jsp
# The crash happened outside the Java Virtual Machine in native code.
# See problematic frame for where to report the bug.
#

---------------  T H R E A D  ---------------

Current thread (0x00007fda3c002800):  JavaThread "Java2D Queue Flusher" daemon [_thread_in_native, id=51459, stack(0x000070001173b000,0x000070001183b000)]

siginfo: si_signo: 11 (SIGSEGV), si_code: 1 (SEGV_MAPERR), si_addr: 0x0000000000000002

Registers:
RAX=0x00000000ffffffff, RBX=0x0000000000000002, RCX=0x0000000000000047, RDX=0x0000000124fe2844
RSP=0x000070001183a730, RBP=0x000070001183a750, RSI=0x00007fda38f25920, RDI=0x00007fda3c0029f8
R8 =0x000000000000008e, R9 =0xffffffff00000000, R10=0x0000000111bce338, R11=0x0000000111bca2c0
R12=0x0000000000000000, R13=0x000070001183a8e8, R14=0x00007fda3c0029f8, R15=0x00007fda3c002800
RIP=0x0000000124fc1cdd, EFLAGS=0x0000000000010202, ERR=0x0000000000000004
  TRAPNO=0x000000000000000e

Top of Stack: (sp=0x000070001183a730)
0x000070001183a730:   00007fda38f25920 0000000000000000
0x000070001183a740:   00007fda3989f010 00007fda3c002800
0x000070001183a750:   000070001183a7d0 0000000124fe2322
0x000070001183a760:   00007fda3a901a00 0000000200000001
0x000070001183a770:   000070001183a7b0 0000000124fc1800
0x000070001183a780:   0000000000000000 0000000000000000
0x000070001183a790:   000070001183a7d0 00007fda3989f020
0x000070001183a7a0:   000070000083a8e8 00007fda3c0029f8
0x000070001183a7b0:   0000000159685410 0000000000000000
0x000070001183a7c0:   000070001183a968 00007fda3c002800
0x000070001183a7d0:   000070001183a820 0000000111bce3aa
0x000070001183a7e0:   000000076f5d08e8 0000000107935f98
0x000070001183a7f0:   0000000000000064 0000000000000000
0x000070001183a800:   0000000000000064 00007fda3a9014a8
0x000070001183a810:   000070001183a870 000000010774ea1c
0x000070001183a820:   000070001183a940 0000000111c2defc
0x000070001183a830:   0000000000000001 00007fda3a902130
0x000070001183a840:   000000076f5a8000 00007fda3c002800
0x000070001183a850:   00007fda3c002800 0000000120ffca00
0x000070001183a860:   000070001183a968 00007fda3c002800
0x000070001183a870:   000070001183a8c0 0000000111b78b28
0x000070001183a880:   000000076f5d08e8 0000000111b02626
0x000070001183a890:   000070001183a940 0000000111bca31c
0x000070001183a8a0:   0000000128c94cdc 000070001183a8e8
0x000070001183a8b0:   0000000128c94d58 0000000000000000
0x000070001183a8c0:   000070001183a940 00000001118042bd
0x000070001183a8d0:   000070001183a940 00000001118042bd
0x000070001183a8e0:   00000001118042bd 000000076f5d08e8
0x000070001183a8f0:   0000000000000001 000000076f5a8000
0x000070001183a900:   000070001183a8f0 000000012148e199
0x000070001183a910:   000070001183a968 00000001214900b0
0x000070001183a920:   0000000000000000 000000012148e2a0 

Instructions: (pc=0x0000000124fc1cdd)
0x0000000124fc1cbd:   c0 e9 82 00 00 00 48 8b 5e 10 48 85 db 75 0e bf
0x0000000124fc1ccd:   01 00 00 00 48 8d 15 ef 76 03 00 eb d6 49 89 fe
0x0000000124fc1cdd:   4c 8b 3b 30 c0 e8 83 a3 02 00 49 8b 3f 49 89 c4
0x0000000124fc1ced:   48 8b 35 34 f9 05 00 30 c0 e8 cb a4 02 00 48 85 

Register to memory mapping:

RAX=0x00000000ffffffff is an unknown value
RBX=0x0000000000000002 is an unknown value
RCX=0x0000000000000047 is an unknown value
RDX=0x0000000124fe2844: Java_sun_java2d_opengl_OGLRenderQueue_flushBuffer+0xb5c in /Library/Java/JavaVirtualMachines/jdk1.8.0_101.jdk/Contents/Home/jre/lib/libawt_lwawt.dylib at 0x0000000124fa7000
RSP=0x000070001183a730 is pointing into the stack for thread: 0x00007fda3c002800
RBP=0x000070001183a750 is pointing into the stack for thread: 0x00007fda3c002800
RSI=0x00007fda38f25920 is an unknown value
RDI=0x00007fda3c0029f8 is an unknown value
R8 =0x000000000000008e is an unknown value
R9 =0xffffffff00000000 is an unknown value
R10=0x0000000111bce338 is at entry_point+56 in (nmethod*)0x0000000111bce190
R11=0x0000000111bca2c0 is at entry_point+0 in (nmethod*)0x0000000111bca150
R12=0x0000000000000000 is an unknown value
R13=0x000070001183a8e8 is pointing into the stack for thread: 0x00007fda3c002800
R14=0x00007fda3c0029f8 is an unknown value
R15=0x00007fda3c002800 is a thread


Stack: [0x000070001173b000,0x000070001183b000],  sp=0x000070001183a730,  free space=1021k
Native frames: (J=compiled Java code, j=interpreted, Vv=VM code, C=native code)
C  [libawt_lwawt.dylib+0x1acdd]  OGLSD_SetScratchSurface+0x49
C  [libawt_lwawt.dylib+0x3b322]  Java_sun_java2d_opengl_OGLRenderQueue_flushBuffer+0x63a
J 1174  sun.java2d.opengl.OGLRenderQueue.flushBuffer(JI)V (0 bytes) @ 0x0000000111bce3aa [0x0000000111bce300+0xaa]
J 1299 C1 sun.java2d.opengl.OGLRenderQueue.flushBuffer()V (41 bytes) @ 0x0000000111c2defc [0x0000000111c2dca0+0x25c]
J 1168 C1 sun.java2d.opengl.OGLRenderQueue.access$100(Lsun/java2d/opengl/OGLRenderQueue;)V (5 bytes) @ 0x0000000111bca31c [0x0000000111bca2c0+0x5c]
j  sun.java2d.opengl.OGLRenderQueue$QueueFlusher.run()V+81
v  ~StubRoutines::call_stub
V  [libjvm.dylib+0x2ecf06]  JavaCalls::call_helper(JavaValue*, methodHandle*, JavaCallArguments*, Thread*)+0x6ae
V  [libjvm.dylib+0x2ed694]  JavaCalls::call_virtual(JavaValue*, KlassHandle, Symbol*, Symbol*, JavaCallArguments*, Thread*)+0x164
V  [libjvm.dylib+0x2ed840]  JavaCalls::call_virtual(JavaValue*, Handle, KlassHandle, Symbol*, Symbol*, Thread*)+0x4a
V  [libjvm.dylib+0x348029]  thread_entry(JavaThread*, Thread*)+0x7c
V  [libjvm.dylib+0x5695ab]  JavaThread::thread_main_inner()+0x9b
V  [libjvm.dylib+0x56ac98]  JavaThread::run()+0x1c2
V  [libjvm.dylib+0x48933a]  java_start(Thread*)+0xf6
C  [libsystem_pthread.dylib+0x36c1]  _pthread_body+0x154
C  [libsystem_pthread.dylib+0x356d]  _pthread_body+0x0
C  [libsystem_pthread.dylib+0x2c5d]  thread_start+0xd
C  0x0000000000000000

Java frames: (J=compiled Java code, j=interpreted, Vv=VM code)
J 1174  sun.java2d.opengl.OGLRenderQueue.flushBuffer(JI)V (0 bytes) @ 0x0000000111bce338 [0x0000000111bce300+0x38]
J 1299 C1 sun.java2d.opengl.OGLRenderQueue.flushBuffer()V (41 bytes) @ 0x0000000111c2defc [0x0000000111c2dca0+0x25c]
J 1168 C1 sun.java2d.opengl.OGLRenderQueue.access$100(Lsun/java2d/opengl/OGLRenderQueue;)V (5 bytes) @ 0x0000000111bca31c [0x0000000111bca2c0+0x5c]
j  sun.java2d.opengl.OGLRenderQueue$QueueFlusher.run()V+81
v  ~StubRoutines::call_stub

---------------  P R O C E S S  ---------------

Java Threads: ( => current thread )
  0x00007fda398f8000 JavaThread "TimerQueue" daemon [_thread_blocked, id=68903, stack(0x0000700011a47000,0x0000700011b47000)]
  0x00007fda3b141800 JavaThread "Java2D Disposer" daemon [_thread_blocked, id=42363, stack(0x0000700011944000,0x0000700011a44000)]
=>0x00007fda3c002800 JavaThread "Java2D Queue Flusher" daemon [_thread_in_native, id=51459, stack(0x000070001173b000,0x000070001183b000)]
  0x00007fda3b116000 JavaThread "DestroyJavaVM" [_thread_blocked, id=6659, stack(0x000070000fff0000,0x00007000100f0000)]
  0x00007fda3b05f800 JavaThread "AWT-EventQueue-0" [_thread_blocked, id=47139, stack(0x0000700011638000,0x0000700011738000)]
  0x00007fda3a1b6000 JavaThread "AWT-Shutdown" [_thread_blocked, id=32295, stack(0x00007000113ac000,0x00007000114ac000)]
  0x00007fda39106800 JavaThread "AppKit Thread" daemon [_thread_in_native, id=775, stack(0x00007ffee9159000,0x00007ffee9959000)]
  0x00007fda39070000 JavaThread "Service Thread" daemon [_thread_blocked, id=20739, stack(0x0000700011123000,0x0000700011223000)]
  0x00007fda39063000 JavaThread "C1 CompilerThread3" daemon [_thread_blocked, id=20227, stack(0x0000700011020000,0x0000700011120000)]
  0x00007fda39062000 JavaThread "C2 CompilerThread2" daemon [_thread_blocked, id=19715, stack(0x0000700010f1d000,0x000070001101d000)]
  0x00007fda39061800 JavaThread "C2 CompilerThread1" daemon [_thread_blocked, id=19203, stack(0x0000700010e1a000,0x0000700010f1a000)]
  0x00007fda3b02d800 JavaThread "C2 CompilerThread0" daemon [_thread_blocked, id=18691, stack(0x0000700010d17000,0x0000700010e17000)]
  0x00007fda3906f000 JavaThread "Signal Dispatcher" daemon [_thread_blocked, id=18187, stack(0x0000700010c14000,0x0000700010d14000)]
  0x00007fda39803000 JavaThread "Finalizer" daemon [_thread_blocked, id=14851, stack(0x0000700010b11000,0x0000700010c11000)]
  0x00007fda3b014000 JavaThread "Reference Handler" daemon [_thread_blocked, id=14339, stack(0x0000700010a0e000,0x0000700010b0e000)]

Other Threads:
  0x00007fda3b00f800 VMThread [stack: 0x000070001090b000,0x0000700010a0b000] [id=13827]
  0x00007fda3980d000 WatcherThread [stack: 0x0000700011226000,0x0000700011326000] [id=21251]

VM state:not at safepoint (normal execution)

VM Mutex/Monitor currently owned by a thread: None

Heap:
 PSYoungGen      total 76288K, used 14762K [0x000000076ab00000, 0x0000000770000000, 0x00000007c0000000)
  eden space 65536K, 10% used [0x000000076ab00000,0x000000076b1fc660,0x000000076eb00000)
  from space 10752K, 70% used [0x000000076f580000,0x000000076fcee458,0x0000000770000000)
  to   space 10752K, 0% used [0x000000076eb00000,0x000000076eb00000,0x000000076f580000)
 ParOldGen       total 175104K, used 23705K [0x00000006c0000000, 0x00000006cab00000, 0x000000076ab00000)
  object space 175104K, 13% used [0x00000006c0000000,0x00000006c1726700,0x00000006cab00000)
 Metaspace       used 12600K, capacity 12844K, committed 13056K, reserved 1060864K
  class space    used 1622K, capacity 1716K, committed 1792K, reserved 1048576K

Card table byte_map: [0x000000010875d000,0x0000000108f5e000] byte_map_base: 0x000000010515d000

Marking Bits: (ParMarkBitMap*) 0x0000000107cedd20
 Begin Bits: [0x00000001094b4000, 0x000000010d4b4000)
 End Bits:   [0x000000010d4b4000, 0x00000001114b4000)

Polling page: 0x000000010632b000

CodeCache: size=245760Kb used=4295Kb max_used=4295Kb free=241464Kb
 bounds [0x00000001117fc000, 0x0000000111c3c000, 0x00000001207fc000]
 total_blobs=1814 nmethods=1303 adapters=424
 compilation: enabled

Compilation events (10 events):
Event: 3272.911 Thread 0x00007fda39063000 1299       3       sun.java2d.opengl.OGLRenderQueue::flushBuffer (41 bytes)
Event: 3272.912 Thread 0x00007fda39063000 nmethod 1299 0x0000000111c2db10 code [0x0000000111c2dca0, 0x0000000111c2e1f8]
Event: 3272.912 Thread 0x00007fda39063000 1300       3       java.util.HashSet::clear (8 bytes)
Event: 3272.912 Thread 0x00007fda39063000 nmethod 1300 0x0000000111c2e3d0 code [0x0000000111c2e540, 0x0000000111c2e768]
Event: 3272.923 Thread 0x00007fda39063000 1301       3       java.lang.ref.ReferenceQueue::reallyPoll (66 bytes)
Event: 3272.924 Thread 0x00007fda39063000 nmethod 1301 0x0000000111c2e810 code [0x0000000111c2e9a0, 0x0000000111c2ee30]
Event: 3272.924 Thread 0x00007fda39063000 1302       3       java.lang.ref.Reference::clear (6 bytes)
Event: 3272.924 Thread 0x00007fda39063000 nmethod 1302 0x0000000111c2ef10 code [0x0000000111c2f060, 0x0000000111c2f1d0]
Event: 3272.924 Thread 0x00007fda39063000 1303       3       java.lang.ref.ReferenceQueue::remove (6 bytes)
Event: 3272.924 Thread 0x00007fda39063000 nmethod 1303 0x0000000111c2f250 code [0x0000000111c2f3c0, 0x0000000111c2f5c8]

GC Heap History (8 events):
Event: 4.229 GC heap before
{Heap before GC invocations=1 (full 0):
 PSYoungGen      total 76288K, used 61183K [0x000000076ab00000, 0x0000000770000000, 0x00000007c0000000)
  eden space 65536K, 93% used [0x000000076ab00000,0x000000076e6bfe58,0x000000076eb00000)
  from space 10752K, 0% used [0x000000076f580000,0x000000076f580000,0x0000000770000000)
  to   space 10752K, 0% used [0x000000076eb00000,0x000000076eb00000,0x000000076f580000)
 ParOldGen       total 175104K, used 0K [0x00000006c0000000, 0x00000006cab00000, 0x000000076ab00000)
  object space 175104K, 0% used [0x00000006c0000000,0x00000006c0000000,0x00000006cab00000)
 Metaspace       used 12269K, capacity 12510K, committed 12800K, reserved 1060864K
  class space    used 1618K, capacity 1715K, committed 1792K, reserved 1048576K
Event: 4.234 GC heap after
Heap after GC invocations=1 (full 0):
 PSYoungGen      total 76288K, used 7278K [0x000000076ab00000, 0x0000000770000000, 0x00000007c0000000)
  eden space 65536K, 0% used [0x000000076ab00000,0x000000076ab00000,0x000000076eb00000)
  from space 10752K, 67% used [0x000000076eb00000,0x000000076f21b958,0x000000076f580000)
  to   space 10752K, 0% used [0x000000076f580000,0x000000076f580000,0x0000000770000000)
 ParOldGen       total 175104K, used 16K [0x00000006c0000000, 0x00000006cab00000, 0x000000076ab00000)
  object space 175104K, 0% used [0x00000006c0000000,0x00000006c0004000,0x00000006cab00000)
 Metaspace       used 12269K, capacity 12510K, committed 12800K, reserved 1060864K
  class space    used 1618K, capacity 1715K, committed 1792K, reserved 1048576K
}
Event: 6.432 GC heap before
{Heap before GC invocations=2 (full 0):
 PSYoungGen      total 76288K, used 71560K [0x000000076ab00000, 0x0000000770000000, 0x00000007c0000000)
  eden space 65536K, 98% used [0x000000076ab00000,0x000000076e9c6738,0x000000076eb00000)
  from space 10752K, 67% used [0x000000076eb00000,0x000000076f21b958,0x000000076f580000)
  to   space 10752K, 0% used [0x000000076f580000,0x000000076f580000,0x0000000770000000)
 ParOldGen       total 175104K, used 16K [0x00000006c0000000, 0x00000006cab00000, 0x000000076ab00000)
  object space 175104K, 0% used [0x00000006c0000000,0x00000006c0004000,0x00000006cab00000)
 Metaspace       used 12424K, capacity 12652K, committed 12800K, reserved 1060864K
  class space    used 1619K, capacity 1716K, committed 1792K, reserved 1048576K
Event: 6.440 GC heap after
Heap after GC invocations=2 (full 0):
 PSYoungGen      total 76288K, used 8213K [0x000000076ab00000, 0x0000000770000000, 0x00000007c0000000)
  eden space 65536K, 0% used [0x000000076ab00000,0x000000076ab00000,0x000000076eb00000)
  from space 10752K, 76% used [0x000000076f580000,0x000000076fd85520,0x0000000770000000)
  to   space 10752K, 0% used [0x000000076eb00000,0x000000076eb00000,0x000000076f580000)
 ParOldGen       total 175104K, used 11856K [0x00000006c0000000, 0x00000006cab00000, 0x000000076ab00000)
  object space 175104K, 6% used [0x00000006c0000000,0x00000006c0b94380,0x00000006cab00000)
 Metaspace       used 12424K, capacity 12652K, committed 12800K, reserved 1060864K
  class space    used 1619K, capacity 1716K, committed 1792K, reserved 1048576K
}
Event: 12.577 GC heap before
{Heap before GC invocations=3 (full 0):
 PSYoungGen      total 76288K, used 72499K [0x000000076ab00000, 0x0000000770000000, 0x00000007c0000000)
  eden space 65536K, 98% used [0x000000076ab00000,0x000000076e9c7740,0x000000076eb00000)
  from space 10752K, 76% used [0x000000076f580000,0x000000076fd85520,0x0000000770000000)
  to   space 10752K, 0% used [0x000000076eb00000,0x000000076eb00000,0x000000076f580000)
 ParOldGen       total 175104K, used 11856K [0x00000006c0000000, 0x00000006cab00000, 0x000000076ab00000)
  object space 175104K, 6% used [0x00000006c0000000,0x00000006c0b94380,0x00000006cab00000)
 Metaspace       used 12485K, capacity 12716K, committed 13056K, reserved 1060864K
  class space    used 1619K, capacity 1716K, committed 1792K, reserved 1048576K
Event: 12.584 GC heap after
Heap after GC invocations=3 (full 0):
 PSYoungGen      total 76288K, used 9281K [0x000000076ab00000, 0x0000000770000000, 0x00000007c0000000)
  eden space 65536K, 0% used [0x000000076ab00000,0x000000076ab00000,0x000000076eb00000)
  from space 10752K, 86% used [0x000000076eb00000,0x000000076f410428,0x000000076f580000)
  to   space 10752K, 0% used [0x000000076f580000,0x000000076f580000,0x0000000770000000)
 ParOldGen       total 175104K, used 23697K [0x00000006c0000000, 0x00000006cab00000, 0x000000076ab00000)
  object space 175104K, 13% used [0x00000006c0000000,0x00000006c1724700,0x00000006cab00000)
 Metaspace       used 12485K, capacity 12716K, committed 13056K, reserved 1060864K
  class space    used 1619K, capacity 1716K, committed 1792K, reserved 1048576K
}
Event: 3272.877 GC heap before
{Heap before GC invocations=4 (full 0):
 PSYoungGen      total 76288K, used 71145K [0x000000076ab00000, 0x0000000770000000, 0x00000007c0000000)
  eden space 65536K, 94% used [0x000000076ab00000,0x000000076e76a0e0,0x000000076eb00000)
  from space 10752K, 86% used [0x000000076eb00000,0x000000076f410428,0x000000076f580000)
  to   space 10752K, 0% used [0x000000076f580000,0x000000076f580000,0x0000000770000000)
 ParOldGen       total 175104K, used 23697K [0x00000006c0000000, 0x00000006cab00000, 0x000000076ab00000)
  object space 175104K, 13% used [0x00000006c0000000,0x00000006c1724700,0x00000006cab00000)
 Metaspace       used 12598K, capacity 12844K, committed 13056K, reserved 1060864K
  class space    used 1622K, capacity 1716K, committed 1792K, reserved 1048576K
Event: 3272.911 GC heap after
Heap after GC invocations=4 (full 0):
 PSYoungGen      total 76288K, used 7609K [0x000000076ab00000, 0x0000000770000000, 0x00000007c0000000)
  eden space 65536K, 0% used [0x000000076ab00000,0x000000076ab00000,0x000000076eb00000)
  from space 10752K, 70% used [0x000000076f580000,0x000000076fcee458,0x0000000770000000)
  to   space 10752K, 0% used [0x000000076eb00000,0x000000076eb00000,0x000000076f580000)
 ParOldGen       total 175104K, used 23705K [0x00000006c0000000, 0x00000006cab00000, 0x000000076ab00000)
  object space 175104K, 13% used [0x00000006c0000000,0x00000006c1726700,0x00000006cab00000)
 Metaspace       used 12598K, capacity 12844K, committed 13056K, reserved 1060864K
  class space    used 1622K, capacity 1716K, committed 1792K, reserved 1048576K
}

Deoptimization events (4 events):
Event: 1.568 Thread 0x00007fda3b05f800 Uncommon trap: reason=class_check action=maybe_recompile pc=0x0000000111964edc method=java.lang.String.equals(Ljava/lang/Object;)Z @ 8
Event: 2.422 Thread 0x00007fda3b05f800 Uncommon trap: reason=class_check action=maybe_recompile pc=0x0000000111964edc method=java.lang.String.equals(Ljava/lang/Object;)Z @ 8
Event: 12.593 Thread 0x00007fda3b05f800 Uncommon trap: reason=class_check action=maybe_recompile pc=0x0000000111964edc method=java.lang.String.equals(Ljava/lang/Object;)Z @ 8
Event: 12.593 Thread 0x00007fda3b05f800 Uncommon trap: reason=class_check action=maybe_recompile pc=0x0000000111964edc method=java.lang.String.equals(Ljava/lang/Object;)Z @ 8

Internal exceptions (10 events):
Event: 0.026 Thread 0x00007fda39804000 Exception <a 'java/lang/NoSuchMethodError': Method sun.misc.Unsafe.prefetchRead(Ljava/lang/Object;J)V name or signature does not match> (0x000000076ab07fa8) thrown at [/HUDSON3/workspace/8-2-build-macosx-x86_64/jdk8u101/7261/hotspot/src/share/vm/prims/jni
Event: 0.081 Thread 0x00007fda39804000 Exception <a 'java/security/PrivilegedActionException'> (0x000000076ab8fa78) thrown at [/HUDSON3/workspace/8-2-build-macosx-x86_64/jdk8u101/7261/hotspot/src/share/vm/prims/jvm.cpp, line 1386]
Event: 0.081 Thread 0x00007fda39804000 Exception <a 'java/security/PrivilegedActionException'> (0x000000076ab8fc88) thrown at [/HUDSON3/workspace/8-2-build-macosx-x86_64/jdk8u101/7261/hotspot/src/share/vm/prims/jvm.cpp, line 1386]
Event: 0.081 Thread 0x00007fda39804000 Exception <a 'java/security/PrivilegedActionException'> (0x000000076ab93080) thrown at [/HUDSON3/workspace/8-2-build-macosx-x86_64/jdk8u101/7261/hotspot/src/share/vm/prims/jvm.cpp, line 1386]
Event: 0.081 Thread 0x00007fda39804000 Exception <a 'java/security/PrivilegedActionException'> (0x000000076ab93290) thrown at [/HUDSON3/workspace/8-2-build-macosx-x86_64/jdk8u101/7261/hotspot/src/share/vm/prims/jvm.cpp, line 1386]
Event: 0.112 Thread 0x00007fda39804000 Exception <a 'java/lang/NoSuchFieldError': method resolution failed> (0x000000076adab638) thrown at [/HUDSON3/workspace/8-2-build-macosx-x86_64/jdk8u101/7261/hotspot/src/share/vm/prims/methodHandles.cpp, line 1146]
Event: 0.113 Thread 0x00007fda39804000 Exception <a 'java/lang/NoSuchFieldError': method resolution failed> (0x000000076adb8e08) thrown at [/HUDSON3/workspace/8-2-build-macosx-x86_64/jdk8u101/7261/hotspot/src/share/vm/prims/methodHandles.cpp, line 1146]
Event: 0.204 Thread 0x00007fda39804000 Exception <a 'java/io/FileNotFoundException'> (0x000000076ae337c0) thrown at [/HUDSON3/workspace/8-2-build-macosx-x86_64/jdk8u101/7261/hotspot/src/share/vm/prims/jni.cpp, line 709]
Event: 0.204 Thread 0x00007fda39804000 Exception <a 'java/io/FileNotFoundException'> (0x000000076ae34320) thrown at [/HUDSON3/workspace/8-2-build-macosx-x86_64/jdk8u101/7261/hotspot/src/share/vm/prims/jni.cpp, line 709]
Event: 0.222 Thread 0x00007fda3b05f800 Exception <a 'java/io/FileNotFoundException'> (0x000000076b02e3e8) thrown at [/HUDSON3/workspace/8-2-build-macosx-x86_64/jdk8u101/7261/hotspot/src/share/vm/prims/jni.cpp, line 709]

Events (10 events):
Event: 2493.902 loading class java/util/IdentityHashMap$Values
Event: 2493.902 loading class java/util/IdentityHashMap$Values done
Event: 2493.902 loading class java/util/IdentityHashMap$ValueIterator
Event: 2493.902 loading class java/util/IdentityHashMap$ValueIterator done
Event: 2493.902 loading class javax/swing/RepaintManager$DisplayChangedRunnable
Event: 2493.902 loading class javax/swing/RepaintManager$DisplayChangedRunnable done
Event: 2493.902 loading class sun/lwawt/LWWindowPeer$1
Event: 2493.902 loading class sun/lwawt/LWWindowPeer$1 done
Event: 3272.877 Executing VM operation: ParallelGCFailedAllocation
Event: 3272.911 Executing VM operation: ParallelGCFailedAllocation done


Dynamic libraries:
0x00000000015ea000 	/System/Library/Frameworks/Cocoa.framework/Versions/A/Cocoa
0x00000000015ea000 	/System/Library/Frameworks/Security.framework/Versions/A/Security
0x00000000015ea000 	/System/Library/Frameworks/ApplicationServices.framework/Versions/A/ApplicationServices
0x00000000015ea000 	/usr/lib/libz.1.dylib
0x00000000015ea000 	/usr/lib/libSystem.B.dylib
0x00000000015ea000 	/usr/lib/libobjc.A.dylib
0x00000000015ea000 	/System/Library/Frameworks/CoreFoundation.framework/Versions/A/CoreFoundation
0x00000000015ea000 	/System/Library/Frameworks/Foundation.framework/Versions/C/Foundation
0x00000000015ea000 	/System/Library/Frameworks/AppKit.framework/Versions/C/AppKit
0x00000000015ea000 	/System/Library/Frameworks/CoreData.framework/Versions/A/CoreData
0x00000000015ea000 	/System/Library/PrivateFrameworks/RemoteViewServices.framework/Versions/A/RemoteViewServices
0x00000000015ea000 	/System/Library/PrivateFrameworks/UIFoundation.framework/Versions/A/UIFoundation
0x00000000015ea000 	/System/Library/PrivateFrameworks/DFRFoundation.framework/Versions/A/DFRFoundation
0x00000000015ea000 	/System/Library/Frameworks/Metal.framework/Versions/A/Metal
0x00000000015ea000 	/System/Library/PrivateFrameworks/DesktopServicesPriv.framework/Versions/A/DesktopServicesPriv
0x00000000015ea000 	/usr/lib/libenergytrace.dylib
0x00000000015ea000 	/System/Library/PrivateFrameworks/SkyLight.framework/Versions/A/SkyLight
0x00000000015ea000 	/System/Library/Frameworks/CoreGraphics.framework/Versions/A/CoreGraphics
0x00000000015ea000 	/usr/lib/libScreenReader.dylib
0x00000000015ea000 	/System/Library/Frameworks/Accelerate.framework/Versions/A/Accelerate
0x00000000015ea000 	/System/Library/Frameworks/IOSurface.framework/Versions/A/IOSurface
0x00000000015ea000 	/System/Library/Frameworks/AudioToolbox.framework/Versions/A/AudioToolbox
0x00000000015ea000 	/System/Library/Frameworks/AudioUnit.framework/Versions/A/AudioUnit
0x00000000015ea000 	/System/Library/PrivateFrameworks/DataDetectorsCore.framework/Versions/A/DataDetectorsCore
0x00000000015ea000 	/System/Library/Frameworks/Carbon.framework/Versions/A/Frameworks/HIToolbox.framework/Versions/A/HIToolbox
0x00000000015ea000 	/usr/lib/libicucore.A.dylib
0x00000000015ea000 	/System/Library/Frameworks/QuartzCore.framework/Versions/A/QuartzCore
0x00000000015ea000 	/System/Library/Frameworks/Carbon.framework/Versions/A/Frameworks/SpeechRecognition.framework/Versions/A/SpeechRecognition
0x00000000015ea000 	/usr/lib/libauto.dylib
0x00000000015ea000 	/usr/lib/libxml2.2.dylib
0x00000000015ea000 	/System/Library/PrivateFrameworks/CoreUI.framework/Versions/A/CoreUI
0x00000000015ea000 	/System/Library/Frameworks/CoreAudio.framework/Versions/A/CoreAudio
0x00000000015ea000 	/System/Library/Frameworks/DiskArbitration.framework/Versions/A/DiskArbitration
0x00000000015ea000 	/usr/lib/liblangid.dylib
0x00000000015ea000 	/System/Library/PrivateFrameworks/MultitouchSupport.framework/Versions/A/MultitouchSupport
0x00000000015ea000 	/System/Library/Frameworks/IOKit.framework/Versions/A/IOKit
0x00000000015ea000 	/usr/lib/libDiagnosticMessagesClient.dylib
0x00000000015ea000 	/System/Library/Frameworks/CoreServices.framework/Versions/A/CoreServices
0x00000000015ea000 	/System/Library/PrivateFrameworks/PerformanceAnalysis.framework/Versions/A/PerformanceAnalysis
0x00000000015ea000 	/System/Library/Frameworks/OpenGL.framework/Versions/A/OpenGL
0x00000000015ea000 	/System/Library/Frameworks/ColorSync.framework/Versions/A/ColorSync
0x00000000015ea000 	/System/Library/Frameworks/CoreImage.framework/Versions/A/CoreImage
0x00000000015ea000 	/System/Library/Frameworks/CoreText.framework/Versions/A/CoreText
0x00000000015ea000 	/System/Library/Frameworks/ImageIO.framework/Versions/A/ImageIO
0x00000000015ea000 	/System/Library/PrivateFrameworks/Backup.framework/Versions/A/Backup
0x00000000015ea000 	/usr/lib/libarchive.2.dylib
0x00000000015ea000 	/System/Library/Frameworks/CFNetwork.framework/Versions/A/CFNetwork
0x00000000015ea000 	/System/Library/Frameworks/SystemConfiguration.framework/Versions/A/SystemConfiguration
0x00000000015ea000 	/usr/lib/libCRFSuite.dylib
0x00000000015ea000 	/usr/lib/libc++.1.dylib
0x00000000015ea000 	/usr/lib/libc++abi.dylib
0x00000000015ea000 	/usr/lib/system/libcache.dylib
0x00000000015ea000 	/usr/lib/system/libcommonCrypto.dylib
0x00000000015ea000 	/usr/lib/system/libcompiler_rt.dylib
0x00000000015ea000 	/usr/lib/system/libcopyfile.dylib
0x00000000015ea000 	/usr/lib/system/libcorecrypto.dylib
0x00000000015ea000 	/usr/lib/system/libdispatch.dylib
0x00000000015ea000 	/usr/lib/system/libdyld.dylib
0x00000000015ea000 	/usr/lib/system/libkeymgr.dylib
0x00000000015ea000 	/usr/lib/system/liblaunch.dylib
0x00000000015ea000 	/usr/lib/system/libmacho.dylib
0x00000000015ea000 	/usr/lib/system/libquarantine.dylib
0x00000000015ea000 	/usr/lib/system/libremovefile.dylib
0x00000000015ea000 	/usr/lib/system/libsystem_asl.dylib
0x00000000015ea000 	/usr/lib/system/libsystem_blocks.dylib
0x00000000015ea000 	/usr/lib/system/libsystem_c.dylib
0x00000000015ea000 	/usr/lib/system/libsystem_configuration.dylib
0x00000000015ea000 	/usr/lib/system/libsystem_coreservices.dylib
0x00000000015ea000 	/usr/lib/system/libsystem_darwin.dylib
0x00000000015ea000 	/usr/lib/system/libsystem_dnssd.dylib
0x00000000015ea000 	/usr/lib/system/libsystem_info.dylib
0x00000000015ea000 	/usr/lib/system/libsystem_m.dylib
0x00000000015ea000 	/usr/lib/system/libsystem_malloc.dylib
0x00000000015ea000 	/usr/lib/system/libsystem_network.dylib
0x00000000015ea000 	/usr/lib/system/libsystem_networkextension.dylib
0x00000000015ea000 	/usr/lib/system/libsystem_notify.dylib
0x00000000015ea000 	/usr/lib/system/libsystem_sandbox.dylib
0x00000000015ea000 	/usr/lib/system/libsystem_secinit.dylib
0x00000000015ea000 	/usr/lib/system/libsystem_kernel.dylib
0x00000000015ea000 	/usr/lib/system/libsystem_platform.dylib
0x00000000015ea000 	/usr/lib/system/libsystem_pthread.dylib
0x00000000015ea000 	/usr/lib/system/libsystem_symptoms.dylib
0x00000000015ea000 	/usr/lib/system/libsystem_trace.dylib
0x00000000015ea000 	/usr/lib/system/libunwind.dylib
0x00000000015ea000 	/usr/lib/system/libxpc.dylib
0x00000000015ea000 	/usr/lib/closure/libclosured.dylib
0x00000000015ea000 	/usr/lib/libbsm.0.dylib
0x00000000015ea000 	/usr/lib/system/libkxld.dylib
0x00000000015ea000 	/usr/lib/libOpenScriptingUtil.dylib
0x00000000015ea000 	/usr/lib/libcoretls.dylib
0x00000000015ea000 	/usr/lib/libcoretls_cfhelpers.dylib
0x00000000015ea000 	/usr/lib/libpam.2.dylib
0x00000000015ea000 	/usr/lib/libsqlite3.dylib
0x00000000015ea000 	/usr/lib/libxar.1.dylib
0x00000000015ea000 	/usr/lib/libbz2.1.0.dylib
0x00000000015ea000 	/usr/lib/liblzma.5.dylib
0x00000000015ea000 	/usr/lib/libnetwork.dylib
0x00000000015ea000 	/usr/lib/libapple_nghttp2.dylib
0x00000000015ea000 	/usr/lib/libpcap.A.dylib
0x00000000015ea000 	/usr/lib/libboringssl.dylib
0x00000000015ea000 	/usr/lib/libusrtcp.dylib
0x00000000015ea000 	/usr/lib/libapple_crypto.dylib
0x00000000015ea000 	/System/Library/Frameworks/CoreServices.framework/Versions/A/Frameworks/FSEvents.framework/Versions/A/FSEvents
0x00000000015ea000 	/System/Library/Frameworks/CoreServices.framework/Versions/A/Frameworks/CarbonCore.framework/Versions/A/CarbonCore
0x00000000015ea000 	/System/Library/Frameworks/CoreServices.framework/Versions/A/Frameworks/Metadata.framework/Versions/A/Metadata
0x00000000015ea000 	/System/Library/Frameworks/CoreServices.framework/Versions/A/Frameworks/OSServices.framework/Versions/A/OSServices
0x00000000015ea000 	/System/Library/Frameworks/CoreServices.framework/Versions/A/Frameworks/SearchKit.framework/Versions/A/SearchKit
0x00000000015ea000 	/System/Library/Frameworks/CoreServices.framework/Versions/A/Frameworks/AE.framework/Versions/A/AE
0x00000000015ea000 	/System/Library/Frameworks/CoreServices.framework/Versions/A/Frameworks/LaunchServices.framework/Versions/A/LaunchServices
0x00000000015ea000 	/System/Library/Frameworks/CoreServices.framework/Versions/A/Frameworks/DictionaryServices.framework/Versions/A/DictionaryServices
0x00000000015ea000 	/System/Library/Frameworks/CoreServices.framework/Versions/A/Frameworks/SharedFileList.framework/Versions/A/SharedFileList
0x00000000015ea000 	/System/Library/Frameworks/NetFS.framework/Versions/A/NetFS
0x00000000015ea000 	/System/Library/PrivateFrameworks/NetAuth.framework/Versions/A/NetAuth
0x00000000015ea000 	/System/Library/PrivateFrameworks/login.framework/Versions/A/Frameworks/loginsupport.framework/Versions/A/loginsupport
0x00000000015ea000 	/System/Library/PrivateFrameworks/TCC.framework/Versions/A/TCC
0x00000000015ea000 	/usr/lib/libmecabra.dylib
0x00000000015ea000 	/System/Library/Frameworks/ApplicationServices.framework/Versions/A/Frameworks/ATS.framework/Versions/A/ATS
0x00000000015ea000 	/System/Library/Frameworks/ApplicationServices.framework/Versions/A/Frameworks/ColorSyncLegacy.framework/Versions/A/ColorSyncLegacy
0x00000000015ea000 	/System/Library/Frameworks/ApplicationServices.framework/Versions/A/Frameworks/HIServices.framework/Versions/A/HIServices
0x00000000015ea000 	/System/Library/Frameworks/ApplicationServices.framework/Versions/A/Frameworks/LangAnalysis.framework/Versions/A/LangAnalysis
0x00000000015ea000 	/System/Library/Frameworks/ApplicationServices.framework/Versions/A/Frameworks/PrintCore.framework/Versions/A/PrintCore
0x00000000015ea000 	/System/Library/Frameworks/ApplicationServices.framework/Versions/A/Frameworks/QD.framework/Versions/A/QD
0x00000000015ea000 	/System/Library/Frameworks/ApplicationServices.framework/Versions/A/Frameworks/SpeechSynthesis.framework/Versions/A/SpeechSynthesis
0x00000000015ea000 	/System/Library/Frameworks/CoreDisplay.framework/Versions/A/CoreDisplay
0x00000000015ea000 	/System/Library/Frameworks/Accelerate.framework/Versions/A/Frameworks/vImage.framework/Versions/A/vImage
0x00000000015ea000 	/System/Library/Frameworks/Accelerate.framework/Versions/A/Frameworks/vecLib.framework/Versions/A/vecLib
0x00000000015ea000 	/System/Library/Frameworks/Accelerate.framework/Versions/A/Frameworks/vecLib.framework/Versions/A/libvDSP.dylib
0x00000000015ea000 	/System/Library/Frameworks/Accelerate.framework/Versions/A/Frameworks/vecLib.framework/Versions/A/libBNNS.dylib
0x00000000015ea000 	/System/Library/Frameworks/Accelerate.framework/Versions/A/Frameworks/vecLib.framework/Versions/A/libQuadrature.dylib
0x00000000015ea000 	/System/Library/Frameworks/Accelerate.framework/Versions/A/Frameworks/vecLib.framework/Versions/A/libvMisc.dylib
0x00000000015ea000 	/System/Library/Frameworks/Accelerate.framework/Versions/A/Frameworks/vecLib.framework/Versions/A/libLAPACK.dylib
0x00000000015ea000 	/System/Library/Frameworks/Accelerate.framework/Versions/A/Frameworks/vecLib.framework/Versions/A/libBLAS.dylib
0x00000000015ea000 	/System/Library/Frameworks/Accelerate.framework/Versions/A/Frameworks/vecLib.framework/Versions/A/libLinearAlgebra.dylib
0x00000000015ea000 	/System/Library/Frameworks/Accelerate.framework/Versions/A/Frameworks/vecLib.framework/Versions/A/libSparse.dylib
0x00000000015ea000 	/System/Library/Frameworks/Accelerate.framework/Versions/A/Frameworks/vecLib.framework/Versions/A/libSparseBLAS.dylib
0x00000000015ea000 	/System/Library/PrivateFrameworks/IOAccelerator.framework/Versions/A/IOAccelerator
0x00000000015ea000 	/System/Library/PrivateFrameworks/IOPresentment.framework/Versions/A/IOPresentment
0x00000000015ea000 	/System/Library/PrivateFrameworks/DSExternalDisplay.framework/Versions/A/DSExternalDisplay
0x00000000015ea000 	/System/Library/Frameworks/OpenGL.framework/Versions/A/Libraries/libCoreFSCache.dylib
0x00000000015ea000 	/System/Library/Frameworks/CoreVideo.framework/Versions/A/CoreVideo
0x00000000015ea000 	/System/Library/PrivateFrameworks/GraphVisualizer.framework/Versions/A/GraphVisualizer
0x00000000015ea000 	/System/Library/Frameworks/MetalPerformanceShaders.framework/Versions/A/MetalPerformanceShaders
0x00000000015ea000 	/usr/lib/libFosl_dynamic.dylib
0x00000000015ea000 	/System/Library/PrivateFrameworks/FaceCore.framework/Versions/A/FaceCore
0x00000000015ea000 	/System/Library/Frameworks/OpenCL.framework/Versions/A/OpenCL
0x00000000015ea000 	/usr/lib/libcompression.dylib
0x00000000015ea000 	/System/Library/Frameworks/ApplicationServices.framework/Versions/A/Frameworks/ATS.framework/Versions/A/Resources/libFontParser.dylib
0x00000000015ea000 	/System/Library/Frameworks/ApplicationServices.framework/Versions/A/Frameworks/ATS.framework/Versions/A/Resources/libFontRegistry.dylib
0x00000000015ea000 	/System/Library/Frameworks/ImageIO.framework/Versions/A/Resources/libJPEG.dylib
0x00000000015ea000 	/System/Library/Frameworks/ImageIO.framework/Versions/A/Resources/libTIFF.dylib
0x00000000015ea000 	/System/Library/Frameworks/ImageIO.framework/Versions/A/Resources/libPng.dylib
0x00000000015ea000 	/System/Library/Frameworks/ImageIO.framework/Versions/A/Resources/libGIF.dylib
0x00000000015ea000 	/System/Library/Frameworks/ImageIO.framework/Versions/A/Resources/libJP2.dylib
0x00000000015ea000 	/System/Library/Frameworks/ImageIO.framework/Versions/A/Resources/libRadiance.dylib
0x00000000015ea000 	/System/Library/PrivateFrameworks/AppleJPEG.framework/Versions/A/AppleJPEG
0x00000000015ea000 	/System/Library/PrivateFrameworks/MetalTools.framework/Versions/A/MetalTools
0x00000000015ea000 	/System/Library/Frameworks/MetalPerformanceShaders.framework/Frameworks/MPSCore.framework/Versions/A/MPSCore
0x00000000015ea000 	/System/Library/Frameworks/MetalPerformanceShaders.framework/Frameworks/MPSImage.framework/Versions/A/MPSImage
0x00000000015ea000 	/System/Library/Frameworks/MetalPerformanceShaders.framework/Frameworks/MPSMatrix.framework/Versions/A/MPSMatrix
0x00000000015ea000 	/System/Library/Frameworks/MetalPerformanceShaders.framework/Frameworks/MPSNeuralNetwork.framework/Versions/A/MPSNeuralNetwork
0x00000000015ea000 	/System/Library/Frameworks/OpenGL.framework/Versions/A/Libraries/libGLU.dylib
0x00000000015ea000 	/System/Library/Frameworks/OpenGL.framework/Versions/A/Libraries/libGFXShared.dylib
0x00000000015ea000 	/System/Library/Frameworks/OpenGL.framework/Versions/A/Libraries/libGL.dylib
0x00000000015ea000 	/System/Library/Frameworks/OpenGL.framework/Versions/A/Libraries/libGLImage.dylib
0x00000000015ea000 	/System/Library/Frameworks/OpenGL.framework/Versions/A/Libraries/libCVMSPluginSupport.dylib
0x00000000015ea000 	/System/Library/Frameworks/OpenGL.framework/Versions/A/Libraries/libCoreVMClient.dylib
0x00000000015ea000 	/usr/lib/libcups.2.dylib
0x00000000015ea000 	/System/Library/Frameworks/Kerberos.framework/Versions/A/Kerberos
0x00000000015ea000 	/System/Library/Frameworks/GSS.framework/Versions/A/GSS
0x00000000015ea000 	/usr/lib/libresolv.9.dylib
0x00000000015ea000 	/usr/lib/libiconv.2.dylib
0x00000000015ea000 	/System/Library/PrivateFrameworks/Heimdal.framework/Versions/A/Heimdal
0x00000000015ea000 	/usr/lib/libheimdal-asn1.dylib
0x00000000015ea000 	/System/Library/Frameworks/OpenDirectory.framework/Versions/A/OpenDirectory
0x00000000015ea000 	/System/Library/PrivateFrameworks/CommonAuth.framework/Versions/A/CommonAuth
0x00000000015ea000 	/System/Library/Frameworks/OpenDirectory.framework/Versions/A/Frameworks/CFOpenDirectory.framework/Versions/A/CFOpenDirectory
0x00000000015ea000 	/System/Library/Frameworks/SecurityFoundation.framework/Versions/A/SecurityFoundation
0x00000000015ea000 	/System/Library/PrivateFrameworks/APFS.framework/Versions/A/APFS
0x00000000015ea000 	/usr/lib/libutil.dylib
0x00000000015ea000 	/System/Library/PrivateFrameworks/AppleSauce.framework/Versions/A/AppleSauce
0x00000000015ea000 	/System/Library/PrivateFrameworks/LinguisticData.framework/Versions/A/LinguisticData
0x00000000015ea000 	/usr/lib/libmarisa.dylib
0x00000000015ea000 	/System/Library/PrivateFrameworks/Lexicon.framework/Versions/A/Lexicon
0x00000000015ea000 	/usr/lib/libChineseTokenizer.dylib
0x00000000015ea000 	/usr/lib/libcmph.dylib
0x00000000015ea000 	/System/Library/PrivateFrameworks/LanguageModeling.framework/Versions/A/LanguageModeling
0x00000000015ea000 	/System/Library/PrivateFrameworks/CoreEmoji.framework/Versions/A/CoreEmoji
0x00000000015ea000 	/System/Library/Frameworks/ServiceManagement.framework/Versions/A/ServiceManagement
0x00000000015ea000 	/System/Library/PrivateFrameworks/BackgroundTaskManagement.framework/Versions/A/BackgroundTaskManagement
0x00000000015ea000 	/usr/lib/libxslt.1.dylib
0x00000000015ea000 	/System/Library/Frameworks/Carbon.framework/Versions/A/Frameworks/Ink.framework/Versions/A/Ink
0x00000000015ea000 	/System/Library/PrivateFrameworks/TextureIO.framework/Versions/A/TextureIO
0x00000000015ea000 	/usr/lib/libate.dylib
0x00000000015ea000 	/System/Library/PrivateFrameworks/CrashReporterSupport.framework/Versions/A/CrashReporterSupport
0x00000000015ea000 	/System/Library/PrivateFrameworks/Sharing.framework/Versions/A/Sharing
0x00000000015ea000 	/System/Library/PrivateFrameworks/IconServices.framework/Versions/A/IconServices
0x00000000015ea000 	/System/Library/PrivateFrameworks/ProtocolBuffer.framework/Versions/A/ProtocolBuffer
0x00000000015ea000 	/System/Library/PrivateFrameworks/Apple80211.framework/Versions/A/Apple80211
0x00000000015ea000 	/System/Library/Frameworks/CoreWLAN.framework/Versions/A/CoreWLAN
0x00000000015ea000 	/System/Library/PrivateFrameworks/CoreUtils.framework/Versions/A/CoreUtils
0x00000000015ea000 	/System/Library/Frameworks/IOBluetooth.framework/Versions/A/IOBluetooth
0x00000000015ea000 	/System/Library/PrivateFrameworks/CoreWiFi.framework/Versions/A/CoreWiFi
0x00000000015ea000 	/System/Library/Frameworks/CoreBluetooth.framework/Versions/A/CoreBluetooth
0x00000000015ea000 	/System/Library/PrivateFrameworks/SignpostNotification.framework/Versions/A/SignpostNotification
0x00000000015ea000 	/System/Library/PrivateFrameworks/DebugSymbols.framework/Versions/A/DebugSymbols
0x00000000015ea000 	/System/Library/PrivateFrameworks/CoreSymbolication.framework/Versions/A/CoreSymbolication
0x00000000015ea000 	/System/Library/PrivateFrameworks/Symbolication.framework/Versions/A/Symbolication
0x00000000015ea000 	/System/Library/PrivateFrameworks/AppleFSCompression.framework/Versions/A/AppleFSCompression
0x00000000015ea000 	/System/Library/PrivateFrameworks/SpeechRecognitionCore.framework/Versions/A/SpeechRecognitionCore
0x0000000107400000 	/Library/Java/JavaVirtualMachines/jdk1.8.0_101.jdk/Contents/Home/jre/lib/server/libjvm.dylib
0x00000000015ea000 	/usr/lib/libstdc++.6.0.9.dylib
0x00000001062e8000 	/Library/Java/JavaVirtualMachines/jdk1.8.0_101.jdk/Contents/Home/jre/lib/libverify.dylib
0x00000001062f6000 	/Library/Java/JavaVirtualMachines/jdk1.8.0_101.jdk/Contents/Home/jre/lib/libjava.dylib
0x0000000106375000 	/Library/Java/JavaVirtualMachines/jdk1.8.0_101.jdk/Contents/Home/jre/lib/libzip.dylib
0x00000000015ea000 	/System/Library/Frameworks/JavaVM.framework/Versions/A/Frameworks/JavaRuntimeSupport.framework/Versions/A/JavaRuntimeSupport
0x00000000015ea000 	/System/Library/Frameworks/JavaVM.framework/Versions/A/Frameworks/JavaNativeFoundation.framework/Versions/A/JavaNativeFoundation
0x00000000015ea000 	/System/Library/Frameworks/JavaVM.framework/Versions/A/JavaVM
0x00000000015ea000 	/System/Library/Frameworks/Carbon.framework/Versions/A/Carbon
0x00000000015ea000 	/System/Library/PrivateFrameworks/JavaLaunching.framework/Versions/A/JavaLaunching
0x00000000015ea000 	/System/Library/Frameworks/Carbon.framework/Versions/A/Frameworks/CommonPanels.framework/Versions/A/CommonPanels
0x00000000015ea000 	/System/Library/Frameworks/Carbon.framework/Versions/A/Frameworks/Help.framework/Versions/A/Help
0x00000000015ea000 	/System/Library/Frameworks/Carbon.framework/Versions/A/Frameworks/ImageCapture.framework/Versions/A/ImageCapture
0x00000000015ea000 	/System/Library/Frameworks/Carbon.framework/Versions/A/Frameworks/OpenScripting.framework/Versions/A/OpenScripting
0x00000000015ea000 	/System/Library/Frameworks/Carbon.framework/Versions/A/Frameworks/Print.framework/Versions/A/Print
0x00000000015ea000 	/System/Library/Frameworks/Carbon.framework/Versions/A/Frameworks/SecurityHI.framework/Versions/A/SecurityHI
0x0000000124e33000 	/Library/Java/JavaVirtualMachines/jdk1.8.0_101.jdk/Contents/Home/jre/lib/libawt.dylib
0x0000000124edb000 	/Library/Java/JavaVirtualMachines/jdk1.8.0_101.jdk/Contents/Home/jre/lib/./libmlib_image.dylib
0x0000000124fa7000 	/Library/Java/JavaVirtualMachines/jdk1.8.0_101.jdk/Contents/Home/jre/lib/libawt_lwawt.dylib
0x000000012505c000 	/Library/Java/JavaVirtualMachines/jdk1.8.0_101.jdk/Contents/Home/jre/lib/./libosxapp.dylib
0x00000000015ea000 	/System/Library/Frameworks/ExceptionHandling.framework/Versions/A/ExceptionHandling
0x00000000015ea000 	/System/Library/PrivateFrameworks/CoreServicesInternal.framework/Versions/A/CoreServicesInternal
0x00000000015ea000 	/System/Library/CoreServices/RawCamera.bundle/Contents/MacOS/RawCamera
0x00000000015ea000 	/System/Library/PrivateFrameworks/MobileAsset.framework/Versions/A/MobileAsset
0x00000000015ea000 	/System/Library/PrivateFrameworks/StreamingZip.framework/Versions/A/StreamingZip
0x00000000015ea000 	/System/Library/Frameworks/MediaToolbox.framework/Versions/A/MediaToolbox
0x00000000015ea000 	/System/Library/PrivateFrameworks/CoreAVCHD.framework/Versions/A/CoreAVCHD
0x00000000015ea000 	/System/Library/Frameworks/MediaAccessibility.framework/Versions/A/MediaAccessibility
0x00000000015ea000 	/System/Library/PrivateFrameworks/Mangrove.framework/Versions/A/Mangrove
0x00000000015ea000 	/System/Library/Frameworks/CoreMedia.framework/Versions/A/CoreMedia
0x00000000015ea000 	/System/Library/Frameworks/VideoToolbox.framework/Versions/A/VideoToolbox
0x00000000015ea000 	/System/Library/PrivateFrameworks/CoreAUC.framework/Versions/A/CoreAUC
0x00000000015ea000 	/usr/lib/libspindump.dylib
0x00000000015ea000 	/usr/lib/libdscsym.dylib
0x00000000015ea000 	/System/Library/PrivateFrameworks/AppleVA.framework/Versions/A/AppleVA
0x00000000015ea000 	/System/Library/Frameworks/Accelerate.framework/Versions/A/Frameworks/vImage.framework/Versions/A/Libraries/libCGInterfaces.dylib
0x00000000015ea000 	/System/Library/PrivateFrameworks/FamilyControls.framework/Versions/A/FamilyControls
0x00000000015ea000 	/System/Library/PrivateFrameworks/CommerceKit.framework/Versions/A/Frameworks/CommerceCore.framework/Versions/A/CommerceCore
0x00000000015ea000 	/System/Library/PrivateFrameworks/SystemAdministration.framework/Versions/A/SystemAdministration
0x00000000015ea000 	/System/Library/PrivateFrameworks/AppContainer.framework/Versions/A/AppContainer
0x00000000015ea000 	/System/Library/PrivateFrameworks/SecCodeWrapper.framework/Versions/A/SecCodeWrapper
0x00000000015ea000 	/System/Library/PrivateFrameworks/DiskManagement.framework/Versions/A/DiskManagement
0x00000000015ea000 	/System/Library/Frameworks/DirectoryService.framework/Versions/A/DirectoryService
0x00000000015ea000 	/System/Library/PrivateFrameworks/DiskImages.framework/Versions/A/DiskImages
0x00000000015ea000 	/System/Library/PrivateFrameworks/LoginUIKit.framework/Versions/A/Frameworks/LoginUICore.framework/Versions/A/LoginUICore
0x00000000015ea000 	/usr/lib/libCoreStorage.dylib
0x00000000015ea000 	/usr/lib/libcsfde.dylib
0x00000000015ea000 	/usr/lib/libodfde.dylib
0x00000000015ea000 	/System/Library/PrivateFrameworks/MediaKit.framework/Versions/A/MediaKit
0x00000000015ea000 	/System/Library/Frameworks/DiscRecording.framework/Versions/A/DiscRecording
0x00000000015ea000 	/System/Library/PrivateFrameworks/EFILogin.framework/Versions/A/EFILogin
0x00000000015ea000 	/System/Library/PrivateFrameworks/ProtectedCloudStorage.framework/Versions/A/ProtectedCloudStorage
0x00000000015ea000 	/usr/lib/libcurl.4.dylib
0x00000000015ea000 	/usr/lib/libcrypto.35.dylib
0x00000000015ea000 	/usr/lib/libssl.35.dylib
0x00000000015ea000 	/System/Library/Frameworks/LDAP.framework/Versions/A/LDAP
0x00000000015ea000 	/System/Library/PrivateFrameworks/TrustEvaluationAgent.framework/Versions/A/TrustEvaluationAgent
0x00000000015ea000 	/usr/lib/libsasl2.2.dylib
0x00000000015ea000 	/System/Library/PrivateFrameworks/CoreDaemon.framework/Versions/B/CoreDaemon
0x00000000015ea000 	/System/Library/PrivateFrameworks/AppleSRP.framework/Versions/A/AppleSRP
0x0000000126567000 	/Library/Java/JavaVirtualMachines/jdk1.8.0_101.jdk/Contents/Home/jre/lib/libfontmanager.dylib
0x00000000015ea000 	/System/Library/Frameworks/ApplicationServices.framework/Versions/A/Frameworks/ATS.framework/Versions/A/Resources/libTrueTypeScaler.dylib
0x00000000015ea000 	/System/Library/Frameworks/OpenGL.framework/Versions/A/Resources/GLEngine.bundle/GLEngine
0x00000000015ea000 	/System/Library/Frameworks/OpenGL.framework/Versions/A/Libraries/libGLProgrammability.dylib
0x00000001271ec000 	/System/Library/Extensions/AppleIntelHD5000GraphicsGLDriver.bundle/Contents/MacOS/AppleIntelHD5000GraphicsGLDriver
0x00000000015ea000 	/System/Library/PrivateFrameworks/GPUSupport.framework/Versions/A/Libraries/libGPUSupportMercury.dylib
0x0000000127955000 	/System/Library/Extensions/AMDRadeonX4000GLDriver.bundle/Contents/MacOS/AMDRadeonX4000GLDriver
0x00000000015ea000 	/System/Library/Extensions/AMDRadeonX4000GLDriver.bundle/Contents/MacOS/ATIRadeonX4000SCLib.dylib
0x00000000015ea000 	/System/Library/Frameworks/OpenGL.framework/Versions/A/Resources/GLRendererFloat.bundle/GLRendererFloat
0x00000000015ea000 	/System/Library/Frameworks/OpenCL.framework/Versions/A/Libraries/libcldcpuengine.dylib
0x00000000015ea000 	/System/Library/Extensions/AppleIntelHD5000GraphicsMTLDriver.bundle/Contents/MacOS/AppleIntelHD5000GraphicsMTLDriver
0x0000000127a92000 	/System/Library/Extensions/AMDMTLBronzeDriver.bundle/Contents/MacOS/AMDMTLBronzeDriver
0x00000000015ea000 	/System/Library/PrivateFrameworks/IOAccelMemoryInfo.framework/Versions/A/IOAccelMemoryInfo
0x00000000015ea000 	/System/Library/PrivateFrameworks/GPUCompiler.framework/Versions/3802/Libraries/libmetal_timestamp.dylib
0x0000000127fed000 	/Library/Java/JavaVirtualMachines/jdk1.8.0_101.jdk/Contents/Home/jre/lib/libosxui.dylib
0x00000000015ea000 	/System/Library/PrivateFrameworks/ViewBridge.framework/Versions/A/ViewBridge
0x0000000129033000 	/Library/Java/JavaVirtualMachines/jdk1.8.0_101.jdk/Contents/Home/jre/lib/libnet.dylib
0x000000012904a000 	/Library/Java/JavaVirtualMachines/jdk1.8.0_101.jdk/Contents/Home/jre/lib/libnio.dylib

VM Arguments:
jvm_args: -Dfile.encoding=UTF-8 
java_command: dentist.LoginRevised
java_class_path (initial): /Users/Wrok/git/dental_assignment/bin
Launcher Type: SUN_STANDARD

Environment Variables:
PATH=/usr/bin:/bin:/usr/sbin:/sbin
SHELL=/bin/bash

Signal Handlers:
SIGSEGV: [libjvm.dylib+0x5af145], sa_mask[0]=11111111011111110111111111111111, sa_flags=SA_ONSTACK|SA_RESTART|SA_SIGINFO
SIGBUS: [libjvm.dylib+0x5af145], sa_mask[0]=11111111011111110111111111111111, sa_flags=SA_RESTART|SA_SIGINFO
SIGFPE: [libjvm.dylib+0x48694c], sa_mask[0]=11111111011111110111111111111111, sa_flags=SA_RESTART|SA_SIGINFO
SIGPIPE: [libjvm.dylib+0x48694c], sa_mask[0]=11111111011111110111111111111111, sa_flags=SA_RESTART|SA_SIGINFO
SIGXFSZ: [libjvm.dylib+0x48694c], sa_mask[0]=11111111011111110111111111111111, sa_flags=SA_RESTART|SA_SIGINFO
SIGILL: [libjvm.dylib+0x48694c], sa_mask[0]=11111111011111110111111111111111, sa_flags=SA_RESTART|SA_SIGINFO
SIGUSR1: SIG_DFL, sa_mask[0]=00000000000000000000000000000000, sa_flags=none
SIGUSR2: [libjvm.dylib+0x48646a], sa_mask[0]=00100000000000000000000000000000, sa_flags=SA_RESTART|SA_SIGINFO
SIGHUP: [libjvm.dylib+0x484a41], sa_mask[0]=11111111011111110111111111111111, sa_flags=SA_RESTART|SA_SIGINFO
SIGINT: [libjvm.dylib+0x484a41], sa_mask[0]=11111111011111110111111111111111, sa_flags=SA_RESTART|SA_SIGINFO
SIGTERM: [libjvm.dylib+0x484a41], sa_mask[0]=11111111011111110111111111111111, sa_flags=SA_RESTART|SA_SIGINFO
SIGQUIT: [libjvm.dylib+0x484a41], sa_mask[0]=11111111011111110111111111111111, sa_flags=SA_RESTART|SA_SIGINFO


---------------  S Y S T E M  ---------------

OS:Bsduname:Darwin 17.0.0 Darwin Kernel Version 17.0.0: Thu Aug 24 21:48:19 PDT 2017; root:xnu-4570.1.46~2/RELEASE_X86_64 x86_64
rlimit: STACK 8192k, CORE 0k, NPROC 1418, NOFILE 10240, AS infinity
load average:2.60 3.59 4.63

CPU:total 8 (4 cores per cpu, 2 threads per core) family 6 model 70 stepping 1, cmov, cx8, fxsr, mmx, sse, sse2, sse3, ssse3, sse4.1, sse4.2, popcnt, avx, avx2, aes, clmul, erms, lzcnt, ht, tsc, tscinvbit, bmi1, bmi2

Memory: 4k page, physical 16777216k(20092k free)

/proc/meminfo:


vm_info: Java HotSpot(TM) 64-Bit Server VM (25.101-b13) for bsd-amd64 JRE (1.8.0_101-b13), built on Jun 22 2016 02:42:15 by "java_re" with gcc 4.2.1 (Based on Apple Inc. build 5658) (LLVM build 2336.11.00)

time: Tue Nov 21 15:09:26 2017
elapsed time: 3273 seconds (0d 0h 54m 33s)

