#
# A fatal error has been detected by the Java Runtime Environment:
#
#  SIGSEGV (0xb) at pc=0x0000000122fcacdd, pid=9724, tid=0x000000000000c803
#
# JRE version: Java(TM) SE Runtime Environment (8.0_101-b13) (build 1.8.0_101-b13)
# Java VM: Java HotSpot(TM) 64-Bit Server VM (25.101-b13 mixed mode bsd-amd64 compressed oops)
# Problematic frame:
# C  [libawt_lwawt.dylib+0x1acdd]  OGLSD_SetScratchSurface+0x49
#
# Failed to write core dump. Core dumps have been disabled. To enable core dumping, try "ulimit -c unlimited" before starting Java again
#
# If you would like to submit a bug report, please visit:
#   http://bugreport.java.com/bugreport/crash.jsp
# The crash happened outside the Java Virtual Machine in native code.
# See problematic frame for where to report the bug.
#

---------------  T H R E A D  ---------------

Current thread (0x00007fbf9c0de000):  JavaThread "Java2D Queue Flusher" daemon [_thread_in_native, id=51203, stack(0x000070000eaef000,0x000070000ebef000)]

siginfo: si_signo: 11 (SIGSEGV), si_code: 1 (SEGV_MAPERR), si_addr: 0x0000000000000002

Registers:
RAX=0x00000000ffffffff, RBX=0x0000000000000002, RCX=0x0000000000000047, RDX=0x0000000122feb844
RSP=0x000070000ebee6d0, RBP=0x000070000ebee6f0, RSI=0x00007fbf9aa87d20, RDI=0x00007fbf9c0de1f8
R8 =0x00007fbf9aa2d748, R9 =0xffffffff00000000, R10=0x000000010a3a19a8, R11=0x00000001058e2b5b
R12=0x0000000000000000, R13=0x0000000108144230, R14=0x00007fbf9c0de1f8, R15=0x00007fbf9c0de000
RIP=0x0000000122fcacdd, EFLAGS=0x0000000000010202, ERR=0x0000000000000004
  TRAPNO=0x000000000000000e

Top of Stack: (sp=0x000070000ebee6d0)
0x000070000ebee6d0:   00007fbf9aa87d20 0000000000000000
0x000070000ebee6e0:   00007fbf9a11c810 00007fbf9c0de000
0x000070000ebee6f0:   000070000ebee770 0000000122feb322
0x000070000ebee700:   00007fbf9c0de000 000000000000a57b
0x000070000ebee710:   00007fbf9aa2d700 0000000200000001
0x000070000ebee720:   00000000000005ca 0000000000000300
0x000070000ebee730:   0000000000000000 00007fbf9a11c820
0x000070000ebee740:   00000000003a5760 00007fbf9c0de1f8
0x000070000ebee750:   0000000108144230 0000000000000000
0x000070000ebee760:   000070000ebee818 00007fbf9c0de000
0x000070000ebee770:   000070000ebee7e0 000000010a3a19d4
0x000070000ebee780:   00007fbf9c0de000 00007fbf9aa35018
0x000070000ebee790:   000070000ebee7c0 0000000105935f98
0x000070000ebee7a0:   000070000ebee7a0 0000000000000000
0x000070000ebee7b0:   000070000ebee818 00000001081452c8
0x000070000ebee7c0:   0000000000000000 0000000108144230
0x000070000ebee7d0:   0000000000000000 000070000ebee800
0x000070000ebee7e0:   000070000ebee860 000000010a3922bd
0x000070000ebee7f0:   0000000000000000 000000010a39b538
0x000070000ebee800:   0000000000000020 00007fbf9a11c800
0x000070000ebee810:   000000076f60a0b0 000000076f60a098
0x000070000ebee820:   000070000ebee820 00000001081442dd
0x000070000ebee830:   000070000ebee878 00000001081452c8
0x000070000ebee840:   00000001572abac0 0000000108144300
0x000070000ebee850:   000070000ebee800 000070000ebee880
0x000070000ebee860:   000070000ebee9d0 000000010a873a04
0x000070000ebee870:   0000000000000020 000000076f60a098
0x000070000ebee880:   0000000000000041 0000000108147e18
0x000070000ebee890:   0000000000000000 0000000000000000
0x000070000ebee8a0:   0000000000000000 0000700000000000
0x000070000ebee8b0:   00000000000000dc 0000000000000000
0x000070000ebee8c0:   000070000ebee968 00007fbf9c0de000 

Instructions: (pc=0x0000000122fcacdd)
0x0000000122fcacbd:   c0 e9 82 00 00 00 48 8b 5e 10 48 85 db 75 0e bf
0x0000000122fcaccd:   01 00 00 00 48 8d 15 ef 76 03 00 eb d6 49 89 fe
0x0000000122fcacdd:   4c 8b 3b 30 c0 e8 83 a3 02 00 49 8b 3f 49 89 c4
0x0000000122fcaced:   48 8b 35 34 f9 05 00 30 c0 e8 cb a4 02 00 48 85 

Register to memory mapping:

RAX=0x00000000ffffffff is an unknown value
RBX=0x0000000000000002 is an unknown value
RCX=0x0000000000000047 is an unknown value
RDX=0x0000000122feb844: Java_sun_java2d_opengl_OGLRenderQueue_flushBuffer+0xb5c in /Library/Java/JavaVirtualMachines/jdk1.8.0_101.jdk/Contents/Home/jre/lib/libawt_lwawt.dylib at 0x0000000122fb0000
RSP=0x000070000ebee6d0 is pointing into the stack for thread: 0x00007fbf9c0de000
RBP=0x000070000ebee6f0 is pointing into the stack for thread: 0x00007fbf9c0de000
RSI=0x00007fbf9aa87d20 is an unknown value
RDI=0x00007fbf9c0de1f8 is an unknown value
R8 =0x00007fbf9aa2d748 is an unknown value
R9 =0xffffffff00000000 is an unknown value
R10=0x000000010a3a19a8 is at code_begin+808 in an Interpreter codelet
method entry point (kind = native)  [0x000000010a3a1680, 0x000000010a3a1f80]  2304 bytes
R11=0x00000001058e2b5b: throw_unsatisfied_link_error+0 in /Library/Java/JavaVirtualMachines/jdk1.8.0_101.jdk/Contents/Home/jre/lib/server/libjvm.dylib at 0x0000000105400000
R12=0x0000000000000000 is an unknown value
R13={method} {0x0000000108144230} 'flushBuffer' '(JI)V' in 'sun/java2d/opengl/OGLRenderQueue'
R14=0x00007fbf9c0de1f8 is an unknown value
R15=0x00007fbf9c0de000 is a thread


Stack: [0x000070000eaef000,0x000070000ebef000],  sp=0x000070000ebee6d0,  free space=1021k
Native frames: (J=compiled Java code, j=interpreted, Vv=VM code, C=native code)
C  [libawt_lwawt.dylib+0x1acdd]  OGLSD_SetScratchSurface+0x49
C  [libawt_lwawt.dylib+0x3b322]  Java_sun_java2d_opengl_OGLRenderQueue_flushBuffer+0x63a
j  sun.java2d.opengl.OGLRenderQueue.flushBuffer(JI)V+0
j  sun.java2d.opengl.OGLRenderQueue.flushBuffer()V+21
J 1524% C1 sun.java2d.opengl.OGLRenderQueue$QueueFlusher.run()V (234 bytes) @ 0x000000010a873a04 [0x000000010a873040+0x9c4]
v  ~StubRoutines::call_stub
V  [libjvm.dylib+0x2ecf06]  JavaCalls::call_helper(JavaValue*, methodHandle*, JavaCallArguments*, Thread*)+0x6ae
V  [libjvm.dylib+0x2ed694]  JavaCalls::call_virtual(JavaValue*, KlassHandle, Symbol*, Symbol*, JavaCallArguments*, Thread*)+0x164
V  [libjvm.dylib+0x2ed840]  JavaCalls::call_virtual(JavaValue*, Handle, KlassHandle, Symbol*, Symbol*, Thread*)+0x4a
V  [libjvm.dylib+0x348029]  thread_entry(JavaThread*, Thread*)+0x7c
V  [libjvm.dylib+0x5695ab]  JavaThread::thread_main_inner()+0x9b
V  [libjvm.dylib+0x56ac98]  JavaThread::run()+0x1c2
V  [libjvm.dylib+0x48933a]  java_start(Thread*)+0xf6
C  [libsystem_pthread.dylib+0x36c1]  _pthread_body+0x154
C  [libsystem_pthread.dylib+0x356d]  _pthread_body+0x0
C  [libsystem_pthread.dylib+0x2c5d]  thread_start+0xd
C  0x0000000000000000

Java frames: (J=compiled Java code, j=interpreted, Vv=VM code)
j  sun.java2d.opengl.OGLRenderQueue.flushBuffer(JI)V+0
j  sun.java2d.opengl.OGLRenderQueue.flushBuffer()V+21
J 1524% C1 sun.java2d.opengl.OGLRenderQueue$QueueFlusher.run()V (234 bytes) @ 0x000000010a873a04 [0x000000010a873040+0x9c4]
v  ~StubRoutines::call_stub

---------------  P R O C E S S  ---------------

Java Threads: ( => current thread )
  0x00007fbf9a206000 JavaThread "Abandoned connection cleanup thread" daemon [_thread_blocked, id=81999, stack(0x000070000f18d000,0x000070000f28d000)]
  0x00007fbf9bd8a800 JavaThread "TimerQueue" daemon [_thread_blocked, id=76155, stack(0x000070000ef01000,0x000070000f001000)]
  0x00007fbf9c0f5000 JavaThread "Java2D Disposer" daemon [_thread_blocked, id=42363, stack(0x000070000ed7b000,0x000070000ee7b000)]
=>0x00007fbf9c0de000 JavaThread "Java2D Queue Flusher" daemon [_thread_in_native, id=51203, stack(0x000070000eaef000,0x000070000ebef000)]
  0x00007fbf998c6000 JavaThread "DestroyJavaVM" [_thread_blocked, id=6915, stack(0x000070000d4aa000,0x000070000d5aa000)]
  0x00007fbf998c5800 JavaThread "AWT-EventQueue-0" [_thread_blocked, id=46883, stack(0x000070000e9ec000,0x000070000eaec000)]
  0x00007fbf998b7800 JavaThread "AWT-Shutdown" [_thread_blocked, id=32551, stack(0x000070000e7e3000,0x000070000e8e3000)]
  0x00007fbf998a2800 JavaThread "AppKit Thread" daemon [_thread_in_native, id=775, stack(0x00007ffeeb17c000,0x00007ffeeb97c000)]
  0x00007fbf99838800 JavaThread "Service Thread" daemon [_thread_blocked, id=20995, stack(0x000070000e5dd000,0x000070000e6dd000)]
  0x00007fbf9b843800 JavaThread "C1 CompilerThread3" daemon [_thread_blocked, id=20483, stack(0x000070000e4da000,0x000070000e5da000)]
  0x00007fbf9b842800 JavaThread "C2 CompilerThread2" daemon [_thread_blocked, id=19971, stack(0x000070000e3d7000,0x000070000e4d7000)]
  0x00007fbf9b864000 JavaThread "C2 CompilerThread1" daemon [_thread_blocked, id=19459, stack(0x000070000e2d4000,0x000070000e3d4000)]
  0x00007fbf9d800000 JavaThread "C2 CompilerThread0" daemon [_thread_blocked, id=18947, stack(0x000070000e1d1000,0x000070000e2d1000)]
  0x00007fbf9c003800 JavaThread "Signal Dispatcher" daemon [_thread_blocked, id=18443, stack(0x000070000e0ce000,0x000070000e1ce000)]
  0x00007fbf9a009800 JavaThread "Finalizer" daemon [_thread_blocked, id=15107, stack(0x000070000dfcb000,0x000070000e0cb000)]
  0x00007fbf9a007000 JavaThread "Reference Handler" daemon [_thread_blocked, id=14595, stack(0x000070000dec8000,0x000070000dfc8000)]

Other Threads:
  0x00007fbf9b85e800 VMThread [stack: 0x000070000ddc5000,0x000070000dec5000] [id=14083]
  0x00007fbf9a00e800 WatcherThread [stack: 0x000070000e6e0000,0x000070000e7e0000] [id=21507]

VM state:not at safepoint (normal execution)

VM Mutex/Monitor currently owned by a thread: None

Heap:
 PSYoungGen      total 76288K, used 18211K [0x000000076ab00000, 0x0000000770000000, 0x00000007c0000000)
  eden space 65536K, 12% used [0x000000076ab00000,0x000000076b2f8d20,0x000000076eb00000)
  from space 10752K, 93% used [0x000000076f580000,0x000000076ff500c8,0x0000000770000000)
  to   space 10752K, 0% used [0x000000076eb00000,0x000000076eb00000,0x000000076f580000)
 ParOldGen       total 175104K, used 11856K [0x00000006c0000000, 0x00000006cab00000, 0x000000076ab00000)
  object space 175104K, 6% used [0x00000006c0000000,0x00000006c0b94380,0x00000006cab00000)
 Metaspace       used 16470K, capacity 16682K, committed 17024K, reserved 1064960K
  class space    used 2013K, capacity 2099K, committed 2176K, reserved 1048576K

Card table byte_map: [0x000000010675d000,0x0000000106f5e000] byte_map_base: 0x000000010315d000

Marking Bits: (ParMarkBitMap*) 0x0000000105cedd20
 Begin Bits: [0x000000011938a000, 0x000000011d38a000)
 End Bits:   [0x000000011d38a000, 0x000000012138a000)

Polling page: 0x0000000104308000

CodeCache: size=245760Kb used=5271Kb max_used=5282Kb free=240488Kb
 bounds [0x000000010a38a000, 0x000000010a8ba000, 0x000000011938a000]
 total_blobs=2193 nmethods=1607 adapters=499
 compilation: enabled

Compilation events (10 events):
Event: 8955.115 Thread 0x00007fbf9b843800 nmethod 1603 0x000000010a8b2f90 code [0x000000010a8b3100, 0x000000010a8b3308]
Event: 8955.115 Thread 0x00007fbf9b843800 1604       3       java.lang.ref.Finalizer::access$000 (4 bytes)
Event: 8955.115 Thread 0x00007fbf9b843800 nmethod 1604 0x000000010a8b2c90 code [0x000000010a8b2de0, 0x000000010a8b2f30]
Event: 8955.117 Thread 0x00007fbf9b864000 nmethod 1601 0x000000010a8b5e90 code [0x000000010a8b6020, 0x000000010a8b7088]
Event: 8955.118 Thread 0x00007fbf9b843800 1605       3       java.util.concurrent.ConcurrentHashMap$ValueIterator::next (34 bytes)
Event: 8955.119 Thread 0x00007fbf9b843800 nmethod 1605 0x000000010a8b2690 code [0x000000010a8b2820, 0x000000010a8b2b58]
Event: 8955.120 Thread 0x00007fbf9b843800 1606       3       java.util.LinkedHashMap$LinkedEntryIterator::next (5 bytes)
Event: 8955.120 Thread 0x00007fbf9b843800 nmethod 1606 0x000000010a8b2190 code [0x000000010a8b2300, 0x000000010a8b25e8]
Event: 8955.120 Thread 0x00007fbf9b843800 1607       3       java.util.LinkedHashMap$LinkedEntryIterator::next (5 bytes)
Event: 8955.120 Thread 0x00007fbf9b843800 nmethod 1607 0x000000010a8b15d0 code [0x000000010a8b1740, 0x000000010a8b1948]

GC Heap History (4 events):
Event: 9.351 GC heap before
{Heap before GC invocations=1 (full 0):
 PSYoungGen      total 76288K, used 65536K [0x000000076ab00000, 0x0000000770000000, 0x00000007c0000000)
  eden space 65536K, 100% used [0x000000076ab00000,0x000000076eb00000,0x000000076eb00000)
  from space 10752K, 0% used [0x000000076f580000,0x000000076f580000,0x0000000770000000)
  to   space 10752K, 0% used [0x000000076eb00000,0x000000076eb00000,0x000000076f580000)
 ParOldGen       total 175104K, used 0K [0x00000006c0000000, 0x00000006cab00000, 0x000000076ab00000)
  object space 175104K, 0% used [0x00000006c0000000,0x00000006c0000000,0x00000006cab00000)
 Metaspace       used 13812K, capacity 14026K, committed 14464K, reserved 1062912K
  class space    used 1727K, capacity 1811K, committed 1920K, reserved 1048576K
Event: 9.358 GC heap after
Heap after GC invocations=1 (full 0):
 PSYoungGen      total 76288K, used 9786K [0x000000076ab00000, 0x0000000770000000, 0x00000007c0000000)
  eden space 65536K, 0% used [0x000000076ab00000,0x000000076ab00000,0x000000076eb00000)
  from space 10752K, 91% used [0x000000076eb00000,0x000000076f48ea30,0x000000076f580000)
  to   space 10752K, 0% used [0x000000076f580000,0x000000076f580000,0x0000000770000000)
 ParOldGen       total 175104K, used 11848K [0x00000006c0000000, 0x00000006cab00000, 0x000000076ab00000)
  object space 175104K, 6% used [0x00000006c0000000,0x00000006c0b92380,0x00000006cab00000)
 Metaspace       used 13812K, capacity 14026K, committed 14464K, reserved 1062912K
  class space    used 1727K, capacity 1811K, committed 1920K, reserved 1048576K
}
Event: 8955.073 GC heap before
{Heap before GC invocations=2 (full 0):
 PSYoungGen      total 76288K, used 69928K [0x000000076ab00000, 0x0000000770000000, 0x00000007c0000000)
  eden space 65536K, 91% used [0x000000076ab00000,0x000000076e5bb5f8,0x000000076eb00000)
  from space 10752K, 91% used [0x000000076eb00000,0x000000076f48ea30,0x000000076f580000)
  to   space 10752K, 0% used [0x000000076f580000,0x000000076f580000,0x0000000770000000)
 ParOldGen       total 175104K, used 11848K [0x00000006c0000000, 0x00000006cab00000, 0x000000076ab00000)
  object space 175104K, 6% used [0x00000006c0000000,0x00000006c0b92380,0x00000006cab00000)
 Metaspace       used 16467K, capacity 16682K, committed 17024K, reserved 1064960K
  class space    used 2013K, capacity 2099K, committed 2176K, reserved 1048576K
Event: 8955.094 GC heap after
Heap after GC invocations=2 (full 0):
 PSYoungGen      total 76288K, used 10048K [0x000000076ab00000, 0x0000000770000000, 0x00000007c0000000)
  eden space 65536K, 0% used [0x000000076ab00000,0x000000076ab00000,0x000000076eb00000)
  from space 10752K, 93% used [0x000000076f580000,0x000000076ff500c8,0x0000000770000000)
  to   space 10752K, 0% used [0x000000076eb00000,0x000000076eb00000,0x000000076f580000)
 ParOldGen       total 175104K, used 11856K [0x00000006c0000000, 0x00000006cab00000, 0x000000076ab00000)
  object space 175104K, 6% used [0x00000006c0000000,0x00000006c0b94380,0x00000006cab00000)
 Metaspace       used 16467K, capacity 16682K, committed 17024K, reserved 1064960K
  class space    used 2013K, capacity 2099K, committed 2176K, reserved 1048576K
}

Deoptimization events (9 events):
Event: 1.645 Thread 0x00007fbf998c5800 Uncommon trap: reason=class_check action=maybe_recompile pc=0x000000010a4ed998 method=java.lang.String.equals(Ljava/lang/Object;)Z @ 8
Event: 2.038 Thread 0x00007fbf998c5800 Uncommon trap: reason=class_check action=maybe_recompile pc=0x000000010a4ed998 method=java.lang.String.equals(Ljava/lang/Object;)Z @ 8
Event: 3.483 Thread 0x00007fbf998c5800 Uncommon trap: reason=class_check action=maybe_recompile pc=0x000000010a4ed998 method=java.lang.String.equals(Ljava/lang/Object;)Z @ 8
Event: 3.483 Thread 0x00007fbf998c5800 Uncommon trap: reason=class_check action=maybe_recompile pc=0x000000010a4ed998 method=java.lang.String.equals(Ljava/lang/Object;)Z @ 8
Event: 9.298 Thread 0x00007fbf998c5800 Uncommon trap: reason=unstable_if action=reinterpret pc=0x000000010a58181c method=java.lang.String.toLowerCase(Ljava/util/Locale;)Ljava/lang/String; @ 22
Event: 9.302 Thread 0x00007fbf998c5800 Uncommon trap: reason=unstable_if action=reinterpret pc=0x000000010a73dc1c method=java.security.AccessControlContext.optimize()Ljava/security/AccessControlContext; @ 220
Event: 9.302 Thread 0x00007fbf9a206000 Uncommon trap: reason=unstable_if action=reinterpret pc=0x000000010a57272c method=java.lang.String.indexOf([CII[CIII)I @ 3
Event: 9.463 Thread 0x00007fbf998c5800 Uncommon trap: reason=unstable_if action=reinterpret pc=0x000000010a7f6e10 method=java.util.Properties$LineReader.readLine()I @ 174
Event: 9.464 Thread 0x00007fbf998c5800 Uncommon trap: reason=class_check action=maybe_recompile pc=0x000000010a794744 method=java.util.Properties$LineReader.readLine()I @ 62

Internal exceptions (10 events):
Event: 0.027 Thread 0x00007fbf9b802000 Exception <a 'java/lang/NoSuchMethodError': Method sun.misc.Unsafe.prefetchRead(Ljava/lang/Object;J)V name or signature does not match> (0x000000076ab07fa8) thrown at [/HUDSON3/workspace/8-2-build-macosx-x86_64/jdk8u101/7261/hotspot/src/share/vm/prims/jni
Event: 0.085 Thread 0x00007fbf9b802000 Exception <a 'java/security/PrivilegedActionException'> (0x000000076ab904f0) thrown at [/HUDSON3/workspace/8-2-build-macosx-x86_64/jdk8u101/7261/hotspot/src/share/vm/prims/jvm.cpp, line 1386]
Event: 0.085 Thread 0x00007fbf9b802000 Exception <a 'java/security/PrivilegedActionException'> (0x000000076ab90700) thrown at [/HUDSON3/workspace/8-2-build-macosx-x86_64/jdk8u101/7261/hotspot/src/share/vm/prims/jvm.cpp, line 1386]
Event: 0.086 Thread 0x00007fbf9b802000 Exception <a 'java/security/PrivilegedActionException'> (0x000000076ab93a08) thrown at [/HUDSON3/workspace/8-2-build-macosx-x86_64/jdk8u101/7261/hotspot/src/share/vm/prims/jvm.cpp, line 1386]
Event: 0.086 Thread 0x00007fbf9b802000 Exception <a 'java/security/PrivilegedActionException'> (0x000000076ab93c18) thrown at [/HUDSON3/workspace/8-2-build-macosx-x86_64/jdk8u101/7261/hotspot/src/share/vm/prims/jvm.cpp, line 1386]
Event: 0.121 Thread 0x00007fbf9b802000 Exception <a 'java/lang/NoSuchFieldError': method resolution failed> (0x000000076adb5f70) thrown at [/HUDSON3/workspace/8-2-build-macosx-x86_64/jdk8u101/7261/hotspot/src/share/vm/prims/methodHandles.cpp, line 1146]
Event: 0.122 Thread 0x00007fbf9b802000 Exception <a 'java/lang/NoSuchFieldError': method resolution failed> (0x000000076adc3740) thrown at [/HUDSON3/workspace/8-2-build-macosx-x86_64/jdk8u101/7261/hotspot/src/share/vm/prims/methodHandles.cpp, line 1146]
Event: 0.212 Thread 0x00007fbf9b802000 Exception <a 'java/io/FileNotFoundException'> (0x000000076ae3e0e8) thrown at [/HUDSON3/workspace/8-2-build-macosx-x86_64/jdk8u101/7261/hotspot/src/share/vm/prims/jni.cpp, line 709]
Event: 0.212 Thread 0x00007fbf9b802000 Exception <a 'java/io/FileNotFoundException'> (0x000000076ae3ec48) thrown at [/HUDSON3/workspace/8-2-build-macosx-x86_64/jdk8u101/7261/hotspot/src/share/vm/prims/jni.cpp, line 709]
Event: 0.233 Thread 0x00007fbf998c5800 Exception <a 'java/io/FileNotFoundException'> (0x000000076b02e4f0) thrown at [/HUDSON3/workspace/8-2-build-macosx-x86_64/jdk8u101/7261/hotspot/src/share/vm/prims/jni.cpp, line 709]

Events (10 events):
Event: 8955.111 Executing VM operation: RevokeBias
Event: 8955.111 Executing VM operation: RevokeBias done
Event: 8955.114 Executing VM operation: RevokeBias
Event: 8955.114 Executing VM operation: RevokeBias done
Event: 8955.114 Executing VM operation: RevokeBias
Event: 8955.114 Executing VM operation: RevokeBias done
Event: 8955.114 Executing VM operation: RevokeBias
Event: 8955.115 Executing VM operation: RevokeBias done
Event: 8955.115 Executing VM operation: RevokeBias
Event: 8955.115 Executing VM operation: RevokeBias done


Dynamic libraries:
0x0000000025a88000 	/System/Library/Frameworks/Cocoa.framework/Versions/A/Cocoa
0x0000000025a88000 	/System/Library/Frameworks/Security.framework/Versions/A/Security
0x0000000025a88000 	/System/Library/Frameworks/ApplicationServices.framework/Versions/A/ApplicationServices
0x0000000025a88000 	/usr/lib/libz.1.dylib
0x0000000025a88000 	/usr/lib/libSystem.B.dylib
0x0000000025a88000 	/usr/lib/libobjc.A.dylib
0x0000000025a88000 	/System/Library/Frameworks/CoreFoundation.framework/Versions/A/CoreFoundation
0x0000000025a88000 	/System/Library/Frameworks/Foundation.framework/Versions/C/Foundation
0x0000000025a88000 	/System/Library/Frameworks/AppKit.framework/Versions/C/AppKit
0x0000000025a88000 	/System/Library/Frameworks/CoreData.framework/Versions/A/CoreData
0x0000000025a88000 	/System/Library/PrivateFrameworks/RemoteViewServices.framework/Versions/A/RemoteViewServices
0x0000000025a88000 	/System/Library/PrivateFrameworks/UIFoundation.framework/Versions/A/UIFoundation
0x0000000025a88000 	/System/Library/PrivateFrameworks/DFRFoundation.framework/Versions/A/DFRFoundation
0x0000000025a88000 	/System/Library/Frameworks/Metal.framework/Versions/A/Metal
0x0000000025a88000 	/System/Library/PrivateFrameworks/DesktopServicesPriv.framework/Versions/A/DesktopServicesPriv
0x0000000025a88000 	/usr/lib/libenergytrace.dylib
0x0000000025a88000 	/System/Library/PrivateFrameworks/SkyLight.framework/Versions/A/SkyLight
0x0000000025a88000 	/System/Library/Frameworks/CoreGraphics.framework/Versions/A/CoreGraphics
0x0000000025a88000 	/usr/lib/libScreenReader.dylib
0x0000000025a88000 	/System/Library/Frameworks/Accelerate.framework/Versions/A/Accelerate
0x0000000025a88000 	/System/Library/Frameworks/IOSurface.framework/Versions/A/IOSurface
0x0000000025a88000 	/System/Library/Frameworks/AudioToolbox.framework/Versions/A/AudioToolbox
0x0000000025a88000 	/System/Library/Frameworks/AudioUnit.framework/Versions/A/AudioUnit
0x0000000025a88000 	/System/Library/PrivateFrameworks/DataDetectorsCore.framework/Versions/A/DataDetectorsCore
0x0000000025a88000 	/System/Library/Frameworks/Carbon.framework/Versions/A/Frameworks/HIToolbox.framework/Versions/A/HIToolbox
0x0000000025a88000 	/usr/lib/libicucore.A.dylib
0x0000000025a88000 	/System/Library/Frameworks/QuartzCore.framework/Versions/A/QuartzCore
0x0000000025a88000 	/System/Library/Frameworks/Carbon.framework/Versions/A/Frameworks/SpeechRecognition.framework/Versions/A/SpeechRecognition
0x0000000025a88000 	/usr/lib/libauto.dylib
0x0000000025a88000 	/usr/lib/libxml2.2.dylib
0x0000000025a88000 	/System/Library/PrivateFrameworks/CoreUI.framework/Versions/A/CoreUI
0x0000000025a88000 	/System/Library/Frameworks/CoreAudio.framework/Versions/A/CoreAudio
0x0000000025a88000 	/System/Library/Frameworks/DiskArbitration.framework/Versions/A/DiskArbitration
0x0000000025a88000 	/usr/lib/liblangid.dylib
0x0000000025a88000 	/System/Library/PrivateFrameworks/MultitouchSupport.framework/Versions/A/MultitouchSupport
0x0000000025a88000 	/System/Library/Frameworks/IOKit.framework/Versions/A/IOKit
0x0000000025a88000 	/usr/lib/libDiagnosticMessagesClient.dylib
0x0000000025a88000 	/System/Library/Frameworks/CoreServices.framework/Versions/A/CoreServices
0x0000000025a88000 	/System/Library/PrivateFrameworks/PerformanceAnalysis.framework/Versions/A/PerformanceAnalysis
0x0000000025a88000 	/System/Library/Frameworks/OpenGL.framework/Versions/A/OpenGL
0x0000000025a88000 	/System/Library/Frameworks/ColorSync.framework/Versions/A/ColorSync
0x0000000025a88000 	/System/Library/Frameworks/CoreImage.framework/Versions/A/CoreImage
0x0000000025a88000 	/System/Library/Frameworks/CoreText.framework/Versions/A/CoreText
0x0000000025a88000 	/System/Library/Frameworks/ImageIO.framework/Versions/A/ImageIO
0x0000000025a88000 	/System/Library/PrivateFrameworks/Backup.framework/Versions/A/Backup
0x0000000025a88000 	/usr/lib/libarchive.2.dylib
0x0000000025a88000 	/System/Library/Frameworks/CFNetwork.framework/Versions/A/CFNetwork
0x0000000025a88000 	/System/Library/Frameworks/SystemConfiguration.framework/Versions/A/SystemConfiguration
0x0000000025a88000 	/usr/lib/libCRFSuite.dylib
0x0000000025a88000 	/usr/lib/libc++.1.dylib
0x0000000025a88000 	/usr/lib/libc++abi.dylib
0x0000000025a88000 	/usr/lib/system/libcache.dylib
0x0000000025a88000 	/usr/lib/system/libcommonCrypto.dylib
0x0000000025a88000 	/usr/lib/system/libcompiler_rt.dylib
0x0000000025a88000 	/usr/lib/system/libcopyfile.dylib
0x0000000025a88000 	/usr/lib/system/libcorecrypto.dylib
0x0000000025a88000 	/usr/lib/system/libdispatch.dylib
0x0000000025a88000 	/usr/lib/system/libdyld.dylib
0x0000000025a88000 	/usr/lib/system/libkeymgr.dylib
0x0000000025a88000 	/usr/lib/system/liblaunch.dylib
0x0000000025a88000 	/usr/lib/system/libmacho.dylib
0x0000000025a88000 	/usr/lib/system/libquarantine.dylib
0x0000000025a88000 	/usr/lib/system/libremovefile.dylib
0x0000000025a88000 	/usr/lib/system/libsystem_asl.dylib
0x0000000025a88000 	/usr/lib/system/libsystem_blocks.dylib
0x0000000025a88000 	/usr/lib/system/libsystem_c.dylib
0x0000000025a88000 	/usr/lib/system/libsystem_configuration.dylib
0x0000000025a88000 	/usr/lib/system/libsystem_coreservices.dylib
0x0000000025a88000 	/usr/lib/system/libsystem_darwin.dylib
0x0000000025a88000 	/usr/lib/system/libsystem_dnssd.dylib
0x0000000025a88000 	/usr/lib/system/libsystem_info.dylib
0x0000000025a88000 	/usr/lib/system/libsystem_m.dylib
0x0000000025a88000 	/usr/lib/system/libsystem_malloc.dylib
0x0000000025a88000 	/usr/lib/system/libsystem_network.dylib
0x0000000025a88000 	/usr/lib/system/libsystem_networkextension.dylib
0x0000000025a88000 	/usr/lib/system/libsystem_notify.dylib
0x0000000025a88000 	/usr/lib/system/libsystem_sandbox.dylib
0x0000000025a88000 	/usr/lib/system/libsystem_secinit.dylib
0x0000000025a88000 	/usr/lib/system/libsystem_kernel.dylib
0x0000000025a88000 	/usr/lib/system/libsystem_platform.dylib
0x0000000025a88000 	/usr/lib/system/libsystem_pthread.dylib
0x0000000025a88000 	/usr/lib/system/libsystem_symptoms.dylib
0x0000000025a88000 	/usr/lib/system/libsystem_trace.dylib
0x0000000025a88000 	/usr/lib/system/libunwind.dylib
0x0000000025a88000 	/usr/lib/system/libxpc.dylib
0x0000000025a88000 	/usr/lib/closure/libclosured.dylib
0x0000000025a88000 	/usr/lib/libbsm.0.dylib
0x0000000025a88000 	/usr/lib/system/libkxld.dylib
0x0000000025a88000 	/usr/lib/libOpenScriptingUtil.dylib
0x0000000025a88000 	/usr/lib/libcoretls.dylib
0x0000000025a88000 	/usr/lib/libcoretls_cfhelpers.dylib
0x0000000025a88000 	/usr/lib/libpam.2.dylib
0x0000000025a88000 	/usr/lib/libsqlite3.dylib
0x0000000025a88000 	/usr/lib/libxar.1.dylib
0x0000000025a88000 	/usr/lib/libbz2.1.0.dylib
0x0000000025a88000 	/usr/lib/liblzma.5.dylib
0x0000000025a88000 	/usr/lib/libnetwork.dylib
0x0000000025a88000 	/usr/lib/libapple_nghttp2.dylib
0x0000000025a88000 	/usr/lib/libpcap.A.dylib
0x0000000025a88000 	/usr/lib/libboringssl.dylib
0x0000000025a88000 	/usr/lib/libusrtcp.dylib
0x0000000025a88000 	/usr/lib/libapple_crypto.dylib
0x0000000025a88000 	/System/Library/Frameworks/CoreServices.framework/Versions/A/Frameworks/FSEvents.framework/Versions/A/FSEvents
0x0000000025a88000 	/System/Library/Frameworks/CoreServices.framework/Versions/A/Frameworks/CarbonCore.framework/Versions/A/CarbonCore
0x0000000025a88000 	/System/Library/Frameworks/CoreServices.framework/Versions/A/Frameworks/Metadata.framework/Versions/A/Metadata
0x0000000025a88000 	/System/Library/Frameworks/CoreServices.framework/Versions/A/Frameworks/OSServices.framework/Versions/A/OSServices
0x0000000025a88000 	/System/Library/Frameworks/CoreServices.framework/Versions/A/Frameworks/SearchKit.framework/Versions/A/SearchKit
0x0000000025a88000 	/System/Library/Frameworks/CoreServices.framework/Versions/A/Frameworks/AE.framework/Versions/A/AE
0x0000000025a88000 	/System/Library/Frameworks/CoreServices.framework/Versions/A/Frameworks/LaunchServices.framework/Versions/A/LaunchServices
0x0000000025a88000 	/System/Library/Frameworks/CoreServices.framework/Versions/A/Frameworks/DictionaryServices.framework/Versions/A/DictionaryServices
0x0000000025a88000 	/System/Library/Frameworks/CoreServices.framework/Versions/A/Frameworks/SharedFileList.framework/Versions/A/SharedFileList
0x0000000025a88000 	/System/Library/Frameworks/NetFS.framework/Versions/A/NetFS
0x0000000025a88000 	/System/Library/PrivateFrameworks/NetAuth.framework/Versions/A/NetAuth
0x0000000025a88000 	/System/Library/PrivateFrameworks/login.framework/Versions/A/Frameworks/loginsupport.framework/Versions/A/loginsupport
0x0000000025a88000 	/System/Library/PrivateFrameworks/TCC.framework/Versions/A/TCC
0x0000000025a88000 	/usr/lib/libmecabra.dylib
0x0000000025a88000 	/System/Library/Frameworks/ApplicationServices.framework/Versions/A/Frameworks/ATS.framework/Versions/A/ATS
0x0000000025a88000 	/System/Library/Frameworks/ApplicationServices.framework/Versions/A/Frameworks/ColorSyncLegacy.framework/Versions/A/ColorSyncLegacy
0x0000000025a88000 	/System/Library/Frameworks/ApplicationServices.framework/Versions/A/Frameworks/HIServices.framework/Versions/A/HIServices
0x0000000025a88000 	/System/Library/Frameworks/ApplicationServices.framework/Versions/A/Frameworks/LangAnalysis.framework/Versions/A/LangAnalysis
0x0000000025a88000 	/System/Library/Frameworks/ApplicationServices.framework/Versions/A/Frameworks/PrintCore.framework/Versions/A/PrintCore
0x0000000025a88000 	/System/Library/Frameworks/ApplicationServices.framework/Versions/A/Frameworks/QD.framework/Versions/A/QD
0x0000000025a88000 	/System/Library/Frameworks/ApplicationServices.framework/Versions/A/Frameworks/SpeechSynthesis.framework/Versions/A/SpeechSynthesis
0x0000000025a88000 	/System/Library/Frameworks/CoreDisplay.framework/Versions/A/CoreDisplay
0x0000000025a88000 	/System/Library/Frameworks/Accelerate.framework/Versions/A/Frameworks/vImage.framework/Versions/A/vImage
0x0000000025a88000 	/System/Library/Frameworks/Accelerate.framework/Versions/A/Frameworks/vecLib.framework/Versions/A/vecLib
0x0000000025a88000 	/System/Library/Frameworks/Accelerate.framework/Versions/A/Frameworks/vecLib.framework/Versions/A/libvDSP.dylib
0x0000000025a88000 	/System/Library/Frameworks/Accelerate.framework/Versions/A/Frameworks/vecLib.framework/Versions/A/libBNNS.dylib
0x0000000025a88000 	/System/Library/Frameworks/Accelerate.framework/Versions/A/Frameworks/vecLib.framework/Versions/A/libQuadrature.dylib
0x0000000025a88000 	/System/Library/Frameworks/Accelerate.framework/Versions/A/Frameworks/vecLib.framework/Versions/A/libvMisc.dylib
0x0000000025a88000 	/System/Library/Frameworks/Accelerate.framework/Versions/A/Frameworks/vecLib.framework/Versions/A/libLAPACK.dylib
0x0000000025a88000 	/System/Library/Frameworks/Accelerate.framework/Versions/A/Frameworks/vecLib.framework/Versions/A/libBLAS.dylib
0x0000000025a88000 	/System/Library/Frameworks/Accelerate.framework/Versions/A/Frameworks/vecLib.framework/Versions/A/libLinearAlgebra.dylib
0x0000000025a88000 	/System/Library/Frameworks/Accelerate.framework/Versions/A/Frameworks/vecLib.framework/Versions/A/libSparse.dylib
0x0000000025a88000 	/System/Library/Frameworks/Accelerate.framework/Versions/A/Frameworks/vecLib.framework/Versions/A/libSparseBLAS.dylib
0x0000000025a88000 	/System/Library/PrivateFrameworks/IOAccelerator.framework/Versions/A/IOAccelerator
0x0000000025a88000 	/System/Library/PrivateFrameworks/IOPresentment.framework/Versions/A/IOPresentment
0x0000000025a88000 	/System/Library/PrivateFrameworks/DSExternalDisplay.framework/Versions/A/DSExternalDisplay
0x0000000025a88000 	/System/Library/Frameworks/OpenGL.framework/Versions/A/Libraries/libCoreFSCache.dylib
0x0000000025a88000 	/System/Library/Frameworks/CoreVideo.framework/Versions/A/CoreVideo
0x0000000025a88000 	/System/Library/PrivateFrameworks/GraphVisualizer.framework/Versions/A/GraphVisualizer
0x0000000025a88000 	/System/Library/Frameworks/MetalPerformanceShaders.framework/Versions/A/MetalPerformanceShaders
0x0000000025a88000 	/usr/lib/libFosl_dynamic.dylib
0x0000000025a88000 	/System/Library/PrivateFrameworks/FaceCore.framework/Versions/A/FaceCore
0x0000000025a88000 	/System/Library/Frameworks/OpenCL.framework/Versions/A/OpenCL
0x0000000025a88000 	/usr/lib/libcompression.dylib
0x0000000025a88000 	/System/Library/Frameworks/ApplicationServices.framework/Versions/A/Frameworks/ATS.framework/Versions/A/Resources/libFontParser.dylib
0x0000000025a88000 	/System/Library/Frameworks/ApplicationServices.framework/Versions/A/Frameworks/ATS.framework/Versions/A/Resources/libFontRegistry.dylib
0x0000000025a88000 	/System/Library/Frameworks/ImageIO.framework/Versions/A/Resources/libJPEG.dylib
0x0000000025a88000 	/System/Library/Frameworks/ImageIO.framework/Versions/A/Resources/libTIFF.dylib
0x0000000025a88000 	/System/Library/Frameworks/ImageIO.framework/Versions/A/Resources/libPng.dylib
0x0000000025a88000 	/System/Library/Frameworks/ImageIO.framework/Versions/A/Resources/libGIF.dylib
0x0000000025a88000 	/System/Library/Frameworks/ImageIO.framework/Versions/A/Resources/libJP2.dylib
0x0000000025a88000 	/System/Library/Frameworks/ImageIO.framework/Versions/A/Resources/libRadiance.dylib
0x0000000025a88000 	/System/Library/PrivateFrameworks/AppleJPEG.framework/Versions/A/AppleJPEG
0x0000000025a88000 	/System/Library/PrivateFrameworks/MetalTools.framework/Versions/A/MetalTools
0x0000000025a88000 	/System/Library/Frameworks/MetalPerformanceShaders.framework/Frameworks/MPSCore.framework/Versions/A/MPSCore
0x0000000025a88000 	/System/Library/Frameworks/MetalPerformanceShaders.framework/Frameworks/MPSImage.framework/Versions/A/MPSImage
0x0000000025a88000 	/System/Library/Frameworks/MetalPerformanceShaders.framework/Frameworks/MPSMatrix.framework/Versions/A/MPSMatrix
0x0000000025a88000 	/System/Library/Frameworks/MetalPerformanceShaders.framework/Frameworks/MPSNeuralNetwork.framework/Versions/A/MPSNeuralNetwork
0x0000000025a88000 	/System/Library/Frameworks/OpenGL.framework/Versions/A/Libraries/libGLU.dylib
0x0000000025a88000 	/System/Library/Frameworks/OpenGL.framework/Versions/A/Libraries/libGFXShared.dylib
0x0000000025a88000 	/System/Library/Frameworks/OpenGL.framework/Versions/A/Libraries/libGL.dylib
0x0000000025a88000 	/System/Library/Frameworks/OpenGL.framework/Versions/A/Libraries/libGLImage.dylib
0x0000000025a88000 	/System/Library/Frameworks/OpenGL.framework/Versions/A/Libraries/libCVMSPluginSupport.dylib
0x0000000025a88000 	/System/Library/Frameworks/OpenGL.framework/Versions/A/Libraries/libCoreVMClient.dylib
0x0000000025a88000 	/usr/lib/libcups.2.dylib
0x0000000025a88000 	/System/Library/Frameworks/Kerberos.framework/Versions/A/Kerberos
0x0000000025a88000 	/System/Library/Frameworks/GSS.framework/Versions/A/GSS
0x0000000025a88000 	/usr/lib/libresolv.9.dylib
0x0000000025a88000 	/usr/lib/libiconv.2.dylib
0x0000000025a88000 	/System/Library/PrivateFrameworks/Heimdal.framework/Versions/A/Heimdal
0x0000000025a88000 	/usr/lib/libheimdal-asn1.dylib
0x0000000025a88000 	/System/Library/Frameworks/OpenDirectory.framework/Versions/A/OpenDirectory
0x0000000025a88000 	/System/Library/PrivateFrameworks/CommonAuth.framework/Versions/A/CommonAuth
0x0000000025a88000 	/System/Library/Frameworks/OpenDirectory.framework/Versions/A/Frameworks/CFOpenDirectory.framework/Versions/A/CFOpenDirectory
0x0000000025a88000 	/System/Library/Frameworks/SecurityFoundation.framework/Versions/A/SecurityFoundation
0x0000000025a88000 	/System/Library/PrivateFrameworks/APFS.framework/Versions/A/APFS
0x0000000025a88000 	/usr/lib/libutil.dylib
0x0000000025a88000 	/System/Library/PrivateFrameworks/AppleSauce.framework/Versions/A/AppleSauce
0x0000000025a88000 	/System/Library/PrivateFrameworks/LinguisticData.framework/Versions/A/LinguisticData
0x0000000025a88000 	/usr/lib/libmarisa.dylib
0x0000000025a88000 	/System/Library/PrivateFrameworks/Lexicon.framework/Versions/A/Lexicon
0x0000000025a88000 	/usr/lib/libChineseTokenizer.dylib
0x0000000025a88000 	/usr/lib/libcmph.dylib
0x0000000025a88000 	/System/Library/PrivateFrameworks/LanguageModeling.framework/Versions/A/LanguageModeling
0x0000000025a88000 	/System/Library/PrivateFrameworks/CoreEmoji.framework/Versions/A/CoreEmoji
0x0000000025a88000 	/System/Library/Frameworks/ServiceManagement.framework/Versions/A/ServiceManagement
0x0000000025a88000 	/System/Library/PrivateFrameworks/BackgroundTaskManagement.framework/Versions/A/BackgroundTaskManagement
0x0000000025a88000 	/usr/lib/libxslt.1.dylib
0x0000000025a88000 	/System/Library/Frameworks/Carbon.framework/Versions/A/Frameworks/Ink.framework/Versions/A/Ink
0x0000000025a88000 	/System/Library/PrivateFrameworks/TextureIO.framework/Versions/A/TextureIO
0x0000000025a88000 	/usr/lib/libate.dylib
0x0000000025a88000 	/System/Library/PrivateFrameworks/CrashReporterSupport.framework/Versions/A/CrashReporterSupport
0x0000000025a88000 	/System/Library/PrivateFrameworks/Sharing.framework/Versions/A/Sharing
0x0000000025a88000 	/System/Library/PrivateFrameworks/IconServices.framework/Versions/A/IconServices
0x0000000025a88000 	/System/Library/PrivateFrameworks/ProtocolBuffer.framework/Versions/A/ProtocolBuffer
0x0000000025a88000 	/System/Library/PrivateFrameworks/Apple80211.framework/Versions/A/Apple80211
0x0000000025a88000 	/System/Library/Frameworks/CoreWLAN.framework/Versions/A/CoreWLAN
0x0000000025a88000 	/System/Library/PrivateFrameworks/CoreUtils.framework/Versions/A/CoreUtils
0x0000000025a88000 	/System/Library/Frameworks/IOBluetooth.framework/Versions/A/IOBluetooth
0x0000000025a88000 	/System/Library/PrivateFrameworks/CoreWiFi.framework/Versions/A/CoreWiFi
0x0000000025a88000 	/System/Library/Frameworks/CoreBluetooth.framework/Versions/A/CoreBluetooth
0x0000000025a88000 	/System/Library/PrivateFrameworks/SignpostNotification.framework/Versions/A/SignpostNotification
0x0000000025a88000 	/System/Library/PrivateFrameworks/DebugSymbols.framework/Versions/A/DebugSymbols
0x0000000025a88000 	/System/Library/PrivateFrameworks/CoreSymbolication.framework/Versions/A/CoreSymbolication
0x0000000025a88000 	/System/Library/PrivateFrameworks/Symbolication.framework/Versions/A/Symbolication
0x0000000025a88000 	/System/Library/PrivateFrameworks/AppleFSCompression.framework/Versions/A/AppleFSCompression
0x0000000025a88000 	/System/Library/PrivateFrameworks/SpeechRecognitionCore.framework/Versions/A/SpeechRecognitionCore
0x0000000105400000 	/Library/Java/JavaVirtualMachines/jdk1.8.0_101.jdk/Contents/Home/jre/lib/server/libjvm.dylib
0x0000000025a88000 	/usr/lib/libstdc++.6.0.9.dylib
0x00000001042c5000 	/Library/Java/JavaVirtualMachines/jdk1.8.0_101.jdk/Contents/Home/jre/lib/libverify.dylib
0x00000001042d3000 	/Library/Java/JavaVirtualMachines/jdk1.8.0_101.jdk/Contents/Home/jre/lib/libjava.dylib
0x0000000104352000 	/Library/Java/JavaVirtualMachines/jdk1.8.0_101.jdk/Contents/Home/jre/lib/libzip.dylib
0x0000000025a88000 	/System/Library/Frameworks/JavaVM.framework/Versions/A/Frameworks/JavaRuntimeSupport.framework/Versions/A/JavaRuntimeSupport
0x0000000025a88000 	/System/Library/Frameworks/JavaVM.framework/Versions/A/Frameworks/JavaNativeFoundation.framework/Versions/A/JavaNativeFoundation
0x0000000025a88000 	/System/Library/Frameworks/JavaVM.framework/Versions/A/JavaVM
0x0000000025a88000 	/System/Library/Frameworks/Carbon.framework/Versions/A/Carbon
0x0000000025a88000 	/System/Library/PrivateFrameworks/JavaLaunching.framework/Versions/A/JavaLaunching
0x0000000025a88000 	/System/Library/Frameworks/Carbon.framework/Versions/A/Frameworks/CommonPanels.framework/Versions/A/CommonPanels
0x0000000025a88000 	/System/Library/Frameworks/Carbon.framework/Versions/A/Frameworks/Help.framework/Versions/A/Help
0x0000000025a88000 	/System/Library/Frameworks/Carbon.framework/Versions/A/Frameworks/ImageCapture.framework/Versions/A/ImageCapture
0x0000000025a88000 	/System/Library/Frameworks/Carbon.framework/Versions/A/Frameworks/OpenScripting.framework/Versions/A/OpenScripting
0x0000000025a88000 	/System/Library/Frameworks/Carbon.framework/Versions/A/Frameworks/Print.framework/Versions/A/Print
0x0000000025a88000 	/System/Library/Frameworks/Carbon.framework/Versions/A/Frameworks/SecurityHI.framework/Versions/A/SecurityHI
0x0000000122e3c000 	/Library/Java/JavaVirtualMachines/jdk1.8.0_101.jdk/Contents/Home/jre/lib/libawt.dylib
0x0000000122ee4000 	/Library/Java/JavaVirtualMachines/jdk1.8.0_101.jdk/Contents/Home/jre/lib/./libmlib_image.dylib
0x0000000122fb0000 	/Library/Java/JavaVirtualMachines/jdk1.8.0_101.jdk/Contents/Home/jre/lib/libawt_lwawt.dylib
0x000000010a2ca000 	/Library/Java/JavaVirtualMachines/jdk1.8.0_101.jdk/Contents/Home/jre/lib/./libosxapp.dylib
0x0000000025a88000 	/System/Library/Frameworks/ExceptionHandling.framework/Versions/A/ExceptionHandling
0x0000000025a88000 	/System/Library/PrivateFrameworks/CoreServicesInternal.framework/Versions/A/CoreServicesInternal
0x0000000025a88000 	/System/Library/CoreServices/RawCamera.bundle/Contents/MacOS/RawCamera
0x0000000025a88000 	/System/Library/PrivateFrameworks/MobileAsset.framework/Versions/A/MobileAsset
0x0000000025a88000 	/System/Library/PrivateFrameworks/StreamingZip.framework/Versions/A/StreamingZip
0x0000000025a88000 	/System/Library/Frameworks/MediaToolbox.framework/Versions/A/MediaToolbox
0x0000000025a88000 	/System/Library/PrivateFrameworks/CoreAVCHD.framework/Versions/A/CoreAVCHD
0x0000000025a88000 	/System/Library/Frameworks/MediaAccessibility.framework/Versions/A/MediaAccessibility
0x0000000025a88000 	/System/Library/PrivateFrameworks/Mangrove.framework/Versions/A/Mangrove
0x0000000025a88000 	/System/Library/Frameworks/CoreMedia.framework/Versions/A/CoreMedia
0x0000000025a88000 	/System/Library/Frameworks/VideoToolbox.framework/Versions/A/VideoToolbox
0x0000000025a88000 	/System/Library/PrivateFrameworks/CoreAUC.framework/Versions/A/CoreAUC
0x0000000025a88000 	/usr/lib/libspindump.dylib
0x0000000025a88000 	/usr/lib/libdscsym.dylib
0x0000000025a88000 	/System/Library/PrivateFrameworks/AppleVA.framework/Versions/A/AppleVA
0x0000000025a88000 	/System/Library/Frameworks/Accelerate.framework/Versions/A/Frameworks/vImage.framework/Versions/A/Libraries/libCGInterfaces.dylib
0x0000000025a88000 	/System/Library/PrivateFrameworks/FamilyControls.framework/Versions/A/FamilyControls
0x0000000025a88000 	/System/Library/PrivateFrameworks/CommerceKit.framework/Versions/A/Frameworks/CommerceCore.framework/Versions/A/CommerceCore
0x0000000025a88000 	/System/Library/PrivateFrameworks/SystemAdministration.framework/Versions/A/SystemAdministration
0x0000000025a88000 	/System/Library/PrivateFrameworks/AppContainer.framework/Versions/A/AppContainer
0x0000000025a88000 	/System/Library/PrivateFrameworks/SecCodeWrapper.framework/Versions/A/SecCodeWrapper
0x0000000025a88000 	/System/Library/PrivateFrameworks/DiskManagement.framework/Versions/A/DiskManagement
0x0000000025a88000 	/System/Library/Frameworks/DirectoryService.framework/Versions/A/DirectoryService
0x0000000025a88000 	/System/Library/PrivateFrameworks/DiskImages.framework/Versions/A/DiskImages
0x0000000025a88000 	/System/Library/PrivateFrameworks/LoginUIKit.framework/Versions/A/Frameworks/LoginUICore.framework/Versions/A/LoginUICore
0x0000000025a88000 	/usr/lib/libCoreStorage.dylib
0x0000000025a88000 	/usr/lib/libcsfde.dylib
0x0000000025a88000 	/usr/lib/libodfde.dylib
0x0000000025a88000 	/System/Library/PrivateFrameworks/MediaKit.framework/Versions/A/MediaKit
0x0000000025a88000 	/System/Library/Frameworks/DiscRecording.framework/Versions/A/DiscRecording
0x0000000025a88000 	/System/Library/PrivateFrameworks/EFILogin.framework/Versions/A/EFILogin
0x0000000025a88000 	/System/Library/PrivateFrameworks/ProtectedCloudStorage.framework/Versions/A/ProtectedCloudStorage
0x0000000025a88000 	/usr/lib/libcurl.4.dylib
0x0000000025a88000 	/usr/lib/libcrypto.35.dylib
0x0000000025a88000 	/usr/lib/libssl.35.dylib
0x0000000025a88000 	/System/Library/Frameworks/LDAP.framework/Versions/A/LDAP
0x0000000025a88000 	/System/Library/PrivateFrameworks/TrustEvaluationAgent.framework/Versions/A/TrustEvaluationAgent
0x0000000025a88000 	/usr/lib/libsasl2.2.dylib
0x0000000025a88000 	/System/Library/PrivateFrameworks/CoreDaemon.framework/Versions/B/CoreDaemon
0x0000000025a88000 	/System/Library/PrivateFrameworks/AppleSRP.framework/Versions/A/AppleSRP
0x0000000124585000 	/Library/Java/JavaVirtualMachines/jdk1.8.0_101.jdk/Contents/Home/jre/lib/libfontmanager.dylib
0x0000000025a88000 	/System/Library/Frameworks/ApplicationServices.framework/Versions/A/Frameworks/ATS.framework/Versions/A/Resources/libTrueTypeScaler.dylib
0x0000000025a88000 	/System/Library/Frameworks/OpenGL.framework/Versions/A/Resources/GLEngine.bundle/GLEngine
0x0000000025a88000 	/System/Library/Frameworks/OpenGL.framework/Versions/A/Libraries/libGLProgrammability.dylib
0x000000012520d000 	/System/Library/Extensions/AppleIntelHD5000GraphicsGLDriver.bundle/Contents/MacOS/AppleIntelHD5000GraphicsGLDriver
0x0000000025a88000 	/System/Library/PrivateFrameworks/GPUSupport.framework/Versions/A/Libraries/libGPUSupportMercury.dylib
0x0000000125977000 	/System/Library/Extensions/AMDRadeonX4000GLDriver.bundle/Contents/MacOS/AMDRadeonX4000GLDriver
0x0000000025a88000 	/System/Library/Extensions/AMDRadeonX4000GLDriver.bundle/Contents/MacOS/ATIRadeonX4000SCLib.dylib
0x0000000025a88000 	/System/Library/Frameworks/OpenGL.framework/Versions/A/Resources/GLRendererFloat.bundle/GLRendererFloat
0x0000000025a88000 	/System/Library/Frameworks/OpenCL.framework/Versions/A/Libraries/libcldcpuengine.dylib
0x0000000025a88000 	/System/Library/Extensions/AppleIntelHD5000GraphicsMTLDriver.bundle/Contents/MacOS/AppleIntelHD5000GraphicsMTLDriver
0x0000000125ab4000 	/System/Library/Extensions/AMDMTLBronzeDriver.bundle/Contents/MacOS/AMDMTLBronzeDriver
0x0000000025a88000 	/System/Library/PrivateFrameworks/IOAccelMemoryInfo.framework/Versions/A/IOAccelMemoryInfo
0x0000000025a88000 	/System/Library/PrivateFrameworks/GPUCompiler.framework/Versions/3802/Libraries/libmetal_timestamp.dylib
0x0000000126062000 	/Library/Java/JavaVirtualMachines/jdk1.8.0_101.jdk/Contents/Home/jre/lib/libosxui.dylib
0x0000000025a88000 	/System/Library/PrivateFrameworks/ViewBridge.framework/Versions/A/ViewBridge
0x0000000127bc1000 	/Library/Java/JavaVirtualMachines/jdk1.8.0_101.jdk/Contents/Home/jre/lib/libnet.dylib
0x000000012b2a1000 	/Library/Java/JavaVirtualMachines/jdk1.8.0_101.jdk/Contents/Home/jre/lib/libnio.dylib
0x0000000025a88000 	/System/Library/PrivateFrameworks/login.framework/Versions/A/login

VM Arguments:
jvm_args: -Dfile.encoding=UTF-8 
java_command: dentist.Login
java_class_path (initial): /Users/Wrok/git/dental_assignment/bin:/Users/Wrok/Desktop/mysql-connector-java-5.1.44/mysql-connector-java-5.1.44-bin.jar
Launcher Type: SUN_STANDARD

Environment Variables:
PATH=/usr/bin:/bin:/usr/sbin:/sbin
SHELL=/bin/bash

Signal Handlers:
SIGSEGV: [libjvm.dylib+0x5af145], sa_mask[0]=11111111011111110111111111111111, sa_flags=SA_ONSTACK|SA_RESTART|SA_SIGINFO
SIGBUS: [libjvm.dylib+0x5af145], sa_mask[0]=11111111011111110111111111111111, sa_flags=SA_RESTART|SA_SIGINFO
SIGFPE: [libjvm.dylib+0x48694c], sa_mask[0]=11111111011111110111111111111111, sa_flags=SA_RESTART|SA_SIGINFO
SIGPIPE: [libjvm.dylib+0x48694c], sa_mask[0]=11111111011111110111111111111111, sa_flags=SA_RESTART|SA_SIGINFO
SIGXFSZ: [libjvm.dylib+0x48694c], sa_mask[0]=11111111011111110111111111111111, sa_flags=SA_RESTART|SA_SIGINFO
SIGILL: [libjvm.dylib+0x48694c], sa_mask[0]=11111111011111110111111111111111, sa_flags=SA_RESTART|SA_SIGINFO
SIGUSR1: SIG_DFL, sa_mask[0]=00000000000000000000000000000000, sa_flags=none
SIGUSR2: [libjvm.dylib+0x48646a], sa_mask[0]=00100000000000000000000000000000, sa_flags=SA_RESTART|SA_SIGINFO
SIGHUP: [libjvm.dylib+0x484a41], sa_mask[0]=11111111011111110111111111111111, sa_flags=SA_RESTART|SA_SIGINFO
SIGINT: [libjvm.dylib+0x484a41], sa_mask[0]=11111111011111110111111111111111, sa_flags=SA_RESTART|SA_SIGINFO
SIGTERM: [libjvm.dylib+0x484a41], sa_mask[0]=11111111011111110111111111111111, sa_flags=SA_RESTART|SA_SIGINFO
SIGQUIT: [libjvm.dylib+0x484a41], sa_mask[0]=11111111011111110111111111111111, sa_flags=SA_RESTART|SA_SIGINFO


---------------  S Y S T E M  ---------------

OS:Bsduname:Darwin 17.0.0 Darwin Kernel Version 17.0.0: Thu Aug 24 21:48:19 PDT 2017; root:xnu-4570.1.46~2/RELEASE_X86_64 x86_64
rlimit: STACK 8192k, CORE 0k, NPROC 1418, NOFILE 10240, AS infinity
load average:3.56 3.66 3.62

CPU:total 8 (4 cores per cpu, 2 threads per core) family 6 model 70 stepping 1, cmov, cx8, fxsr, mmx, sse, sse2, sse3, ssse3, sse4.1, sse4.2, popcnt, avx, avx2, aes, clmul, erms, lzcnt, ht, tsc, tscinvbit, bmi1, bmi2

Memory: 4k page, physical 16777216k(975160k free)

/proc/meminfo:


vm_info: Java HotSpot(TM) 64-Bit Server VM (25.101-b13) for bsd-amd64 JRE (1.8.0_101-b13), built on Jun 22 2016 02:42:15 by "java_re" with gcc 4.2.1 (Based on Apple Inc. build 5658) (LLVM build 2336.11.00)

time: Thu Nov 23 23:01:07 2017
elapsed time: 8955 seconds (0d 2h 29m 15s)

